#
# A fatal error has been detected by the Java Runtime Environment:
#
#  EXCEPTION_ACCESS_VIOLATION (0xc0000005) at pc=0x00000000735ba691, pid=7200, tid=0x00000000000017d4
#
# JRE version: OpenJDK Runtime Environment (8.0_242-b01) (build 1.8.0_242-release-1644-b01)
# Java VM: OpenJDK 64-Bit Server VM (25.242-b01 mixed mode windows-amd64 compressed oops)
# Problematic frame:
# V  [jvm.dll+0x45a691]
#
# Failed to write core dump. Minidumps are not enabled by default on client versions of Windows
#
# If you would like to submit a bug report, please visit:
#   
#

---------------  T H R E A D  ---------------

Current thread (0x0000000018cb1800):  JavaThread "C2 CompilerThread2" daemon [_thread_in_native, id=6100, stack(0x0000000019770000,0x0000000019870000)]

siginfo: ExceptionCode=0xc0000005, reading address 0x000000019a80ae30

Registers:
RAX=0x000000001986c790, RBX=0x000000002eee1500, RCX=0x0000000023100830, RDX=0x000000002eee14c0
RSP=0x000000001986c540, RBP=0x000000001986c5a0, RSI=0x000000002eee14c0, RDI=0x0000000000000138
R8 =0x000000002eee14c8, R9 =0x000000002eee14c8, R10=0x000000001ee65878, R11=0x000000001ee658a0
R12=0x0000000000000000, R13=0x000000002eee1510, R14=0x000000001986c790, R15=0x00000000737ae3a0
RIP=0x00000000735ba691, EFLAGS=0x0000000000010293

Top of Stack: (sp=0x000000001986c540)
0x000000001986c540:   00000000226d4300 00000000226d40f8
0x000000001986c550:   00000000737ae3a0 000000001986c790
0x000000001986c560:   00000000226d4340 00000000226d40f8
0x000000001986c570:   0000000000000000 00000000735bcea3
0x000000001986c580:   000000001986c790 0000000022fb7118
0x000000001986c590:   00000000226d4300 000000002f00dce0
0x000000001986c5a0:   000000001986c678 000000001986c658
0x000000001986c5b0:   000000001986c790 00000000732281eb
0x000000001986c5c0:   0000000016e8dcc0 000000001bd55260
0x000000001986c5d0:   0000000000000000 000000001986c679
0x000000001986c5e0:   000000001986c790 00000000735bd3a9
0x000000001986c5f0:   000000002eedd888 000000002eed8230
0x000000001986c600:   000000002eed58a0 000000002f00bbb0
0x000000001986c610:   000000002f1d9228 000000002f1d9378
0x000000001986c620:   0000000000000000 0000000000000000
0x000000001986c630:   0000000000000000 0000000000000000 

Instructions: (pc=0x00000000735ba691)
0x00000000735ba671:   41 2c 24 0f 3c 08 75 09 49 8b 41 08 4c 8b 00 eb
0x00000000735ba681:   03 4d 8b c1 48 8b 45 10 41 8b 50 28 48 8b 48 68
0x00000000735ba691:   48 8b 04 d1 8b 48 68 3b cf 72 1c 75 0b 41 0f b6
0x00000000735ba6a1:   40 2c 24 0f 3c 0c 74 0f 49 8b c9 4d 8b e1 e8 4c 


Register to memory mapping:

RAX=0x000000001986c790 is pointing into the stack for thread: 0x0000000018cb1800
RBX=0x000000002eee1500 is an unknown value
RCX=0x0000000023100830 is an unknown value
RDX=0x000000002eee14c0 is an unknown value
RSP=0x000000001986c540 is pointing into the stack for thread: 0x0000000018cb1800
RBP=0x000000001986c5a0 is pointing into the stack for thread: 0x0000000018cb1800
RSI=0x000000002eee14c0 is an unknown value
RDI=0x0000000000000138 is an unknown value
R8 =0x000000002eee14c8 is an unknown value
R9 =0x000000002eee14c8 is an unknown value
R10=0x000000001ee65878 is an unknown value
R11=0x000000001ee658a0 is an unknown value
R12=0x0000000000000000 is an unknown value
R13=0x000000002eee1510 is an unknown value
R14=0x000000001986c790 is pointing into the stack for thread: 0x0000000018cb1800
R15=0x00000000737ae3a0 is an unknown value


Stack: [0x0000000019770000,0x0000000019870000],  sp=0x000000001986c540,  free space=1009k
Native frames: (J=compiled Java code, j=interpreted, Vv=VM code, C=native code)
V  [jvm.dll+0x45a691]
V  [jvm.dll+0x45cea3]
V  [jvm.dll+0x45d3a9]
V  [jvm.dll+0x45e12a]
V  [jvm.dll+0x4455cc]
V  [jvm.dll+0x447fa8]
V  [jvm.dll+0x42b072]
V  [jvm.dll+0x8230f]
V  [jvm.dll+0x82c7f]
V  [jvm.dll+0x220b7f]
V  [jvm.dll+0x27276a]
C  [msvcr100.dll+0x21d9f]
C  [msvcr100.dll+0x21e3b]
C  [KERNEL32.DLL+0x16fd4]
C  [ntdll.dll+0x4cec1]


Current CompileTask:
C2: 414170 13963       4       org.gradle.api.internal.artifacts.transform.AttributeMatchingVariantSelector::doSelect (491 bytes)


---------------  P R O C E S S  ---------------

Java Threads: ( => current thread )
  0x000000001e9d4800 JavaThread "jar transforms Thread 456" [_thread_blocked, id=9508, stack(0x000000002cd50000,0x000000002ce50000)]
  0x000000001e9cd800 JavaThread "jar transforms Thread 455" [_thread_blocked, id=4392, stack(0x000000002c420000,0x000000002c520000)]
  0x000000001e9cd000 JavaThread "jar transforms Thread 454" [_thread_blocked, id=6072, stack(0x000000002b320000,0x000000002b420000)]
  0x000000001e9d0800 JavaThread "jar transforms Thread 453" [_thread_blocked, id=7344, stack(0x000000002ae20000,0x000000002af20000)]
  0x000000001e9d1800 JavaThread "jar transforms Thread 452" [_thread_blocked, id=2236, stack(0x000000002ad20000,0x000000002ae20000)]
  0x000000001e9ce800 JavaThread "jar transforms Thread 451" [_thread_blocked, id=1000, stack(0x000000002ac20000,0x000000002ad20000)]
  0x000000001e9d0000 JavaThread "jar transforms Thread 450" [_thread_blocked, id=6056, stack(0x000000002ab20000,0x000000002ac20000)]
  0x000000001e9d3800 JavaThread "jar transforms Thread 449" [_thread_blocked, id=7020, stack(0x000000002aa20000,0x000000002ab20000)]
  0x000000001e9cf000 JavaThread "jar transforms Thread 448" [_thread_blocked, id=5648, stack(0x000000002a920000,0x000000002aa20000)]
  0x0000000022c1f000 JavaThread "jar transforms Thread 447" [_thread_blocked, id=6564, stack(0x000000002a820000,0x000000002a920000)]
  0x0000000022c1e800 JavaThread "jar transforms Thread 446" [_thread_blocked, id=7416, stack(0x000000002a720000,0x000000002a820000)]
  0x0000000022c1c000 JavaThread "jar transforms Thread 445" [_thread_blocked, id=1432, stack(0x000000002a620000,0x000000002a720000)]
  0x0000000022c1d800 JavaThread "jar transforms Thread 444" [_thread_blocked, id=9808, stack(0x000000002a520000,0x000000002a620000)]
  0x0000000022c1b800 JavaThread "jar transforms Thread 443" [_thread_blocked, id=3772, stack(0x000000002a420000,0x000000002a520000)]
  0x0000000022c1a800 JavaThread "jar transforms Thread 442" [_thread_blocked, id=9032, stack(0x000000002a320000,0x000000002a420000)]
  0x0000000022c1a000 JavaThread "jar transforms Thread 441" [_thread_blocked, id=6448, stack(0x000000002a220000,0x000000002a320000)]
  0x0000000022c19000 JavaThread "jar transforms Thread 440" [_thread_blocked, id=8560, stack(0x000000002a120000,0x000000002a220000)]
  0x0000000022c20000 JavaThread "jar transforms Thread 439" [_thread_blocked, id=9832, stack(0x000000002a020000,0x000000002a120000)]
  0x0000000022c1d000 JavaThread "jar transforms Thread 438" [_thread_blocked, id=9904, stack(0x0000000029f20000,0x000000002a020000)]
  0x000000001e595800 JavaThread "jar transforms Thread 437" [_thread_blocked, id=6184, stack(0x0000000029e20000,0x0000000029f20000)]
  0x000000001e595000 JavaThread "jar transforms Thread 436" [_thread_blocked, id=8208, stack(0x0000000029d20000,0x0000000029e20000)]
  0x000000001e592000 JavaThread "jar transforms Thread 435" [_thread_blocked, id=8948, stack(0x0000000029c20000,0x0000000029d20000)]
  0x000000001e591000 JavaThread "jar transforms Thread 434" [_thread_blocked, id=8916, stack(0x0000000029b20000,0x0000000029c20000)]
  0x000000001e594000 JavaThread "jar transforms Thread 433" [_thread_blocked, id=10160, stack(0x0000000029a20000,0x0000000029b20000)]
  0x000000001e593800 JavaThread "jar transforms Thread 432" [_thread_blocked, id=9468, stack(0x0000000029920000,0x0000000029a20000)]
  0x000000001e590800 JavaThread "jar transforms Thread 431" [_thread_blocked, id=4248, stack(0x0000000029820000,0x0000000029920000)]
  0x000000001e596800 JavaThread "jar transforms Thread 430" [_thread_blocked, id=9224, stack(0x0000000029720000,0x0000000029820000)]
  0x000000001e592800 JavaThread "jar transforms Thread 429" [_thread_blocked, id=9420, stack(0x0000000029620000,0x0000000029720000)]
  0x000000001e589000 JavaThread "jar transforms Thread 428" [_thread_blocked, id=8652, stack(0x0000000029520000,0x0000000029620000)]
  0x000000001e58f800 JavaThread "jar transforms Thread 427" [_thread_blocked, id=4596, stack(0x0000000029420000,0x0000000029520000)]
  0x000000001e588000 JavaThread "jar transforms Thread 426" [_thread_blocked, id=2260, stack(0x0000000029320000,0x0000000029420000)]
  0x000000001e58f000 JavaThread "jar transforms Thread 425" [_thread_blocked, id=1848, stack(0x0000000029220000,0x0000000029320000)]
  0x000000001e58c000 JavaThread "jar transforms Thread 424" [_thread_blocked, id=9784, stack(0x0000000029120000,0x0000000029220000)]
  0x000000001e58c800 JavaThread "jar transforms Thread 423" [_thread_blocked, id=7724, stack(0x0000000029020000,0x0000000029120000)]
  0x000000001e587800 JavaThread "jar transforms Thread 422" [_thread_blocked, id=6452, stack(0x0000000028f20000,0x0000000029020000)]
  0x000000001e58b000 JavaThread "jar transforms Thread 421" [_thread_blocked, id=8020, stack(0x0000000028e20000,0x0000000028f20000)]
  0x000000001e58a800 JavaThread "jar transforms Thread 420" [_thread_blocked, id=9356, stack(0x0000000028d20000,0x0000000028e20000)]
  0x000000001e58e000 JavaThread "jar transforms Thread 419" [_thread_blocked, id=1372, stack(0x0000000028c20000,0x0000000028d20000)]
  0x000000001e58d800 JavaThread "jar transforms Thread 418" [_thread_blocked, id=5796, stack(0x0000000028b20000,0x0000000028c20000)]
  0x000000001e589800 JavaThread "jar transforms Thread 417" [_thread_blocked, id=5900, stack(0x0000000028a20000,0x0000000028b20000)]
  0x000000001b79f800 JavaThread "jar transforms Thread 416" [_thread_blocked, id=10080, stack(0x0000000028920000,0x0000000028a20000)]
  0x000000001b79e000 JavaThread "jar transforms Thread 415" [_thread_blocked, id=10068, stack(0x0000000028820000,0x0000000028920000)]
  0x000000001b79c800 JavaThread "jar transforms Thread 414" [_thread_blocked, id=6344, stack(0x0000000028720000,0x0000000028820000)]
  0x000000001b79b000 JavaThread "jar transforms Thread 413" [_thread_blocked, id=7348, stack(0x0000000028620000,0x0000000028720000)]
  0x000000001b79d000 JavaThread "jar transforms Thread 412" [_thread_blocked, id=7964, stack(0x0000000028520000,0x0000000028620000)]
  0x0000000019fca800 JavaThread "jar transforms Thread 411" [_thread_blocked, id=8624, stack(0x0000000028420000,0x0000000028520000)]
  0x0000000019fca000 JavaThread "jar transforms Thread 410" [_thread_blocked, id=9692, stack(0x0000000028320000,0x0000000028420000)]
  0x0000000019fc9000 JavaThread "jar transforms Thread 409" [_thread_blocked, id=164, stack(0x0000000028220000,0x0000000028320000)]
  0x0000000019fc8800 JavaThread "jar transforms Thread 408" [_thread_blocked, id=9264, stack(0x0000000028120000,0x0000000028220000)]
  0x0000000019fc1000 JavaThread "jar transforms Thread 407" [_thread_blocked, id=2228, stack(0x0000000028020000,0x0000000028120000)]
  0x0000000019fc7000 JavaThread "jar transforms Thread 406" [_thread_blocked, id=10208, stack(0x0000000027f20000,0x0000000028020000)]
  0x0000000019fc7800 JavaThread "jar transforms Thread 405" [_thread_blocked, id=9552, stack(0x0000000027e20000,0x0000000027f20000)]
  0x0000000019fc6000 JavaThread "jar transforms Thread 404" [_thread_blocked, id=5516, stack(0x0000000027d20000,0x0000000027e20000)]
  0x0000000019fc5800 JavaThread "jar transforms Thread 403" [_thread_blocked, id=3384, stack(0x0000000027c20000,0x0000000027d20000)]
  0x0000000019fbe000 JavaThread "jar transforms Thread 402" [_thread_blocked, id=3828, stack(0x0000000027b20000,0x0000000027c20000)]
  0x0000000019fc4800 JavaThread "jar transforms Thread 401" [_thread_blocked, id=8340, stack(0x0000000027a20000,0x0000000027b20000)]
  0x0000000019fc4000 JavaThread "jar transforms Thread 400" [_thread_blocked, id=1088, stack(0x0000000027920000,0x0000000027a20000)]
  0x0000000019fbf800 JavaThread "jar transforms Thread 399" [_thread_blocked, id=3192, stack(0x0000000027820000,0x0000000027920000)]
  0x0000000019fc3000 JavaThread "jar transforms Thread 398" [_thread_blocked, id=10188, stack(0x0000000027720000,0x0000000027820000)]
  0x0000000019fc2800 JavaThread "jar transforms Thread 397" [_thread_blocked, id=3840, stack(0x0000000027620000,0x0000000027720000)]
  0x000000001a4b9800 JavaThread "jar transforms Thread 396" [_thread_blocked, id=9172, stack(0x0000000027520000,0x0000000027620000)]
  0x000000001a4b8000 JavaThread "jar transforms Thread 395" [_thread_blocked, id=2964, stack(0x0000000027420000,0x0000000027520000)]
  0x000000001a4b8800 JavaThread "jar transforms Thread 394" [_thread_blocked, id=7932, stack(0x0000000027320000,0x0000000027420000)]
  0x000000001a4bc800 JavaThread "jar transforms Thread 393" [_thread_blocked, id=9520, stack(0x0000000027220000,0x0000000027320000)]
  0x000000001a4ba000 JavaThread "jar transforms Thread 392" [_thread_blocked, id=8552, stack(0x0000000027120000,0x0000000027220000)]
  0x000000001a4bb000 JavaThread "jar transforms Thread 391" [_thread_blocked, id=3708, stack(0x0000000027020000,0x0000000027120000)]
  0x000000001a4bd000 JavaThread "jar transforms Thread 390" [_thread_blocked, id=4520, stack(0x0000000026f20000,0x0000000027020000)]
  0x000000001a4b0800 JavaThread "jar transforms Thread 389" [_thread_blocked, id=9448, stack(0x0000000026e20000,0x0000000026f20000)]
  0x000000001a4b7000 JavaThread "jar transforms Thread 388" [_thread_blocked, id=8956, stack(0x0000000026d20000,0x0000000026e20000)]
  0x000000001a4b2800 JavaThread "jar transforms Thread 387" [_thread_blocked, id=2584, stack(0x0000000026c20000,0x0000000026d20000)]
  0x000000001a4b6800 JavaThread "jar transforms Thread 386" [_thread_blocked, id=9524, stack(0x0000000026b20000,0x0000000026c20000)]
  0x000000001a4b1000 JavaThread "jar transforms Thread 385" [_thread_blocked, id=9924, stack(0x0000000026a20000,0x0000000026b20000)]
  0x000000001a4af800 JavaThread "jar transforms Thread 384" [_thread_blocked, id=9964, stack(0x0000000026920000,0x0000000026a20000)]
  0x000000001a4af000 JavaThread "jar transforms Thread 383" [_thread_blocked, id=9968, stack(0x0000000026820000,0x0000000026920000)]
  0x000000001a4b3800 JavaThread "jar transforms Thread 382" [_thread_blocked, id=9952, stack(0x0000000026720000,0x0000000026820000)]
  0x000000001a4b2000 JavaThread "jar transforms Thread 381" [_thread_blocked, id=9960, stack(0x0000000026620000,0x0000000026720000)]
  0x000000001a4b4000 JavaThread "jar transforms Thread 380" [_thread_blocked, id=9936, stack(0x0000000026520000,0x0000000026620000)]
  0x000000001e528800 JavaThread "jar transforms Thread 379" [_thread_blocked, id=9920, stack(0x0000000026420000,0x0000000026520000)]
  0x000000001e526800 JavaThread "jar transforms Thread 378" [_thread_blocked, id=4204, stack(0x0000000026320000,0x0000000026420000)]
  0x000000001e525800 JavaThread "jar transforms Thread 377" [_thread_blocked, id=9944, stack(0x0000000026220000,0x0000000026320000)]
  0x000000001e527000 JavaThread "jar transforms Thread 376" [_thread_blocked, id=7600, stack(0x0000000026120000,0x0000000026220000)]
  0x000000001e524000 JavaThread "jar transforms Thread 375" [_thread_blocked, id=9476, stack(0x0000000026020000,0x0000000026120000)]
  0x000000001e52b000 JavaThread "jar transforms Thread 374" [_thread_blocked, id=8156, stack(0x0000000025f20000,0x0000000026020000)]
  0x000000001e528000 JavaThread "jar transforms Thread 373" [_thread_blocked, id=3372, stack(0x0000000025e20000,0x0000000025f20000)]
  0x000000001e523800 JavaThread "jar transforms Thread 372" [_thread_blocked, id=8936, stack(0x0000000025d20000,0x0000000025e20000)]
  0x000000001e52a000 JavaThread "jar transforms Thread 371" [_thread_blocked, id=3632, stack(0x0000000025c20000,0x0000000025d20000)]
  0x000000001e529800 JavaThread "jar transforms Thread 370" [_thread_blocked, id=3260, stack(0x0000000025b20000,0x0000000025c20000)]
  0x000000001e525000 JavaThread "jar transforms Thread 369" [_thread_blocked, id=6652, stack(0x0000000025a20000,0x0000000025b20000)]
  0x000000001e51c000 JavaThread "jar transforms Thread 368" [_thread_blocked, id=5232, stack(0x0000000025920000,0x0000000025a20000)]
  0x000000001e522800 JavaThread "jar transforms Thread 367" [_thread_blocked, id=5712, stack(0x0000000025820000,0x0000000025920000)]
  0x000000001e51e000 JavaThread "jar transforms Thread 366" [_thread_blocked, id=4924, stack(0x0000000025720000,0x0000000025820000)]
  0x000000001e522000 JavaThread "jar transforms Thread 365" [_thread_blocked, id=8080, stack(0x0000000025620000,0x0000000025720000)]
  0x000000001e521000 JavaThread "jar transforms Thread 364" [_thread_blocked, id=9460, stack(0x0000000025520000,0x0000000025620000)]
  0x000000001e51f800 JavaThread "jar transforms Thread 363" [_thread_blocked, id=9980, stack(0x0000000025420000,0x0000000025520000)]
  0x000000002237f800 JavaThread "jar transforms Thread 362" [_thread_blocked, id=8864, stack(0x0000000025320000,0x0000000025420000)]
  0x000000002237e000 JavaThread "jar transforms Thread 361" [_thread_blocked, id=8824, stack(0x0000000025220000,0x0000000025320000)]
  0x000000002237c800 JavaThread "jar transforms Thread 360" [_thread_blocked, id=5836, stack(0x0000000025120000,0x0000000025220000)]
  0x000000002237b800 JavaThread "jar transforms Thread 359" [_thread_blocked, id=9268, stack(0x0000000025020000,0x0000000025120000)]
  0x000000002237d000 JavaThread "jar transforms Thread 358" [_thread_blocked, id=2192, stack(0x0000000024f20000,0x0000000025020000)]
  0x000000002237b000 JavaThread "jar transforms Thread 357" [_thread_blocked, id=6340, stack(0x0000000024e20000,0x0000000024f20000)]
  0x000000002237e800 JavaThread "jar transforms Thread 356" [_thread_blocked, id=1368, stack(0x0000000024d20000,0x0000000024e20000)]
  0x000000002237a000 JavaThread "jar transforms Thread 355" [_thread_blocked, id=9332, stack(0x0000000024c20000,0x0000000024d20000)]
  0x0000000022372800 JavaThread "jar transforms Thread 354" [_thread_blocked, id=10112, stack(0x0000000024b20000,0x0000000024c20000)]
  0x0000000022379800 JavaThread "jar transforms Thread 353" [_thread_blocked, id=9640, stack(0x0000000024a20000,0x0000000024b20000)]
  0x0000000022372000 JavaThread "jar transforms Thread 352" [_thread_blocked, id=8632, stack(0x0000000024920000,0x0000000024a20000)]
  0x0000000022378800 JavaThread "jar transforms Thread 351" [_thread_blocked, id=9744, stack(0x0000000024820000,0x0000000024920000)]
  0x0000000022378000 JavaThread "jar transforms Thread 350" [_thread_blocked, id=9132, stack(0x0000000024720000,0x0000000024820000)]
  0x0000000022370800 JavaThread "jar transforms Thread 349" [_thread_blocked, id=9888, stack(0x0000000024620000,0x0000000024720000)]
  0x0000000022375000 JavaThread "jar transforms Thread 348" [_thread_blocked, id=1712, stack(0x0000000024520000,0x0000000024620000)]
  0x0000000022376800 JavaThread "jar transforms Thread 347" [_thread_blocked, id=1516, stack(0x0000000024420000,0x0000000024520000)]
  0x0000000022374000 JavaThread "jar transforms Thread 346" [_thread_blocked, id=9836, stack(0x0000000024320000,0x0000000024420000)]
  0x0000000022377000 JavaThread "jar transforms Thread 345" [_thread_blocked, id=8588, stack(0x0000000024220000,0x0000000024320000)]
  0x0000000022373800 JavaThread "jar transforms Thread 344" [_thread_blocked, id=8120, stack(0x0000000023c20000,0x0000000023d20000)]
  0x0000000020b9d000 JavaThread "jar transforms Thread 343" [_thread_blocked, id=10036, stack(0x0000000023b20000,0x0000000023c20000)]
  0x0000000020b98800 JavaThread "Daemon worker Thread 4" [_thread_blocked, id=9352, stack(0x000000001ce90000,0x000000001cf90000)]
  0x0000000020b96800 JavaThread "Daemon Thread 4" [_thread_blocked, id=4268, stack(0x00000000013d0000,0x00000000014d0000)]
  0x000000001a4b5800 JavaThread "Memory manager" [_thread_blocked, id=6796, stack(0x000000002c550000,0x000000002c650000)]
  0x000000001b7a0000 JavaThread "Cache worker for file content cache (C:\Users\ASUS\.gradle\caches\6.5\fileContent)" [_thread_blocked, id=4016, stack(0x0000000021e50000,0x0000000021f50000)]
  0x000000001b79e800 JavaThread "Cache worker for execution history cache (C:\Users\ASUS\.gradle\caches\6.5\executionHistory)" [_thread_blocked, id=5928, stack(0x0000000021500000,0x0000000021600000)]
  0x000000001b7a1800 JavaThread "Cache worker for file hash cache (C:\Users\ASUS\.gradle\caches\6.5\fileHashes)" [_thread_blocked, id=7712, stack(0x000000001db90000,0x000000001dc90000)]
  0x000000001b79b800 JavaThread "File lock request listener" [_thread_in_native, id=600, stack(0x000000001da90000,0x000000001db90000)]
  0x000000001bb35800 JavaThread "Cache worker for journal cache (C:\Users\ASUS\.gradle\caches\journal-1)" [_thread_blocked, id=2280, stack(0x000000001d990000,0x000000001da90000)]
  0x000000001b702000 JavaThread "Daemon periodic checks" [_thread_blocked, id=1192, stack(0x000000001cd90000,0x000000001ce90000)]
  0x000000001b6ff000 JavaThread "Incoming local TCP Connector on port 49829" [_thread_in_native, id=9168, stack(0x000000001cb50000,0x000000001cc50000)]
  0x000000001b6b8000 JavaThread "Daemon health stats" [_thread_blocked, id=6580, stack(0x000000001c510000,0x000000001c610000)]
  0x0000000018d31800 JavaThread "Service Thread" daemon [_thread_blocked, id=3928, stack(0x0000000019970000,0x0000000019a70000)]
  0x0000000018cb8800 JavaThread "C1 CompilerThread3" daemon [_thread_blocked, id=8928, stack(0x0000000019870000,0x0000000019970000)]
=>0x0000000018cb1800 JavaThread "C2 CompilerThread2" daemon [_thread_in_native, id=6100, stack(0x0000000019770000,0x0000000019870000)]
  0x0000000018ca7000 JavaThread "C2 CompilerThread1" daemon [_thread_blocked, id=7292, stack(0x0000000019670000,0x0000000019770000)]
  0x0000000016e89000 JavaThread "C2 CompilerThread0" daemon [_thread_in_native, id=6112, stack(0x0000000019570000,0x0000000019670000)]
  0x0000000018ca2800 JavaThread "Attach Listener" daemon [_thread_blocked, id=8112, stack(0x0000000019470000,0x0000000019570000)]
  0x0000000018ca6800 JavaThread "Signal Dispatcher" daemon [_thread_blocked, id=4788, stack(0x0000000019370000,0x0000000019470000)]
  0x0000000018c91800 JavaThread "Finalizer" daemon [_thread_blocked, id=1612, stack(0x0000000019170000,0x0000000019270000)]
  0x0000000018c90800 JavaThread "Reference Handler" daemon [_thread_blocked, id=6264, stack(0x0000000019070000,0x0000000019170000)]
  0x0000000002e2e000 JavaThread "main" [_thread_blocked, id=8336, stack(0x0000000002ec0000,0x0000000002fc0000)]

Other Threads:
  0x0000000016e78000 VMThread [stack: 0x0000000018b70000,0x0000000018c70000] [id=2740]
  0x0000000018d32800 WatcherThread [stack: 0x0000000019a70000,0x0000000019b70000] [id=8520]

VM state:not at safepoint (normal execution)

VM Mutex/Monitor currently owned by a thread: None

heap address: 0x00000000a0000000, size: 1536 MB, Compressed Oops mode: 32-bit
Narrow klass base: 0x0000000000000000, Narrow klass shift: 3
Compressed class space size: 1073741824 Address: 0x0000000100000000

Heap:
 PSYoungGen      total 439296K, used 305722K [0x00000000e0000000, 0x00000000fea80000, 0x0000000100000000)
  eden space 407040K, 73% used [0x00000000e0000000,0x00000000f2322990,0x00000000f8d80000)
  from space 32256K, 23% used [0x00000000f8d80000,0x00000000f94ec010,0x00000000fad00000)
  to   space 31744K, 0% used [0x00000000fcb80000,0x00000000fcb80000,0x00000000fea80000)
 ParOldGen       total 176640K, used 81619K [0x00000000a0000000, 0x00000000aac80000, 0x00000000e0000000)
  object space 176640K, 46% used [0x00000000a0000000,0x00000000a4fb4f30,0x00000000aac80000)
 Metaspace       used 76833K, capacity 80678K, committed 80920K, reserved 1120256K
  class space    used 10045K, capacity 10800K, committed 10800K, reserved 1048576K

Card table byte_map: [0x0000000012480000,0x0000000012790000] byte_map_base: 0x0000000011f80000

Marking Bits: (ParMarkBitMap*) 0x000000007392f030
 Begin Bits: [0x0000000013190000, 0x0000000014990000)
 End Bits:   [0x0000000014990000, 0x0000000016190000)

Polling page: 0x00000000015b0000

CodeCache: size=245760Kb used=38304Kb max_used=38311Kb free=207455Kb
 bounds [0x00000000030c0000, 0x0000000005670000, 0x00000000120c0000]
 total_blobs=12286 nmethods=11477 adapters=721
 compilation: enabled

Compilation events (10 events):
Event: 413.966 Thread 0x0000000018cb8800 14037       3       org.gradle.api.internal.tasks.properties.bean.IterableRuntimeBeanNode::visitNode (68 bytes)
Event: 413.967 Thread 0x0000000018cb8800 nmethod 14037 0x0000000005631590 code [0x00000000056317c0, 0x0000000005632448]
Event: 413.972 Thread 0x0000000018cb8800 14038       3       java.util.Collections$SetFromMap::isEmpty (10 bytes)
Event: 413.972 Thread 0x0000000018cb8800 nmethod 14038 0x000000000564e410 code [0x000000000564e580, 0x000000000564e7a8]
Event: 413.976 Thread 0x0000000018ca7000 nmethod 13977 0x0000000005655650 code [0x0000000005655800, 0x0000000005655f78]
Event: 413.977 Thread 0x0000000018cb8800 14039       3       java.io.StringWriter::append (6 bytes)
Event: 413.978 Thread 0x0000000018cb8800 nmethod 14039 0x000000000564f850 code [0x000000000564fa20, 0x0000000005650388]
Event: 413.978 Thread 0x0000000018cb8800 14040       3       java.io.StringWriter::append (25 bytes)
Event: 413.979 Thread 0x0000000018cb8800 nmethod 14040 0x00000000056307d0 code [0x0000000005630980, 0x0000000005631268]
Event: 413.979 Thread 0x0000000018cb8800 14041       3       java.io.StringWriter::write (11 bytes)

GC Heap History (10 events):
Event: 90.753 GC heap before
{Heap before GC invocations=14 (full 3):
 PSYoungGen      total 344576K, used 344567K [0x00000000e0000000, 0x00000000f7600000, 0x0000000100000000)
  eden space 322048K, 100% used [0x00000000e0000000,0x00000000f3a80000,0x00000000f3a80000)
  from space 22528K, 99% used [0x00000000f5380000,0x00000000f697de08,0x00000000f6980000)
  to   space 25600K, 0% used [0x00000000f3a80000,0x00000000f3a80000,0x00000000f5380000)
 ParOldGen       total 176640K, used 41225K [0x00000000a0000000, 0x00000000aac80000, 0x00000000e0000000)
  object space 176640K, 23% used [0x00000000a0000000,0x00000000a2842508,0x00000000aac80000)
 Metaspace       used 71664K, capacity 74940K, committed 75160K, reserved 1114112K
  class space    used 9735K, capacity 10415K, committed 10416K, reserved 1048576K
Event: 90.787 GC heap after
Heap after GC invocations=14 (full 3):
 PSYoungGen      total 347648K, used 22338K [0x00000000e0000000, 0x00000000fab00000, 0x0000000100000000)
  eden space 322048K, 0% used [0x00000000e0000000,0x00000000e0000000,0x00000000f3a80000)
  from space 25600K, 87% used [0x00000000f3a80000,0x00000000f5050b08,0x00000000f5380000)
  to   space 28160K, 0% used [0x00000000f8f80000,0x00000000f8f80000,0x00000000fab00000)
 ParOldGen       total 176640K, used 56731K [0x00000000a0000000, 0x00000000aac80000, 0x00000000e0000000)
  object space 176640K, 32% used [0x00000000a0000000,0x00000000a3766dc8,0x00000000aac80000)
 Metaspace       used 71664K, capacity 74940K, committed 75160K, reserved 1114112K
  class space    used 9735K, capacity 10415K, committed 10416K, reserved 1048576K
}
Event: 215.041 GC heap before
{Heap before GC invocations=15 (full 3):
 PSYoungGen      total 347648K, used 344386K [0x00000000e0000000, 0x00000000fab00000, 0x0000000100000000)
  eden space 322048K, 100% used [0x00000000e0000000,0x00000000f3a80000,0x00000000f3a80000)
  from space 25600K, 87% used [0x00000000f3a80000,0x00000000f5050b08,0x00000000f5380000)
  to   space 28160K, 0% used [0x00000000f8f80000,0x00000000f8f80000,0x00000000fab00000)
 ParOldGen       total 176640K, used 56731K [0x00000000a0000000, 0x00000000aac80000, 0x00000000e0000000)
  object space 176640K, 32% used [0x00000000a0000000,0x00000000a3766dc8,0x00000000aac80000)
 Metaspace       used 75437K, capacity 78936K, committed 79128K, reserved 1118208K
  class space    used 9979K, capacity 10689K, committed 10800K, reserved 1048576K
Event: 215.073 GC heap after
Heap after GC invocations=15 (full 3):
 PSYoungGen      total 398336K, used 28144K [0x00000000e0000000, 0x00000000fab00000, 0x0000000100000000)
  eden space 370176K, 0% used [0x00000000e0000000,0x00000000e0000000,0x00000000f6980000)
  from space 28160K, 99% used [0x00000000f8f80000,0x00000000faafc050,0x00000000fab00000)
  to   space 33280K, 0% used [0x00000000f6a00000,0x00000000f6a00000,0x00000000f8a80000)
 ParOldGen       total 176640K, used 60543K [0x00000000a0000000, 0x00000000aac80000, 0x00000000e0000000)
  object space 176640K, 34% used [0x00000000a0000000,0x00000000a3b1fd18,0x00000000aac80000)
 Metaspace       used 75437K, capacity 78936K, committed 79128K, reserved 1118208K
  class space    used 9979K, capacity 10689K, committed 10800K, reserved 1048576K
}
Event: 233.593 GC heap before
{Heap before GC invocations=16 (full 3):
 PSYoungGen      total 398336K, used 398320K [0x00000000e0000000, 0x00000000fab00000, 0x0000000100000000)
  eden space 370176K, 100% used [0x00000000e0000000,0x00000000f6980000,0x00000000f6980000)
  from space 28160K, 99% used [0x00000000f8f80000,0x00000000faafc050,0x00000000fab00000)
  to   space 33280K, 0% used [0x00000000f6a00000,0x00000000f6a00000,0x00000000f8a80000)
 ParOldGen       total 176640K, used 60543K [0x00000000a0000000, 0x00000000aac80000, 0x00000000e0000000)
  object space 176640K, 34% used [0x00000000a0000000,0x00000000a3b1fd18,0x00000000aac80000)
 Metaspace       used 75905K, capacity 79478K, committed 79640K, reserved 1118208K
  class space    used 9988K, capacity 10702K, committed 10800K, reserved 1048576K
Event: 233.613 GC heap after
Heap after GC invocations=16 (full 3):
 PSYoungGen      total 403968K, used 7168K [0x00000000e0000000, 0x00000000fd700000, 0x0000000100000000)
  eden space 370688K, 0% used [0x00000000e0000000,0x00000000e0000000,0x00000000f6a00000)
  from space 33280K, 21% used [0x00000000f6a00000,0x00000000f7100000,0x00000000f8a80000)
  to   space 33280K, 0% used [0x00000000fb680000,0x00000000fb680000,0x00000000fd700000)
 ParOldGen       total 176640K, used 81603K [0x00000000a0000000, 0x00000000aac80000, 0x00000000e0000000)
  object space 176640K, 46% used [0x00000000a0000000,0x00000000a4fb0f30,0x00000000aac80000)
 Metaspace       used 75905K, capacity 79478K, committed 79640K, reserved 1118208K
  class space    used 9988K, capacity 10702K, committed 10800K, reserved 1048576K
}
Event: 298.794 GC heap before
{Heap before GC invocations=17 (full 3):
 PSYoungGen      total 403968K, used 377856K [0x00000000e0000000, 0x00000000fd700000, 0x0000000100000000)
  eden space 370688K, 100% used [0x00000000e0000000,0x00000000f6a00000,0x00000000f6a00000)
  from space 33280K, 21% used [0x00000000f6a00000,0x00000000f7100000,0x00000000f8a80000)
  to   space 33280K, 0% used [0x00000000fb680000,0x00000000fb680000,0x00000000fd700000)
 ParOldGen       total 176640K, used 81603K [0x00000000a0000000, 0x00000000aac80000, 0x00000000e0000000)
  object space 176640K, 46% used [0x00000000a0000000,0x00000000a4fb0f30,0x00000000aac80000)
 Metaspace       used 76427K, capacity 80154K, committed 80408K, reserved 1118208K
  class space    used 10027K, capacity 10770K, committed 10800K, reserved 1048576K
Event: 298.805 GC heap after
Heap after GC invocations=17 (full 3):
 PSYoungGen      total 429568K, used 7216K [0x00000000e0000000, 0x00000000fcc80000, 0x0000000100000000)
  eden space 407040K, 0% used [0x00000000e0000000,0x00000000e0000000,0x00000000f8d80000)
  from space 22528K, 32% used [0x00000000fb680000,0x00000000fbd8c010,0x00000000fcc80000)
  to   space 32256K, 0% used [0x00000000f8d80000,0x00000000f8d80000,0x00000000fad00000)
 ParOldGen       total 176640K, used 81611K [0x00000000a0000000, 0x00000000aac80000, 0x00000000e0000000)
  object space 176640K, 46% used [0x00000000a0000000,0x00000000a4fb2f30,0x00000000aac80000)
 Metaspace       used 76427K, capacity 80154K, committed 80408K, reserved 1118208K
  class space    used 10027K, capacity 10770K, committed 10800K, reserved 1048576K
}
Event: 413.109 GC heap before
{Heap before GC invocations=18 (full 3):
 PSYoungGen      total 429568K, used 414256K [0x00000000e0000000, 0x00000000fcc80000, 0x0000000100000000)
  eden space 407040K, 100% used [0x00000000e0000000,0x00000000f8d80000,0x00000000f8d80000)
  from space 22528K, 32% used [0x00000000fb680000,0x00000000fbd8c010,0x00000000fcc80000)
  to   space 32256K, 0% used [0x00000000f8d80000,0x00000000f8d80000,0x00000000fad00000)
 ParOldGen       total 176640K, used 81611K [0x00000000a0000000, 0x00000000aac80000, 0x00000000e0000000)
  object space 176640K, 46% used [0x00000000a0000000,0x00000000a4fb2f30,0x00000000aac80000)
 Metaspace       used 76760K, capacity 80678K, committed 80920K, reserved 1120256K
  class space    used 10045K, capacity 10800K, committed 10800K, reserved 1048576K
Event: 413.122 GC heap after
Heap after GC invocations=18 (full 3):
 PSYoungGen      total 439296K, used 7600K [0x00000000e0000000, 0x00000000fea80000, 0x0000000100000000)
  eden space 407040K, 0% used [0x00000000e0000000,0x00000000e0000000,0x00000000f8d80000)
  from space 32256K, 23% used [0x00000000f8d80000,0x00000000f94ec010,0x00000000fad00000)
  to   space 31744K, 0% used [0x00000000fcb80000,0x00000000fcb80000,0x00000000fea80000)
 ParOldGen       total 176640K, used 81619K [0x00000000a0000000, 0x00000000aac80000, 0x00000000e0000000)
  object space 176640K, 46% used [0x00000000a0000000,0x00000000a4fb4f30,0x00000000aac80000)
 Metaspace       used 76760K, capacity 80678K, committed 80920K, reserved 1120256K
  class space    used 10045K, capacity 10800K, committed 10800K, reserved 1048576K
}

Deoptimization events (10 events):
Event: 299.782 Thread 0x000000001e58b000 Uncommon trap: reason=class_check action=maybe_recompile pc=0x0000000004d15cf4 method=org.gradle.internal.fingerprint.classpath.impl.ClasspathFingerprintingStrategy$ClasspathContentFingerprintingVisitor.visitFile(Lorg/gradle/internal/snapshot/CompleteFile
Event: 299.782 Thread 0x000000001e58b000 Uncommon trap: reason=class_check action=maybe_recompile pc=0x00000000040b7bd8 method=org.gradle.internal.fingerprint.impl.DefaultCurrentFileCollectionFingerprint.from(Ljava/lang/Iterable;Lorg/gradle/internal/fingerprint/FingerprintingStrategy;)Lorg/gradl
Event: 412.529 Thread 0x000000001b6ff000 Uncommon trap: reason=class_check action=maybe_recompile pc=0x0000000004c36c04 method=sun.nio.ch.IOUtil.write(Ljava/io/FileDescriptor;Ljava/nio/ByteBuffer;JLsun/nio/ch/NativeDispatcher;)I @ 1
Event: 412.604 Thread 0x0000000020b9f800 Uncommon trap: reason=unstable_if action=reinterpret pc=0x0000000003d80e74 method=java.util.concurrent.ConcurrentHashMap.putVal(Ljava/lang/Object;Ljava/lang/Object;Z)Ljava/lang/Object; @ 113
Event: 412.655 Thread 0x0000000020b98800 Uncommon trap: reason=bimorphic action=maybe_recompile pc=0x0000000004c13a00 method=org.gradle.internal.fingerprint.impl.DefaultFileCollectionSnapshotter$SnapshottingVisitor.visitCollection(Lorg/gradle/api/internal/file/FileCollectionInternal$Source;Ljava
Event: 412.720 Thread 0x0000000020b98800 Uncommon trap: reason=bimorphic action=maybe_recompile pc=0x000000000425d394 method=org.codehaus.groovy.util.SingleKeyHashMap.get(Ljava/lang/Object;)Ljava/lang/Object; @ 43
Event: 413.316 Thread 0x0000000020b9f800 Uncommon trap: reason=class_check action=maybe_recompile pc=0x0000000004d4e340 method=com.google.common.cache.LocalCache$Segment.get(Ljava/lang/Object;ILcom/google/common/cache/CacheLoader;)Ljava/lang/Object; @ 108
Event: 413.418 Thread 0x000000001e9da800 Uncommon trap: reason=class_check action=maybe_recompile pc=0x0000000004bddd48 method=org.gradle.api.internal.artifacts.transform.AttributeMatchingVariantSelector.disambiguateWithSchema(Lorg/gradle/internal/component/model/AttributeMatcher;Ljava/util/List
Event: 413.594 Thread 0x0000000020b9b800 Uncommon trap: reason=unstable_if action=reinterpret pc=0x0000000004173ce4 method=com.google.common.collect.MapMakerInternalMap$Segment.put(Ljava/lang/Object;ILjava/lang/Object;Z)Ljava/lang/Object; @ 97
Event: 413.979 Thread 0x0000000020b98800 Uncommon trap: reason=bimorphic action=maybe_recompile pc=0x0000000003cf7080 method=java.util.HashMap.removeNode(ILjava/lang/Object;Ljava/lang/Object;ZZ)Ljava/util/HashMap$Node; @ 143

Classes redefined (0 events):
No events

Internal exceptions (10 events):
Event: 298.382 Thread 0x0000000020b92000 Implicit null exception at 0x00000000051c3123 to 0x00000000051c324d
Event: 298.508 Thread 0x0000000020b92000 Exception <a 'sun/nio/fs/WindowsException'> (0x00000000f504a600) thrown at [C:\src\AOSP-openjdk-git\hotspot\src\share\vm\prims\jni.cpp, line 710]
Event: 298.946 Thread 0x0000000020b9b000 Implicit null exception at 0x0000000004856fac to 0x0000000004857669
Event: 299.120 Thread 0x0000000020b9e000 Implicit null exception at 0x0000000004b9bb3c to 0x0000000004b9bbf3
Event: 299.563 Thread 0x0000000019c22000 Exception <a 'sun/nio/fs/WindowsException'> (0x00000000ee1e8988) thrown at [C:\src\AOSP-openjdk-git\hotspot\src\share\vm\prims\jni.cpp, line 710]
Event: 299.563 Thread 0x0000000019c22000 Exception <a 'sun/nio/fs/WindowsException'> (0x00000000ee1e96a0) thrown at [C:\src\AOSP-openjdk-git\hotspot\src\share\vm\prims\jni.cpp, line 710]
Event: 412.676 Thread 0x0000000020b98800 Exception <a 'sun/nio/fs/WindowsException'> (0x00000000f54180c8) thrown at [C:\src\AOSP-openjdk-git\hotspot\src\share\vm\prims\jni.cpp, line 710]
Event: 412.840 Thread 0x0000000020b98800 Exception <a 'sun/nio/fs/WindowsException'> (0x00000000f60b1db8) thrown at [C:\src\AOSP-openjdk-git\hotspot\src\share\vm\prims\jni.cpp, line 710]
Event: 413.796 Thread 0x000000001e9d9800 Exception <a 'sun/nio/fs/WindowsException'> (0x00000000ec8eaff8) thrown at [C:\src\AOSP-openjdk-git\hotspot\src\share\vm\prims\jni.cpp, line 710]
Event: 413.796 Thread 0x000000001e9d9800 Exception <a 'sun/nio/fs/WindowsException'> (0x00000000ec8ebd10) thrown at [C:\src\AOSP-openjdk-git\hotspot\src\share\vm\prims\jni.cpp, line 710]

Events (10 events):
Event: 413.976 Executing VM operation: BulkRevokeBias done
Event: 413.978 Executing VM operation: RevokeBias
Event: 413.978 Executing VM operation: RevokeBias done
Event: 413.978 Executing VM operation: RevokeBias
Event: 413.979 Executing VM operation: RevokeBias done
Event: 413.979 Executing VM operation: RevokeBias
Event: 413.979 Executing VM operation: RevokeBias done
Event: 413.979 Thread 0x0000000020b98800 Uncommon trap: trap_request=0xffffffc6 fr.pc=0x0000000003cf7080
Event: 413.979 Thread 0x0000000020b98800 DEOPT PACKING pc=0x0000000003cf7080 sp=0x000000001cf8ce50
Event: 413.979 Thread 0x0000000020b98800 DEOPT UNPACKING pc=0x000000000310557b sp=0x000000001cf8cd48 mode 2


Dynamic libraries:
0x00007ff6731a0000 - 0x00007ff6731d1000 	C:\Program Files\Android\Android Studio\jre\bin\java.exe
0x00007fff55410000 - 0x00007fff55605000 	C:\Windows\SYSTEM32\ntdll.dll
0x00007fff54410000 - 0x00007fff544cd000 	C:\Windows\System32\KERNEL32.DLL
0x00007fff52e30000 - 0x00007fff530f7000 	C:\Windows\System32\KERNELBASE.dll
0x00007fff55310000 - 0x00007fff553ba000 	C:\Windows\System32\ADVAPI32.dll
0x00007fff544d0000 - 0x00007fff5456e000 	C:\Windows\System32\msvcrt.dll
0x00007fff55270000 - 0x00007fff5530b000 	C:\Windows\System32\sechost.dll
0x00007fff537d0000 - 0x00007fff538f4000 	C:\Windows\System32\RPCRT4.dll
0x00007fff539c0000 - 0x00007fff53b60000 	C:\Windows\System32\USER32.dll
0x00007fff53440000 - 0x00007fff53462000 	C:\Windows\System32\win32u.dll
0x00007fff53500000 - 0x00007fff5352a000 	C:\Windows\System32\GDI32.dll
0x00007fff532e0000 - 0x00007fff533e9000 	C:\Windows\System32\gdi32full.dll
0x00007fff52c00000 - 0x00007fff52c9d000 	C:\Windows\System32\msvcp_win.dll
0x00007fff52d00000 - 0x00007fff52e00000 	C:\Windows\System32\ucrtbase.dll
0x00007fff39150000 - 0x00007fff393eb000 	C:\Windows\WinSxS\amd64_microsoft.windows.common-controls_6595b64144ccf1df_6.0.19041.488_none_ca04af081b815d21\COMCTL32.dll
0x00007fff536e0000 - 0x00007fff53710000 	C:\Windows\System32\IMM32.DLL
0x0000000072fa0000 - 0x0000000073072000 	C:\Program Files\Android\Android Studio\jre\jre\bin\msvcr100.dll
0x0000000073160000 - 0x00000000739ab000 	C:\Program Files\Android\Android Studio\jre\jre\bin\server\jvm.dll
0x00007fff53900000 - 0x00007fff53908000 	C:\Windows\System32\PSAPI.DLL
0x00007fff4d2c0000 - 0x00007fff4d2c9000 	C:\Windows\SYSTEM32\WSOCK32.dll
0x00007fff4bfa0000 - 0x00007fff4bfaa000 	C:\Windows\SYSTEM32\VERSION.dll
0x00007fff37f50000 - 0x00007fff37f77000 	C:\Windows\SYSTEM32\WINMM.dll
0x00007fff53bf0000 - 0x00007fff53c5b000 	C:\Windows\System32\WS2_32.dll
0x00007fff4a870000 - 0x00007fff4a87f000 	C:\Program Files\Android\Android Studio\jre\jre\bin\verify.dll
0x00007fff4a840000 - 0x00007fff4a869000 	C:\Program Files\Android\Android Studio\jre\jre\bin\java.dll
0x00007fff46bd0000 - 0x00007fff46be6000 	C:\Program Files\Android\Android Studio\jre\jre\bin\zip.dll
0x00007fff53cc0000 - 0x00007fff54401000 	C:\Windows\System32\SHELL32.dll
0x00007fff50c90000 - 0x00007fff51423000 	C:\Windows\SYSTEM32\windows.storage.dll
0x00007fff54f10000 - 0x00007fff55265000 	C:\Windows\System32\combase.dll
0x00007fff524f0000 - 0x00007fff5251c000 	C:\Windows\SYSTEM32\Wldp.dll
0x00007fff53530000 - 0x00007fff535de000 	C:\Windows\System32\SHCORE.dll
0x00007fff53770000 - 0x00007fff537c5000 	C:\Windows\System32\shlwapi.dll
0x00007fff52a80000 - 0x00007fff52aa6000 	C:\Windows\SYSTEM32\profapi.dll
0x00007fff38900000 - 0x00007fff3891a000 	C:\Program Files\Android\Android Studio\jre\jre\bin\net.dll
0x00007fff52270000 - 0x00007fff522da000 	C:\Windows\system32\mswsock.dll
0x00007fff388e0000 - 0x00007fff388f3000 	C:\Program Files\Android\Android Studio\jre\jre\bin\nio.dll
0x00007fff2a7f0000 - 0x00007fff2a817000 	C:\Users\ASUS\.gradle\native\f6784746aeab05261644944871eae4fe03e0ef1612fff0a4a95f87b438bc6780\windows-amd64\native-platform.dll
0x00007fff373e0000 - 0x00007fff373ed000 	C:\Program Files\Android\Android Studio\jre\jre\bin\management.dll
0x00007fff52440000 - 0x00007fff52458000 	C:\Windows\SYSTEM32\CRYPTSP.dll
0x00007fff51c00000 - 0x00007fff51c34000 	C:\Windows\system32\rsaenh.dll
0x00007fff52e00000 - 0x00007fff52e27000 	C:\Windows\System32\bcrypt.dll
0x00007fff529d0000 - 0x00007fff529fe000 	C:\Windows\SYSTEM32\USERENV.dll
0x00007fff53100000 - 0x00007fff5317f000 	C:\Windows\System32\bcryptprimitives.dll
0x00007fff52460000 - 0x00007fff5246c000 	C:\Windows\SYSTEM32\CRYPTBASE.dll
0x00007fff51f60000 - 0x00007fff51f9b000 	C:\Windows\SYSTEM32\IPHLPAPI.DLL
0x00007fff53be0000 - 0x00007fff53be9000 	C:\Windows\System32\NSI.dll
0x00007fff4ad10000 - 0x00007fff4ad27000 	C:\Windows\SYSTEM32\dhcpcsvc6.DLL
0x00007fff4c150000 - 0x00007fff4c16d000 	C:\Windows\SYSTEM32\dhcpcsvc.DLL
0x00007fff51fa0000 - 0x00007fff5206b000 	C:\Windows\SYSTEM32\DNSAPI.dll
0x00007fff4bea0000 - 0x00007fff4beab000 	C:\Windows\SYSTEM32\WINNSI.DLL
0x00007fff507a0000 - 0x00007fff50984000 	C:\Windows\SYSTEM32\dbghelp.dll

VM Arguments:
jvm_args: -Xmx1536m -Dfile.encoding=windows-1252 -Duser.country=US -Duser.language=en -Duser.variant 
java_command: org.gradle.launcher.daemon.bootstrap.GradleDaemon 6.5
java_class_path (initial): C:\Users\ASUS\.gradle\wrapper\dists\gradle-6.5-all\2oz4ud9k3tuxjg84bbf55q0tn\gradle-6.5\lib\gradle-launcher-6.5.jar
Launcher Type: SUN_STANDARD

Environment Variables:
PATH=C:\Program Files\AdoptOpenJDK\jdk-11.0.8.10-hotspot\bin;C:\Python38\Scripts\;C:\Python38\;C:\Windows\system32;C:\Windows;C:\Windows\System32\Wbem;C:\Windows\System32\WindowsPowerShell\v1.0\;C:\Windows\System32\OpenSSH\;C:\Program Files\Intel\WiFi\bin\;C:\Program Files\Common Files\Intel\WirelessCommon\;C:\Program Files\Git\cmd;C:\Program Files\nodejs\;C:\ProgramData\chocolatey\bin;C:\Program Files (x86)\Windows Live\Shared;C:\Users\ASUS\AppData\Local\Microsoft\WindowsApps;C:\Users\ASUS\AppData\Roaming\npm;C:\Users\ASUS\AppData\Local\Programs\Microsoft VS Code\bin
USERNAME=ASUS
OS=Windows_NT
PROCESSOR_IDENTIFIER=Intel64 Family 6 Model 142 Stepping 10, GenuineIntel



---------------  S Y S T E M  ---------------

OS: Windows 10.0 , 64 bit Build 19041 (10.0.19041.292)

CPU:total 8 (initial active 8) (4 cores per cpu, 2 threads per core) family 6 model 142 stepping 10, cmov, cx8, fxsr, mmx, sse, sse2, sse3, ssse3, sse4.1, sse4.2, popcnt, avx, avx2, aes, clmul, erms, 3dnowpref, lzcnt, ht, tsc, tscinvbit, bmi1, bmi2, adx

Memory: 4k page, physical 12458064k(4579512k free), swap 20322384k(11257972k free)

vm_info: OpenJDK 64-Bit Server VM (25.242-b01) for windows-amd64 JRE (1.8.0_242-release-1644-b01), built by "builder" with MS VC++ 10.0 (VS2010)

time: Fri Oct 16 21:53:01 2020
timezone: India Standard Time
elapsed time: 414 seconds (0d 0h 6m 54s)

