#
# A fatal error has been detected by the Java Runtime Environment:
#
#  EXCEPTION_ACCESS_VIOLATION (0xc0000005) at pc=0x000000005d0178e0, pid=9568, tid=0x00000000000001a8
#
# JRE version: OpenJDK Runtime Environment (8.0_242-b01) (build 1.8.0_242-release-1644-b01)
# Java VM: OpenJDK 64-Bit Server VM (25.242-b01 mixed mode windows-amd64 compressed oops)
# Problematic frame:
# V  [jvm.dll+0x4c78e0]
#
# Failed to write core dump. Minidumps are not enabled by default on client versions of Windows
#
# If you would like to submit a bug report, please visit:
#   
#

---------------  T H R E A D  ---------------

Current thread (0x0000000018070800):  JavaThread "C2 CompilerThread2" daemon [_thread_in_native, id=424, stack(0x0000000018b30000,0x0000000018c30000)]

siginfo: ExceptionCode=0xc0000005, reading address 0x000000000000002c

Registers:
RAX=0x0000000022763790, RBX=0x000000000004f5a0, RCX=0x0000000000000000, RDX=0x0000000000000b56
RSP=0x0000000018c2c048, RBP=0x0000000018c2c150, RSI=0x00000000000000b9, RDI=0x000000001b2d69f0
R8 =0x0000000000000001, R9 =0x0000000000000000, R10=0x0000000000000002, R11=0x00000000182561b0
R12=0x00000000000000b9, R13=0x0000000000000001, R14=0x0000000000000000, R15=0x00000000182554f8
RIP=0x000000005d0178e0, EFLAGS=0x0000000000010246

Top of Stack: (sp=0x0000000018c2c048)
0x0000000018c2c048:   000000005d03785d 000000001b2d69f0
0x0000000018c2c058:   0000000000000001 0000000018c2c150
0x0000000018c2c068:   0000000018c2c150 0000000000000002
0x0000000018c2c078:   0000000000001f9c 00000000181cbc01
0x0000000018c2c088:   0000000018c2c200 0000000018c2c290
0x0000000018c2c098:   0000000000000001 0000000000000010
0x0000000018c2c0a8:   000000001b2d69f0 0000000000000002
0x0000000018c2c0b8:   0000000000000001 0000000000000000
0x0000000018c2c0c8:   00000001000000bb 0000125600000000
0x0000000018c2c0d8:   0000000018c2c420 000000000000000f
0x0000000018c2c0e8:   00000000237bf1e0 0000000000000002
0x0000000018c2c0f8:   00001256000000bb 0000000018c2c420
0x0000000018c2c108:   000000000000000f 000000002212cb40
0x0000000018c2c118:   00000000000000b9 0000000023a6e810
0x0000000018c2c128:   000000001eb831e0 00000000000000b9
0x0000000018c2c138:   00000000000003d8 000000001eb835b8 

Instructions: (pc=0x000000005d0178e0)
0x000000005d0178c0:   01 ff 10 c1 eb 02 03 c3 48 8b 5c 24 30 03 47 18
0x000000005d0178d0:   48 83 c4 20 5f c3 cc cc cc cc cc cc cc cc cc cc
0x000000005d0178e0:   0f b6 41 2c 24 03 3c 02 75 05 e9 d1 36 fe ff 0f
0x000000005d0178f0:   b7 41 2e d1 e8 83 e0 01 c3 cc cc cc cc cc cc cc 


Register to memory mapping:

RAX=0x0000000022763790 is an unknown value
RBX=0x000000000004f5a0 is an unknown value
RCX=0x0000000000000000 is an unknown value
RDX=0x0000000000000b56 is an unknown value
RSP=0x0000000018c2c048 is pointing into the stack for thread: 0x0000000018070800
RBP=0x0000000018c2c150 is pointing into the stack for thread: 0x0000000018070800
RSI=0x00000000000000b9 is an unknown value
RDI=0x000000001b2d69f0 is an unknown value
R8 =0x0000000000000001 is an unknown value
R9 =0x0000000000000000 is an unknown value
R10=0x0000000000000002 is an unknown value
R11=0x00000000182561b0 is an unknown value
R12=0x00000000000000b9 is an unknown value
R13=0x0000000000000001 is an unknown value
R14=0x0000000000000000 is an unknown value
R15=0x00000000182554f8 is an unknown value


Stack: [0x0000000018b30000,0x0000000018c30000],  sp=0x0000000018c2c048,  free space=1008k
Native frames: (J=compiled Java code, j=interpreted, Vv=VM code, C=native code)
V  [jvm.dll+0x4c78e0]


Current CompileTask:
C2:1060140 18958       4       com.sun.tools.javac.code.Types::union (166 bytes)


---------------  P R O C E S S  ---------------

Java Threads: ( => current thread )
  0x000000001e456000 JavaThread "Cache worker for Java compile cache (C:\Users\Asus\AndroidStudioProjects\FitnessApp\.gradle\6.1.1\javaCompile)" [_thread_blocked, id=11752, stack(0x000000002a1e0000,0x000000002a2e0000)]
  0x000000001e455800 JavaThread "Cache worker for Java compile cache (C:\Users\Asus\.gradle\caches\6.1.1\javaCompile)" [_thread_blocked, id=14704, stack(0x000000002a0e0000,0x000000002a1e0000)]
  0x000000001e453000 JavaThread "RMI TCP Connection(23)-127.0.0.1" daemon [_thread_in_native, id=10496, stack(0x0000000029fe0000,0x000000002a0e0000)]
  0x000000001e451800 JavaThread "RMI TCP Connection(idle)" daemon [_thread_blocked, id=11672, stack(0x0000000029de0000,0x0000000029ee0000)]
  0x000000001e454800 JavaThread "RMI TCP Connection(20)-127.0.0.1" daemon [_thread_in_native, id=14952, stack(0x0000000029ce0000,0x0000000029de0000)]
  0x000000001e44e800 JavaThread "RMI TCP Connection(idle)" daemon [_thread_blocked, id=15120, stack(0x0000000029be0000,0x0000000029ce0000)]
  0x000000001e44d000 JavaThread "RMI TCP Connection(18)-127.0.0.1" daemon [_thread_in_native, id=6472, stack(0x0000000029860000,0x0000000029960000)]
  0x000000001e451000 JavaThread "RMI TCP Connection(idle)" daemon [_thread_blocked, id=8252, stack(0x0000000029660000,0x0000000029760000)]
  0x000000001e44c800 JavaThread "RMI TCP Connection(idle)" daemon [_thread_blocked, id=6448, stack(0x0000000028de0000,0x0000000028ee0000)]
  0x000000001e44b800 JavaThread "WorkerExecutor Queue Thread 2" [_thread_blocked, id=3736, stack(0x0000000029ae0000,0x0000000029be0000)]
  0x000000001e449800 JavaThread "stdout" [_thread_in_native, id=3928, stack(0x00000000299e0000,0x0000000029ae0000)]
  0x000000001ae38800 JavaThread "stderr" [_thread_in_native, id=5292, stack(0x0000000029360000,0x0000000029460000)]
  0x000000001ae3a000 JavaThread "pool-9-thread-1" [_thread_blocked, id=14412, stack(0x0000000028ee0000,0x0000000028fe0000)]
  0x000000001ae37800 JavaThread "WorkerExecutor Queue" [_thread_blocked, id=14476, stack(0x0000000029000000,0x0000000029100000)]
  0x000000001d7f0000 JavaThread "Cache worker for execution history cache (C:\Users\Asus\AndroidStudioProjects\FitnessApp\.gradle\6.1.1\executionHistory)" [_thread_blocked, id=15128, stack(0x0000000028be0000,0x0000000028ce0000)]
  0x000000001d7ea800 JavaThread "Execution worker for ':' Thread 7" [_thread_blocked, id=15084, stack(0x0000000028ae0000,0x0000000028be0000)]
  0x000000001d7ed800 JavaThread "Execution worker for ':' Thread 6" [_thread_in_Java, id=15140, stack(0x00000000289e0000,0x0000000028ae0000)]
  0x000000001d7f0800 JavaThread "Execution worker for ':' Thread 5" [_thread_blocked, id=892, stack(0x00000000288e0000,0x00000000289e0000)]
  0x000000001d7ec000 JavaThread "Execution worker for ':' Thread 4" [_thread_blocked, id=11456, stack(0x00000000287e0000,0x00000000288e0000)]
  0x000000001d7e3000 JavaThread "Execution worker for ':' Thread 3" [_thread_blocked, id=3300, stack(0x00000000286e0000,0x00000000287e0000)]
  0x000000001d7ea000 JavaThread "Execution worker for ':' Thread 2" [_thread_blocked, id=5076, stack(0x00000000285e0000,0x00000000286e0000)]
  0x000000001d7e2800 JavaThread "Execution worker for ':'" [_thread_blocked, id=15016, stack(0x00000000284e0000,0x00000000285e0000)]
  0x000000001d7e9000 JavaThread "Cache worker for file content cache (C:\Users\Asus\AndroidStudioProjects\FitnessApp\.gradle\6.1.1\fileContent)" [_thread_blocked, id=15020, stack(0x00000000283e0000,0x00000000284e0000)]
  0x000000001d7e4000 JavaThread "Cache worker for Build Output Cleanup Cache (C:\Users\Asus\AndroidStudioProjects\FitnessApp\.gradle\buildOutputCleanup)" [_thread_blocked, id=15044, stack(0x0000000025d30000,0x0000000025e30000)]
  0x000000001d945800 JavaThread "pool-8-thread-1" [_thread_blocked, id=15052, stack(0x00000000255a0000,0x00000000256a0000)]
  0x000000001d945000 JavaThread "Build operations Thread 8" [_thread_blocked, id=15040, stack(0x0000000023060000,0x0000000023160000)]
  0x000000001d946800 JavaThread "Build operations Thread 7" [_thread_blocked, id=15028, stack(0x0000000022f60000,0x0000000023060000)]
  0x000000001d944000 JavaThread "Build operations Thread 6" [_thread_blocked, id=15060, stack(0x0000000022e60000,0x0000000022f60000)]
  0x000000001d943800 JavaThread "Build operations Thread 5" [_thread_blocked, id=14988, stack(0x0000000022d60000,0x0000000022e60000)]
  0x000000001d948000 JavaThread "Build operations Thread 4" [_thread_blocked, id=15056, stack(0x0000000022c60000,0x0000000022d60000)]
  0x000000001d941800 JavaThread "Build operations Thread 3" [_thread_blocked, id=14996, stack(0x0000000022b60000,0x0000000022c60000)]
  0x000000001d942800 JavaThread "Build operations Thread 2" [_thread_blocked, id=14968, stack(0x0000000021780000,0x0000000021880000)]
  0x000000001d947000 JavaThread "Build operations" [_thread_blocked, id=14972, stack(0x0000000021680000,0x0000000021780000)]
  0x000000001d93a000 JavaThread "Cache worker for cache directory md-rule (C:\Users\Asus\.gradle\caches\6.1.1\md-rule)" [_thread_blocked, id=14976, stack(0x0000000020ac0000,0x0000000020bc0000)]
  0x000000001d93b800 JavaThread "Cache worker for cache directory md-supplier (C:\Users\Asus\.gradle\caches\6.1.1\md-supplier)" [_thread_blocked, id=14980, stack(0x00000000209c0000,0x0000000020ac0000)]
  0x000000001d941000 JavaThread "Cache worker for file hash cache (C:\Users\Asus\AndroidStudioProjects\FitnessApp\.gradle\6.1.1\fileHashes)" [_thread_blocked, id=15048, stack(0x000000001f4f0000,0x000000001f5f0000)]
  0x000000001d939800 JavaThread "Cache worker for checksums cache (C:\Users\Asus\AndroidStudioProjects\FitnessApp\.gradle\checksums)" [_thread_blocked, id=14984, stack(0x000000001f3f0000,0x000000001f4f0000)]
  0x000000001d93d000 JavaThread "Thread-117" [_thread_blocked, id=14964, stack(0x000000001f2f0000,0x000000001f3f0000)]
  0x000000001d93b000 JavaThread "Stdin handler" [_thread_blocked, id=14668, stack(0x000000001c650000,0x000000001c750000)]
  0x000000001d940000 JavaThread "Asynchronous log dispatcher for DefaultDaemonConnection: socket connection from /127.0.0.1:53316 to /127.0.0.1:54249" [_thread_blocked, id=3772, stack(0x000000001c550000,0x000000001c650000)]
  0x000000001d93e800 JavaThread "Daemon worker Thread 4" [_thread_blocked, id=14772, stack(0x000000001c450000,0x000000001c550000)]
  0x000000001d938800 JavaThread "Cancel handler" [_thread_blocked, id=13116, stack(0x000000001c050000,0x000000001c150000)]
  0x0000000018419800 JavaThread "Handler for socket connection from /127.0.0.1:53316 to /127.0.0.1:54249" [_thread_in_native, id=9304, stack(0x0000000000830000,0x0000000000930000)]
  0x0000000018419000 JavaThread "Daemon Thread 4" [_thread_blocked, id=9796, stack(0x0000000000730000,0x0000000000830000)]
  0x0000000018416800 JavaThread "RMI Reaper" [_thread_blocked, id=14108, stack(0x000000002bef0000,0x000000002bff0000)]
  0x0000000018416000 JavaThread "RMI TCP Accept-0" daemon [_thread_in_native, id=11648, stack(0x000000002bdf0000,0x000000002bef0000)]
  0x000000001841c800 JavaThread "GC Daemon" daemon [_thread_blocked, id=14140, stack(0x000000002aab0000,0x000000002abb0000)]
  0x000000001841b000 JavaThread "RMI RenewClean-[127.0.0.1:17819,org.jetbrains.kotlin.daemon.common.LoopbackNetworkInterface$ClientLoopbackSocketFactory@bc84e4a]" daemon [_thread_blocked, id=2756, stack(0x000000002a880000,0x000000002a980000)]
  0x000000001841a800 JavaThread "RMI Scheduler(0)" daemon [_thread_blocked, id=8364, stack(0x000000002a660000,0x000000002a760000)]
  0x000000001d7e8800 JavaThread "Cache worker for file content cache (C:\Users\Asus\.gradle\caches\6.1.1\fileContent)" [_thread_blocked, id=6008, stack(0x00000000282e0000,0x00000000283e0000)]
  0x000000001d7e7800 JavaThread "Memory manager" [_thread_blocked, id=4008, stack(0x0000000027f20000,0x0000000028020000)]
  0x000000001ae39000 JavaThread "Cache worker for execution history cache (C:\Users\Asus\.gradle\caches\6.1.1\executionHistory)" [_thread_blocked, id=4532, stack(0x000000001f680000,0x000000001f780000)]
  0x000000001ae36000 JavaThread "Cache worker for file hash cache (C:\Users\Asus\.gradle\caches\6.1.1\fileHashes)" [_thread_blocked, id=2208, stack(0x000000001ce50000,0x000000001cf50000)]
  0x000000001ae35800 JavaThread "File lock request listener" [_thread_in_native, id=1340, stack(0x000000001cd50000,0x000000001ce50000)]
  0x0000000019147000 JavaThread "Cache worker for journal cache (C:\Users\Asus\.gradle\caches\journal-1)" [_thread_blocked, id=11068, stack(0x000000001cc50000,0x000000001cd50000)]
  0x000000001ac3d000 JavaThread "Daemon periodic checks" [_thread_blocked, id=12236, stack(0x000000001bf50000,0x000000001c050000)]
  0x000000001ac28000 JavaThread "Incoming local TCP Connector on port 53316" [_thread_in_native, id=6312, stack(0x000000001bd10000,0x000000001be10000)]
  0x000000001abd7800 JavaThread "Daemon health stats" [_thread_blocked, id=8896, stack(0x000000001b6d0000,0x000000001b7d0000)]
  0x00000000180ed000 JavaThread "Service Thread" daemon [_thread_blocked, id=8680, stack(0x0000000018d30000,0x0000000018e30000)]
  0x0000000018074000 JavaThread "C1 CompilerThread3" daemon [_thread_in_vm, id=11108, stack(0x0000000018c30000,0x0000000018d30000)]
=>0x0000000018070800 JavaThread "C2 CompilerThread2" daemon [_thread_in_native, id=424, stack(0x0000000018b30000,0x0000000018c30000)]
  0x0000000018067800 JavaThread "C2 CompilerThread1" daemon [_thread_in_native, id=13712, stack(0x0000000018a30000,0x0000000018b30000)]
  0x0000000018062000 JavaThread "C2 CompilerThread0" daemon [_thread_in_native, id=2368, stack(0x0000000018930000,0x0000000018a30000)]
  0x0000000018061000 JavaThread "Attach Listener" daemon [_thread_blocked, id=12668, stack(0x0000000018830000,0x0000000018930000)]
  0x000000001805f000 JavaThread "Signal Dispatcher" daemon [_thread_blocked, id=11524, stack(0x0000000018730000,0x0000000018830000)]
  0x00000000024ad800 JavaThread "Finalizer" daemon [_thread_blocked, id=7812, stack(0x0000000018530000,0x0000000018630000)]
  0x00000000024a7000 JavaThread "Reference Handler" daemon [_thread_blocked, id=7400, stack(0x0000000018430000,0x0000000018530000)]
  0x000000000221e000 JavaThread "main" [_thread_blocked, id=11932, stack(0x00000000022b0000,0x00000000023b0000)]

Other Threads:
  0x0000000016266800 VMThread [stack: 0x0000000017f30000,0x0000000018030000] [id=11828]
  0x00000000180ee000 WatcherThread [stack: 0x0000000018e30000,0x0000000018f30000] [id=11028]

VM state:not at safepoint (normal execution)

VM Mutex/Monitor currently owned by a thread: None

heap address: 0x00000000a0000000, size: 1536 MB, Compressed Oops mode: 32-bit
Narrow klass base: 0x0000000000000000, Narrow klass shift: 3
Compressed class space size: 1073741824 Address: 0x0000000100000000

Heap:
 PSYoungGen      total 349184K, used 147285K [0x00000000e0000000, 0x00000000f7c80000, 0x0000000100000000)
  eden space 313856K, 39% used [0x00000000e0000000,0x00000000e77ba4f0,0x00000000f3280000)
  from space 35328K, 69% used [0x00000000f5a00000,0x00000000f721b0b0,0x00000000f7c80000)
  to   space 37888K, 0% used [0x00000000f3280000,0x00000000f3280000,0x00000000f5780000)
 ParOldGen       total 276992K, used 72315K [0x00000000a0000000, 0x00000000b0e80000, 0x00000000e0000000)
  object space 276992K, 26% used [0x00000000a0000000,0x00000000a469edc8,0x00000000b0e80000)
 Metaspace       used 103208K, capacity 108420K, committed 108696K, reserved 1142784K
  class space    used 13364K, capacity 14495K, committed 14512K, reserved 1048576K

Card table byte_map: [0x0000000011870000,0x0000000011b80000] byte_map_base: 0x0000000011370000

Marking Bits: (ParMarkBitMap*) 0x000000005d31f030
 Begin Bits: [0x0000000012580000, 0x0000000013d80000)
 End Bits:   [0x0000000013d80000, 0x0000000015580000)

Polling page: 0x0000000000930000

CodeCache: size=245760Kb used=54789Kb max_used=54789Kb free=190970Kb
 bounds [0x00000000024b0000, 0x0000000005a80000, 0x00000000114b0000]
 total_blobs=16703 nmethods=15819 adapters=795
 compilation: enabled

Compilation events (10 events):
Event: 1060.085 Thread 0x0000000018074000 19352       3       com.sun.tools.javac.jvm.Items$ImmediateItem::coerce (322 bytes)
Event: 1060.088 Thread 0x0000000018074000 nmethod 19352 0x0000000005a51a90 code [0x0000000005a51f20, 0x0000000005a54bf8]
Event: 1060.089 Thread 0x0000000018074000 19353       3       com.sun.tools.javac.jvm.Items$MemberItem::load (40 bytes)
Event: 1060.089 Thread 0x0000000018074000 nmethod 19353 0x0000000005a50f90 code [0x0000000005a51120, 0x0000000005a51358]
Event: 1060.089 Thread 0x0000000018074000 19356       3       com.sun.tools.javac.jvm.Items::makeImmediateItem (11 bytes)
Event: 1060.089 Thread 0x0000000018074000 nmethod 19356 0x0000000005a508d0 code [0x0000000005a50a60, 0x0000000005a50de8]
Event: 1060.089 Thread 0x0000000018074000 19355       3       com.sun.tools.javac.tree.JCTree$Visitor::visitLiteral (6 bytes)
Event: 1060.090 Thread 0x0000000018074000 nmethod 19355 0x0000000005a4a690 code [0x0000000005a4a800, 0x0000000005a4aa08]
Event: 1060.090 Thread 0x0000000018074000 19354       3       com.sun.tools.javac.jvm.Code$StackMapFrame::<init> (5 bytes)
Event: 1060.090 Thread 0x0000000018074000 nmethod 19354 0x0000000005a50510 code [0x0000000005a50660, 0x0000000005a50810]

GC Heap History (10 events):
Event: 256.380 GC heap before
{Heap before GC invocations=20 (full 3):
 PSYoungGen      total 310784K, used 232999K [0x00000000e0000000, 0x00000000f5c80000, 0x0000000100000000)
  eden space 277504K, 72% used [0x00000000e0000000,0x00000000ec481b68,0x00000000f0f00000)
  from space 33280K, 95% used [0x00000000f3400000,0x00000000f5308100,0x00000000f5480000)
  to   space 37888K, 0% used [0x00000000f0f00000,0x00000000f0f00000,0x00000000f3400000)
 ParOldGen       total 171008K, used 67210K [0x00000000a0000000, 0x00000000aa700000, 0x00000000e0000000)
  object space 171008K, 39% used [0x00000000a0000000,0x00000000a41a2bf8,0x00000000aa700000)
 Metaspace       used 93564K, capacity 98316K, committed 98584K, reserved 1134592K
  class space    used 12346K, capacity 13353K, committed 13360K, reserved 1048576K
Event: 256.395 GC heap after
Heap after GC invocations=20 (full 3):
 PSYoungGen      total 315392K, used 24484K [0x00000000e0000000, 0x00000000f7100000, 0x0000000100000000)
  eden space 277504K, 0% used [0x00000000e0000000,0x00000000e0000000,0x00000000f0f00000)
  from space 37888K, 64% used [0x00000000f0f00000,0x00000000f26e9348,0x00000000f3400000)
  to   space 39424K, 0% used [0x00000000f4a80000,0x00000000f4a80000,0x00000000f7100000)
 ParOldGen       total 171008K, used 67218K [0x00000000a0000000, 0x00000000aa700000, 0x00000000e0000000)
  object space 171008K, 39% used [0x00000000a0000000,0x00000000a41a4bf8,0x00000000aa700000)
 Metaspace       used 93564K, capacity 98316K, committed 98584K, reserved 1134592K
  class space    used 12346K, capacity 13353K, committed 13360K, reserved 1048576K
}
Event: 256.395 GC heap before
{Heap before GC invocations=21 (full 4):
 PSYoungGen      total 315392K, used 24484K [0x00000000e0000000, 0x00000000f7100000, 0x0000000100000000)
  eden space 277504K, 0% used [0x00000000e0000000,0x00000000e0000000,0x00000000f0f00000)
  from space 37888K, 64% used [0x00000000f0f00000,0x00000000f26e9348,0x00000000f3400000)
  to   space 39424K, 0% used [0x00000000f4a80000,0x00000000f4a80000,0x00000000f7100000)
 ParOldGen       total 171008K, used 67218K [0x00000000a0000000, 0x00000000aa700000, 0x00000000e0000000)
  object space 171008K, 39% used [0x00000000a0000000,0x00000000a41a4bf8,0x00000000aa700000)
 Metaspace       used 93564K, capacity 98316K, committed 98584K, reserved 1134592K
  class space    used 12346K, capacity 13353K, committed 13360K, reserved 1048576K
Event: 256.613 GC heap after
Heap after GC invocations=21 (full 4):
 PSYoungGen      total 315392K, used 0K [0x00000000e0000000, 0x00000000f7100000, 0x0000000100000000)
  eden space 277504K, 0% used [0x00000000e0000000,0x00000000e0000000,0x00000000f0f00000)
  from space 37888K, 0% used [0x00000000f0f00000,0x00000000f0f00000,0x00000000f3400000)
  to   space 39424K, 0% used [0x00000000f4a80000,0x00000000f4a80000,0x00000000f7100000)
 ParOldGen       total 276992K, used 72291K [0x00000000a0000000, 0x00000000b0e80000, 0x00000000e0000000)
  object space 276992K, 26% used [0x00000000a0000000,0x00000000a4698dc8,0x00000000b0e80000)
 Metaspace       used 93402K, capacity 97834K, committed 98584K, reserved 1134592K
  class space    used 12294K, capacity 13262K, committed 13360K, reserved 1048576K
}
Event: 345.645 GC heap before
{Heap before GC invocations=22 (full 4):
 PSYoungGen      total 315392K, used 277504K [0x00000000e0000000, 0x00000000f7100000, 0x0000000100000000)
  eden space 277504K, 100% used [0x00000000e0000000,0x00000000f0f00000,0x00000000f0f00000)
  from space 37888K, 0% used [0x00000000f0f00000,0x00000000f0f00000,0x00000000f3400000)
  to   space 39424K, 0% used [0x00000000f4a80000,0x00000000f4a80000,0x00000000f7100000)
 ParOldGen       total 276992K, used 72291K [0x00000000a0000000, 0x00000000b0e80000, 0x00000000e0000000)
  object space 276992K, 26% used [0x00000000a0000000,0x00000000a4698dc8,0x00000000b0e80000)
 Metaspace       used 95394K, capacity 100218K, committed 100376K, reserved 1136640K
  class space    used 12523K, capacity 13578K, committed 13616K, reserved 1048576K
Event: 345.659 GC heap after
Heap after GC invocations=22 (full 4):
 PSYoungGen      total 334336K, used 13296K [0x00000000e0000000, 0x00000000f6d00000, 0x0000000100000000)
  eden space 299008K, 0% used [0x00000000e0000000,0x00000000e0000000,0x00000000f2400000)
  from space 35328K, 37% used [0x00000000f4a80000,0x00000000f577c0d0,0x00000000f6d00000)
  to   space 37376K, 0% used [0x00000000f2400000,0x00000000f2400000,0x00000000f4880000)
 ParOldGen       total 276992K, used 72299K [0x00000000a0000000, 0x00000000b0e80000, 0x00000000e0000000)
  object space 276992K, 26% used [0x00000000a0000000,0x00000000a469adc8,0x00000000b0e80000)
 Metaspace       used 95394K, capacity 100218K, committed 100376K, reserved 1136640K
  class space    used 12523K, capacity 13578K, committed 13616K, reserved 1048576K
}
Event: 1036.600 GC heap before
{Heap before GC invocations=23 (full 4):
 PSYoungGen      total 334336K, used 312304K [0x00000000e0000000, 0x00000000f6d00000, 0x0000000100000000)
  eden space 299008K, 100% used [0x00000000e0000000,0x00000000f2400000,0x00000000f2400000)
  from space 35328K, 37% used [0x00000000f4a80000,0x00000000f577c0d0,0x00000000f6d00000)
  to   space 37376K, 0% used [0x00000000f2400000,0x00000000f2400000,0x00000000f4880000)
 ParOldGen       total 276992K, used 72299K [0x00000000a0000000, 0x00000000b0e80000, 0x00000000e0000000)
  object space 276992K, 26% used [0x00000000a0000000,0x00000000a469adc8,0x00000000b0e80000)
 Metaspace       used 95785K, capacity 100788K, committed 101016K, reserved 1136640K
  class space    used 12548K, capacity 13619K, committed 13744K, reserved 1048576K
Event: 1036.615 GC heap after
Heap after GC invocations=23 (full 4):
 PSYoungGen      total 336384K, used 19430K [0x00000000e0000000, 0x00000000f7e00000, 0x0000000100000000)
  eden space 299008K, 0% used [0x00000000e0000000,0x00000000e0000000,0x00000000f2400000)
  from space 37376K, 51% used [0x00000000f2400000,0x00000000f36f9b40,0x00000000f4880000)
  to   space 36864K, 0% used [0x00000000f5a00000,0x00000000f5a00000,0x00000000f7e00000)
 ParOldGen       total 276992K, used 72307K [0x00000000a0000000, 0x00000000b0e80000, 0x00000000e0000000)
  object space 276992K, 26% used [0x00000000a0000000,0x00000000a469cdc8,0x00000000b0e80000)
 Metaspace       used 95785K, capacity 100788K, committed 101016K, reserved 1136640K
  class space    used 12548K, capacity 13619K, committed 13744K, reserved 1048576K
}
Event: 1057.604 GC heap before
{Heap before GC invocations=24 (full 4):
 PSYoungGen      total 336384K, used 318433K [0x00000000e0000000, 0x00000000f7e00000, 0x0000000100000000)
  eden space 299008K, 99% used [0x00000000e0000000,0x00000000f23fecb0,0x00000000f2400000)
  from space 37376K, 51% used [0x00000000f2400000,0x00000000f36f9b40,0x00000000f4880000)
  to   space 36864K, 0% used [0x00000000f5a00000,0x00000000f5a00000,0x00000000f7e00000)
 ParOldGen       total 276992K, used 72307K [0x00000000a0000000, 0x00000000b0e80000, 0x00000000e0000000)
  object space 276992K, 26% used [0x00000000a0000000,0x00000000a469cdc8,0x00000000b0e80000)
 Metaspace       used 97509K, capacity 102648K, committed 102680K, reserved 1138688K
  class space    used 12757K, capacity 13852K, committed 13872K, reserved 1048576K
Event: 1057.623 GC heap after
Heap after GC invocations=24 (full 4):
 PSYoungGen      total 349184K, used 24684K [0x00000000e0000000, 0x00000000f7c80000, 0x0000000100000000)
  eden space 313856K, 0% used [0x00000000e0000000,0x00000000e0000000,0x00000000f3280000)
  from space 35328K, 69% used [0x00000000f5a00000,0x00000000f721b0b0,0x00000000f7c80000)
  to   space 37888K, 0% used [0x00000000f3280000,0x00000000f3280000,0x00000000f5780000)
 ParOldGen       total 276992K, used 72315K [0x00000000a0000000, 0x00000000b0e80000, 0x00000000e0000000)
  object space 276992K, 26% used [0x00000000a0000000,0x00000000a469edc8,0x00000000b0e80000)
 Metaspace       used 97509K, capacity 102648K, committed 102680K, reserved 1138688K
  class space    used 12757K, capacity 13852K, committed 13872K, reserved 1048576K
}

Deoptimization events (10 events):
Event: 1059.746 Thread 0x000000001d7ed800 Uncommon trap: reason=unstable_if action=reinterpret pc=0x00000000058fb4e4 method=com.sun.tools.javac.comp.Resolve.findInheritedMemberType(Lcom/sun/tools/javac/comp/Env;Lcom/sun/tools/javac/code/Type;Lcom/sun/tools/javac/util/Name;Lcom/sun/tools/javac/cod
Event: 1059.768 Thread 0x000000001d7ed800 Uncommon trap: reason=class_check action=maybe_recompile pc=0x000000000579a6fc method=com.sun.tools.javac.code.Types.rank(Lcom/sun/tools/javac/code/Type;)I @ 131
Event: 1059.768 Thread 0x000000001d7ed800 Uncommon trap: reason=class_check action=maybe_recompile pc=0x000000000579a558 method=com.sun.tools.javac.code.Types.rank(Lcom/sun/tools/javac/code/Type;)I @ 1
Event: 1059.768 Thread 0x000000001d7ed800 Uncommon trap: reason=class_check action=maybe_recompile pc=0x000000000579a558 method=com.sun.tools.javac.code.Types.rank(Lcom/sun/tools/javac/code/Type;)I @ 1
Event: 1059.804 Thread 0x000000001d7ed800 Uncommon trap: reason=class_check action=maybe_recompile pc=0x0000000005957ce8 method=com.sun.tools.javac.code.Types$14.visitClassType(Lcom/sun/tools/javac/code/Type$ClassType;Lcom/sun/tools/javac/code/Symbol;)Lcom/sun/tools/javac/code/Type; @ 82
Event: 1059.805 Thread 0x000000001d7ed800 Uncommon trap: reason=class_check action=maybe_recompile pc=0x0000000005957ce8 method=com.sun.tools.javac.code.Types$14.visitClassType(Lcom/sun/tools/javac/code/Type$ClassType;Lcom/sun/tools/javac/code/Symbol;)Lcom/sun/tools/javac/code/Type; @ 82
Event: 1059.816 Thread 0x000000001d7ed800 Uncommon trap: reason=class_check action=maybe_recompile pc=0x0000000005957ce8 method=com.sun.tools.javac.code.Types$14.visitClassType(Lcom/sun/tools/javac/code/Type$ClassType;Lcom/sun/tools/javac/code/Symbol;)Lcom/sun/tools/javac/code/Type; @ 82
Event: 1059.818 Thread 0x000000001d7ed800 Uncommon trap: reason=class_check action=maybe_recompile pc=0x0000000005957ce8 method=com.sun.tools.javac.code.Types$14.visitClassType(Lcom/sun/tools/javac/code/Type$ClassType;Lcom/sun/tools/javac/code/Symbol;)Lcom/sun/tools/javac/code/Type; @ 82
Event: 1060.048 Thread 0x000000001d7ed800 Uncommon trap: reason=class_check action=maybe_recompile pc=0x0000000005944ca0 method=com.sun.tools.javac.code.Types$14.visitClassType(Lcom/sun/tools/javac/code/Type$ClassType;Lcom/sun/tools/javac/code/Symbol;)Lcom/sun/tools/javac/code/Type; @ 82
Event: 1060.083 Thread 0x000000001d7ed800 Uncommon trap: reason=unstable_if action=reinterpret pc=0x0000000005a131e0 method=com.sun.tools.javac.model.FilteredMemberList.unwanted(Lcom/sun/tools/javac/code/Symbol;)Z @ 14

Classes redefined (0 events):
No events

Internal exceptions (10 events):
Event: 1043.485 Thread 0x000000001e452800 Exception <a 'java/lang/InterruptedException'> (0x00000000ea38b8f0) thrown at [C:\src\AOSP-openjdk-git\hotspot\src\share\vm\runtime\objectMonitor.cpp, line 1680]
Event: 1055.458 Thread 0x000000001d7ed800 Exception <a 'sun/nio/fs/WindowsException'> (0x00000000ed1330a0) thrown at [C:\src\AOSP-openjdk-git\hotspot\src\share\vm\prims\jni.cpp, line 710]
Event: 1055.459 Thread 0x000000001d7ed800 Exception <a 'sun/nio/fs/WindowsException'> (0x00000000ed133cf8) thrown at [C:\src\AOSP-openjdk-git\hotspot\src\share\vm\prims\jni.cpp, line 710]
Event: 1055.459 Thread 0x000000001d7ed800 Exception <a 'sun/nio/fs/WindowsException'> (0x00000000ed1349f0) thrown at [C:\src\AOSP-openjdk-git\hotspot\src\share\vm\prims\jni.cpp, line 710]
Event: 1055.459 Thread 0x000000001d7ed800 Exception <a 'sun/nio/fs/WindowsException'> (0x00000000ed13ae70) thrown at [C:\src\AOSP-openjdk-git\hotspot\src\share\vm\prims\jni.cpp, line 710]
Event: 1055.460 Thread 0x000000001d7ed800 Exception <a 'sun/nio/fs/WindowsException'> (0x00000000ed13bb08) thrown at [C:\src\AOSP-openjdk-git\hotspot\src\share\vm\prims\jni.cpp, line 710]
Event: 1055.460 Thread 0x000000001d7ed800 Exception <a 'sun/nio/fs/WindowsException'> (0x00000000ed13c840) thrown at [C:\src\AOSP-openjdk-git\hotspot\src\share\vm\prims\jni.cpp, line 710]
Event: 1055.460 Thread 0x000000001d7ed800 Exception <a 'sun/nio/fs/WindowsException'> (0x00000000ed13e830) thrown at [C:\src\AOSP-openjdk-git\hotspot\src\share\vm\prims\jni.cpp, line 710]
Event: 1055.460 Thread 0x000000001d7ed800 Exception <a 'sun/nio/fs/WindowsException'> (0x00000000ed13f4d8) thrown at [C:\src\AOSP-openjdk-git\hotspot\src\share\vm\prims\jni.cpp, line 710]
Event: 1055.460 Thread 0x000000001d7ed800 Exception <a 'sun/nio/fs/WindowsException'> (0x00000000ed140220) thrown at [C:\src\AOSP-openjdk-git\hotspot\src\share\vm\prims\jni.cpp, line 710]

Events (10 events):
Event: 1059.907 Executing VM operation: Deoptimize
Event: 1059.909 Executing VM operation: Deoptimize done
Event: 1060.036 loading class com/sun/tools/javac/comp/Resolve$4$1
Event: 1060.036 loading class com/sun/tools/javac/comp/Resolve$4$1 done
Event: 1060.048 Thread 0x000000001d7ed800 Uncommon trap: trap_request=0xffffffde fr.pc=0x0000000005944ca0
Event: 1060.048 Thread 0x000000001d7ed800 DEOPT PACKING pc=0x0000000005944ca0 sp=0x0000000028ad90f0
Event: 1060.048 Thread 0x000000001d7ed800 DEOPT UNPACKING pc=0x00000000024f557b sp=0x0000000028ad90b0 mode 2
Event: 1060.083 Thread 0x000000001d7ed800 Uncommon trap: trap_request=0xffffff65 fr.pc=0x0000000005a131e0
Event: 1060.083 Thread 0x000000001d7ed800 DEOPT PACKING pc=0x0000000005a131e0 sp=0x0000000028ada3b0
Event: 1060.083 Thread 0x000000001d7ed800 DEOPT UNPACKING pc=0x00000000024f557b sp=0x0000000028ada2a0 mode 2


Dynamic libraries:
0x00007ff7748f0000 - 0x00007ff774921000 	C:\Program Files\Android\Android Studio\jre\bin\java.exe
0x00007ffa162a0000 - 0x00007ffa16490000 	C:\WINDOWS\SYSTEM32\ntdll.dll
0x00007ffa15dc0000 - 0x00007ffa15e72000 	C:\WINDOWS\System32\KERNEL32.DLL
0x00007ffa13c20000 - 0x00007ffa13ec4000 	C:\WINDOWS\System32\KERNELBASE.dll
0x00007ffa15bc0000 - 0x00007ffa15c63000 	C:\WINDOWS\System32\ADVAPI32.dll
0x00007ffa15c70000 - 0x00007ffa15d0e000 	C:\WINDOWS\System32\msvcrt.dll
0x00007ffa14880000 - 0x00007ffa14917000 	C:\WINDOWS\System32\sechost.dll
0x00007ffa15630000 - 0x00007ffa15750000 	C:\WINDOWS\System32\RPCRT4.dll
0x00007ffa15fe0000 - 0x00007ffa16174000 	C:\WINDOWS\System32\USER32.dll
0x00007ffa13250000 - 0x00007ffa13271000 	C:\WINDOWS\System32\win32u.dll
0x00007ffa14780000 - 0x00007ffa147a6000 	C:\WINDOWS\System32\GDI32.dll
0x00007ffa13280000 - 0x00007ffa13415000 	C:\WINDOWS\System32\gdi32full.dll
0x00007ffa13f20000 - 0x00007ffa13fbe000 	C:\WINDOWS\System32\msvcp_win.dll
0x00007ffa13fc0000 - 0x00007ffa140ba000 	C:\WINDOWS\System32\ucrtbase.dll
0x00007ffa01310000 - 0x00007ffa01594000 	C:\WINDOWS\WinSxS\amd64_microsoft.windows.common-controls_6595b64144ccf1df_6.0.18362.900_none_e6beb9d913147d17\COMCTL32.dll
0x00007ffa14440000 - 0x00007ffa14775000 	C:\WINDOWS\System32\combase.dll
0x00007ffa13420000 - 0x00007ffa134a0000 	C:\WINDOWS\System32\bcryptPrimitives.dll
0x00007ffa14410000 - 0x00007ffa1443e000 	C:\WINDOWS\System32\IMM32.DLL
0x000000005e670000 - 0x000000005e742000 	C:\Program Files\Android\Android Studio\jre\jre\bin\msvcr100.dll
0x000000005cb50000 - 0x000000005d39b000 	C:\Program Files\Android\Android Studio\jre\jre\bin\server\jvm.dll
0x00007ffa15d90000 - 0x00007ffa15d98000 	C:\WINDOWS\System32\PSAPI.DLL
0x00007ffa0d6e0000 - 0x00007ffa0d6e9000 	C:\WINDOWS\SYSTEM32\WSOCK32.dll
0x00007ffa0cfc0000 - 0x00007ffa0cfe4000 	C:\WINDOWS\SYSTEM32\WINMM.dll
0x00007ffa0d500000 - 0x00007ffa0d50a000 	C:\WINDOWS\SYSTEM32\VERSION.dll
0x00007ffa15280000 - 0x00007ffa152ef000 	C:\WINDOWS\System32\WS2_32.dll
0x00007ffa0cf90000 - 0x00007ffa0cfbd000 	C:\WINDOWS\SYSTEM32\winmmbase.dll
0x00007ffa13ed0000 - 0x00007ffa13f1a000 	C:\WINDOWS\System32\cfgmgr32.dll
0x00007ffa0ce50000 - 0x00007ffa0ce5f000 	C:\Program Files\Android\Android Studio\jre\jre\bin\verify.dll
0x00007ffa07c00000 - 0x00007ffa07c29000 	C:\Program Files\Android\Android Studio\jre\jre\bin\java.dll
0x00007ffa07b80000 - 0x00007ffa07b96000 	C:\Program Files\Android\Android Studio\jre\jre\bin\zip.dll
0x00007ffa14930000 - 0x00007ffa15016000 	C:\WINDOWS\System32\SHELL32.dll
0x00007ffa14350000 - 0x00007ffa143f9000 	C:\WINDOWS\System32\shcore.dll
0x00007ffa134a0000 - 0x00007ffa13c20000 	C:\WINDOWS\System32\windows.storage.dll
0x00007ffa131e0000 - 0x00007ffa13203000 	C:\WINDOWS\System32\profapi.dll
0x00007ffa13190000 - 0x00007ffa131da000 	C:\WINDOWS\System32\powrprof.dll
0x00007ffa13160000 - 0x00007ffa13170000 	C:\WINDOWS\System32\UMPDC.dll
0x00007ffa16180000 - 0x00007ffa161d2000 	C:\WINDOWS\System32\shlwapi.dll
0x00007ffa13210000 - 0x00007ffa13221000 	C:\WINDOWS\System32\kernel.appcore.dll
0x00007ffa13230000 - 0x00007ffa13247000 	C:\WINDOWS\System32\cryptsp.dll
0x00007ffa07b60000 - 0x00007ffa07b7a000 	C:\Program Files\Android\Android Studio\jre\jre\bin\net.dll
0x00007ffa129d0000 - 0x00007ffa12a37000 	C:\WINDOWS\system32\mswsock.dll
0x00007ffa07b40000 - 0x00007ffa07b53000 	C:\Program Files\Android\Android Studio\jre\jre\bin\nio.dll
0x00007ff9de440000 - 0x00007ff9de466000 	C:\Users\Asus\.gradle\native\31\windows-amd64\native-platform.dll
0x00007ffa0ce40000 - 0x00007ffa0ce4d000 	C:\Program Files\Android\Android Studio\jre\jre\bin\management.dll
0x00007ffa12540000 - 0x00007ffa12573000 	C:\WINDOWS\system32\rsaenh.dll
0x00007ffa142c0000 - 0x00007ffa142e6000 	C:\WINDOWS\System32\bcrypt.dll
0x00007ffa13080000 - 0x00007ffa130a5000 	C:\WINDOWS\SYSTEM32\USERENV.dll
0x00007ffa12ba0000 - 0x00007ffa12bac000 	C:\WINDOWS\SYSTEM32\CRYPTBASE.dll
0x00007ffa126e0000 - 0x00007ffa1271a000 	C:\WINDOWS\SYSTEM32\IPHLPAPI.DLL
0x00007ffa14920000 - 0x00007ffa14928000 	C:\WINDOWS\System32\NSI.dll
0x00007ffa0ab40000 - 0x00007ffa0ab56000 	C:\WINDOWS\SYSTEM32\dhcpcsvc6.DLL
0x00007ffa0b440000 - 0x00007ffa0b45c000 	C:\WINDOWS\SYSTEM32\dhcpcsvc.DLL
0x00007ffa12730000 - 0x00007ffa127fb000 	C:\WINDOWS\SYSTEM32\DNSAPI.dll
0x00007ffa05a50000 - 0x00007ffa05a6e000 	C:\Users\Asus\AppData\Local\Temp\native-platform4299300700695235477dir\native-platform.dll
0x00007ffa11930000 - 0x00007ffa11b24000 	C:\WINDOWS\SYSTEM32\dbghelp.dll

VM Arguments:
jvm_args: -Xmx1536m -Dfile.encoding=windows-1252 -Duser.country=IN -Duser.language=en -Duser.variant 
java_command: org.gradle.launcher.daemon.bootstrap.GradleDaemon 6.1.1
java_class_path (initial): C:\Users\Asus\.gradle\wrapper\dists\gradle-6.1.1-all\cfmwm155h49vnt3hynmlrsdst\gradle-6.1.1\lib\gradle-launcher-6.1.1.jar
Launcher Type: SUN_STANDARD

Environment Variables:
PATH=C:\ProgramData\Oracle\Java\javapath;C:\app\Asus\product\11.2.0\dbhome_1\bin;C:\Program Files (x86)\Intel\Intel(R) Management Engine Components\iCLS\;C:\Program Files\Intel\Intel(R) Management Engine Components\iCLS\;C:\Windows\system32;C:\Windows;C:\Windows\System32\Wbem;C:\Windows\System32\WindowsPowerShell\v1.0\;C:\Windows\System32\OpenSSH\;C:\Program Files (x86)\Intel\Intel(R) Management Engine Components\DAL;C:\Program Files\Intel\Intel(R) Management Engine Components\DAL;C:\Program Files (x86)\Intel\Intel(R) Management Engine Components\IPT;C:\Program Files\Intel\Intel(R) Management Engine Components\IPT;C:\Program Files (x86)\NVIDIA Corporation\PhysX\Common;C:\Program Files\Intel\WiFi\bin\;C:\Program Files\Common Files\Intel\WirelessCommon\;C:\Program Files\Git\cmd;C:\Program Files\PuTTY\;C:\Program Files\Java\jdk1.8.0_121\bin;C:\WINDOWS\system32;C:\WINDOWS;C:\WINDOWS\System32\Wbem;C:\WINDOWS\System32\WindowsPowerShell\v1.0\;C:\WINDOWS\System32\OpenSSH\;C:\Python27;C:\xampp\php;C:\ProgramData\ComposerSetup\bin;C:\src\flutter\bin;C:\Program Files\MATLAB\R2020a\bin;C:\Program Files (x86)\mingw-w64\i686-8.1.0-posix-dwarf-rt_v6-rev0\mingw32\bin;C:\Users\Asus\AppData\Local\Programs\Microsoft VS Code\bin;C:\Users\Asus\AppData\Local\Microsoft\WindowsApps;C:\Users\Asus\AppData\Local\Programs\Python\Python37;C:\Users\Asus\AppData\Roaming\Composer\vendor\bin;C:\Users\Asus\AppData\Local\GitHubDesktop\bin
USERNAME=newguest
OS=Windows_NT
PROCESSOR_IDENTIFIER=Intel64 Family 6 Model 142 Stepping 10, GenuineIntel



---------------  S Y S T E M  ---------------

OS: Windows 10.0 , 64 bit Build 18362 (10.0.18362.900)

CPU:total 8 (initial active 8) (4 cores per cpu, 2 threads per core) family 6 model 142 stepping 10, cmov, cx8, fxsr, mmx, sse, sse2, sse3, ssse3, sse4.1, sse4.2, popcnt, avx, avx2, aes, clmul, erms, 3dnowpref, lzcnt, ht, tsc, tscinvbit, bmi1, bmi2, adx

Memory: 4k page, physical 12458036k(4091268k free), swap 19798068k(9619392k free)

vm_info: OpenJDK 64-Bit Server VM (25.242-b01) for windows-amd64 JRE (1.8.0_242-release-1644-b01), built by "builder" with MS VC++ 10.0 (VS2010)

time: Sat Jul 11 16:06:17 2020
timezone: India Standard Time
elapsed time: 1060 seconds (0d 0h 17m 40s)

