#
# A fatal error has been detected by the Java Runtime Environment:
#
#  EXCEPTION_ACCESS_VIOLATION (0xc0000005) at pc=0x0000000068f64b74, pid=5056, tid=0x000000000000314c
#
# JRE version: OpenJDK Runtime Environment (8.0_242-b01) (build 1.8.0_242-release-1644-b01)
# Java VM: OpenJDK 64-Bit Server VM (25.242-b01 mixed mode windows-amd64 compressed oops)
# Problematic frame:
# V  [jvm.dll+0x494b74]
#
# Failed to write core dump. Minidumps are not enabled by default on client versions of Windows
#
# If you would like to submit a bug report, please visit:
#   
#

---------------  T H R E A D  ---------------

Current thread (0x0000000018a27800):  JavaThread "C2 CompilerThread1" daemon [_thread_in_native, id=12620, stack(0x00000000193f0000,0x00000000194f0000)]

siginfo: ExceptionCode=0xc0000005, reading address 0x0000000000000010

Registers:
RAX=0x0000000000000000, RBX=0x0000000018cc12e0, RCX=0x0000000018cc12e0, RDX=0x0000000080000000
RSP=0x00000000194eb500, RBP=0x00000000194eb670, RSI=0x0000000000000109, RDI=0x00000000194eb618
R8 =0x0000000000000037, R9 =0x0000000000000000, R10=0x00000000194eba00, R11=0x0000000021a756b0
R12=0x0000000000000030, R13=0x000000001a3b9090, R14=0x00000000194eb5a8, R15=0x00000000194eb5c8
RIP=0x0000000068f64b74, EFLAGS=0x0000000000010206

Top of Stack: (sp=0x00000000194eb500)
0x00000000194eb500:   000000001e762be8 0000000000000108
0x00000000194eb510:   0000000000000001 000000001f2aec90
0x00000000194eb520:   00000000194ec3d8 0000000068f982a0
0x00000000194eb530:   000000001bd46d80 0000000016c055b0
0x00000000194eb540:   0000000020d3f740 00000000194eb670
0x00000000194eb550:   0000000016c055b0 0000000000000001
0x00000000194eb560:   00000000194eba00 0000000068f66a23
0x00000000194eb570:   00000000194eba00 0000000000000001
0x00000000194eb580:   0000000000000043 00000000194eb618
0x00000000194eb590:   000000001bd46dd0 000000001bd4ed68
0x00000000194eb5a0:   0000000000028338 0000000016c055b0
0x00000000194eb5b0:   0000000000000200 0000000021a746b0
0x00000000194eb5c0:   000000000000010a 000000006910f9e8
0x00000000194eb5d0:   0000000016c055b0 00007ff800000080
0x00000000194eb5e0:   0000000021a733f0 0000000000000001
0x00000000194eb5f0:   000000001bd46d80 0000000016c055b0 

Instructions: (pc=0x0000000068f64b74)
0x0000000068f64b54:   8c 24 80 00 00 00 48 89 1c e8 eb 97 48 8b 43 08
0x0000000068f64b64:   48 83 38 00 0f 84 87 00 00 00 48 8b 03 48 8b cb
0x0000000068f64b74:   ff 50 10 84 c0 75 0a 0f b6 43 2c 24 0f 3c 0c 75
0x0000000068f64b84:   6b 8b 4b 28 8b c1 c1 e8 05 41 3b 47 10 73 29 4c 


Register to memory mapping:

RAX=0x0000000000000000 is an unknown value
RBX=0x0000000018cc12e0 is an unknown value
RCX=0x0000000018cc12e0 is an unknown value
RDX=0x0000000080000000 is an unknown value
RSP=0x00000000194eb500 is pointing into the stack for thread: 0x0000000018a27800
RBP=0x00000000194eb670 is pointing into the stack for thread: 0x0000000018a27800
RSI=0x0000000000000109 is an unknown value
RDI=0x00000000194eb618 is pointing into the stack for thread: 0x0000000018a27800
R8 =0x0000000000000037 is an unknown value
R9 =0x0000000000000000 is an unknown value
R10=0x00000000194eba00 is pointing into the stack for thread: 0x0000000018a27800
R11=0x0000000021a756b0 is an unknown value
R12=0x0000000000000030 is an unknown value
R13=0x000000001a3b9090 is an unknown value
R14=0x00000000194eb5a8 is pointing into the stack for thread: 0x0000000018a27800
R15=0x00000000194eb5c8 is pointing into the stack for thread: 0x0000000018a27800


Stack: [0x00000000193f0000,0x00000000194f0000],  sp=0x00000000194eb500,  free space=1005k
Native frames: (J=compiled Java code, j=interpreted, Vv=VM code, C=native code)
V  [jvm.dll+0x494b74]
V  [jvm.dll+0x496a23]
V  [jvm.dll+0x446852]
V  [jvm.dll+0x447f14]
V  [jvm.dll+0x42b072]
V  [jvm.dll+0x8230f]
V  [jvm.dll+0x82c7f]
V  [jvm.dll+0x220b7f]
V  [jvm.dll+0x27276a]
C  [msvcr100.dll+0x21d9f]
C  [msvcr100.dll+0x21e3b]
C  [KERNEL32.DLL+0x17bd4]
C  [ntdll.dll+0x6ce51]


Current CompileTask:
C2: 209762 11709       4       org.gradle.internal.vfs.impl.DefaultWatchingVirtualFileSystem::read (7 bytes)


---------------  P R O C E S S  ---------------

Java Threads: ( => current thread )
  0x000000001b6d5000 JavaThread "Cache worker for execution history cache (C:\Users\Asus\AndroidStudioProjects\FitnessApp\.gradle\6.1.1\executionHistory)" [_thread_blocked, id=11480, stack(0x0000000027f50000,0x0000000028050000)]
  0x000000001b6d4800 JavaThread "Execution worker for ':' Thread 7" [_thread_blocked, id=11392, stack(0x0000000027e50000,0x0000000027f50000)]
  0x000000001b6d3800 JavaThread "Execution worker for ':' Thread 6" [_thread_blocked, id=12896, stack(0x0000000027d50000,0x0000000027e50000)]
  0x000000001b6da800 JavaThread "Execution worker for ':' Thread 5" [_thread_blocked, id=1884, stack(0x0000000027c50000,0x0000000027d50000)]
  0x000000001b6d7800 JavaThread "Execution worker for ':' Thread 4" [_thread_in_Java, id=5084, stack(0x0000000026f00000,0x0000000027000000)]
  0x000000001b6d9000 JavaThread "Execution worker for ':' Thread 3" [_thread_blocked, id=1688, stack(0x0000000026a10000,0x0000000026b10000)]
  0x0000000025570800 JavaThread "Execution worker for ':' Thread 2" [_thread_blocked, id=2392, stack(0x0000000026910000,0x0000000026a10000)]
  0x0000000025570000 JavaThread "Execution worker for ':'" [_thread_blocked, id=11784, stack(0x0000000026700000,0x0000000026800000)]
  0x000000002556f000 JavaThread "Cache worker for file content cache (C:\Users\Asus\AndroidStudioProjects\FitnessApp\.gradle\6.1.1\fileContent)" [_thread_blocked, id=8228, stack(0x0000000026810000,0x0000000026910000)]
  0x000000002556e800 JavaThread "Cache worker for Build Output Cleanup Cache (C:\Users\Asus\AndroidStudioProjects\FitnessApp\.gradle\buildOutputCleanup)" [_thread_blocked, id=11672, stack(0x0000000026600000,0x0000000026700000)]
  0x0000000025566000 JavaThread "pool-3-thread-1" [_thread_blocked, id=9020, stack(0x0000000025130000,0x0000000025230000)]
  0x000000002556c800 JavaThread "Build operations Thread 8" [_thread_blocked, id=12284, stack(0x0000000024e30000,0x0000000024f30000)]
  0x000000002556c000 JavaThread "Build operations Thread 7" [_thread_in_Java, id=11876, stack(0x0000000024130000,0x0000000024230000)]
  0x000000002556b000 JavaThread "Build operations Thread 6" [_thread_blocked, id=12756, stack(0x0000000023980000,0x0000000023a80000)]
  0x0000000025563800 JavaThread "Build operations Thread 5" [_thread_in_Java, id=8968, stack(0x0000000023880000,0x0000000023980000)]
  0x0000000025565000 JavaThread "Build operations Thread 4" [_thread_blocked, id=12208, stack(0x0000000023780000,0x0000000023880000)]
  0x000000002556a800 JavaThread "Build operations Thread 3" [_thread_blocked, id=5012, stack(0x0000000023680000,0x0000000023780000)]
  0x0000000025563000 JavaThread "Build operations Thread 2" [_thread_blocked, id=4016, stack(0x0000000023580000,0x0000000023680000)]
  0x0000000025569800 JavaThread "Build operations" [_thread_blocked, id=2664, stack(0x0000000023480000,0x0000000023580000)]
  0x0000000025562000 JavaThread "Cache worker for cache directory md-rule (C:\Users\Asus\.gradle\caches\6.1.1\md-rule)" [_thread_blocked, id=9568, stack(0x0000000022cd0000,0x0000000022dd0000)]
  0x0000000025569000 JavaThread "Cache worker for cache directory md-supplier (C:\Users\Asus\.gradle\caches\6.1.1\md-supplier)" [_thread_blocked, id=12720, stack(0x0000000020250000,0x0000000020350000)]
  0x0000000025561800 JavaThread "Cache worker for file hash cache (C:\Users\Asus\AndroidStudioProjects\FitnessApp\.gradle\6.1.1\fileHashes)" [_thread_blocked, id=7088, stack(0x000000001feb0000,0x000000001ffb0000)]
  0x0000000025566800 JavaThread "Cache worker for checksums cache (C:\Users\Asus\AndroidStudioProjects\FitnessApp\.gradle\checksums)" [_thread_blocked, id=940, stack(0x000000001fdb0000,0x000000001feb0000)]
  0x0000000025567800 JavaThread "Thread-70" [_thread_blocked, id=6632, stack(0x000000001fcb0000,0x000000001fdb0000)]
  0x0000000018d43000 JavaThread "Stdin handler" [_thread_blocked, id=12432, stack(0x000000001d010000,0x000000001d110000)]
  0x0000000018d49000 JavaThread "Asynchronous log dispatcher for DefaultDaemonConnection: socket connection from /127.0.0.1:50065 to /127.0.0.1:50198" [_thread_blocked, id=1744, stack(0x000000001cf10000,0x000000001d010000)]
  0x0000000018d48800 JavaThread "Daemon worker Thread 2" [_thread_blocked, id=13168, stack(0x000000001ce10000,0x000000001cf10000)]
  0x0000000018d47800 JavaThread "Cancel handler" [_thread_blocked, id=2404, stack(0x000000001ca10000,0x000000001cb10000)]
  0x0000000018d47000 JavaThread "Handler for socket connection from /127.0.0.1:50065 to /127.0.0.1:50198" [_thread_in_native, id=1696, stack(0x0000000001150000,0x0000000001250000)]
  0x0000000018d46000 JavaThread "Daemon Thread 2" [_thread_blocked, id=5348, stack(0x0000000001050000,0x0000000001150000)]
  0x0000000018d42800 JavaThread "RMI RenewClean-[127.0.0.1:17010,org.jetbrains.kotlin.daemon.common.LoopbackNetworkInterface$ClientLoopbackSocketFactory@762535ee]" daemon [_thread_blocked, id=9720, stack(0x0000000027850000,0x0000000027950000)]
  0x0000000025568000 JavaThread "RMI Reaper" [_thread_blocked, id=10088, stack(0x0000000027b50000,0x0000000027c50000)]
  0x0000000018d45800 JavaThread "RMI TCP Accept-0" daemon [_thread_in_native, id=11928, stack(0x0000000027a50000,0x0000000027b50000)]
  0x0000000018d44800 JavaThread "GC Daemon" daemon [_thread_blocked, id=12808, stack(0x0000000027950000,0x0000000027a50000)]
  0x0000000018d44000 JavaThread "RMI Scheduler(0)" daemon [_thread_blocked, id=12796, stack(0x0000000026e00000,0x0000000026f00000)]
  0x000000001b6dc800 JavaThread "Cache worker for file content cache (C:\Users\Asus\.gradle\caches\6.1.1\fileContent)" [_thread_blocked, id=5864, stack(0x0000000024d30000,0x0000000024e30000)]
  0x000000001b6e1800 JavaThread "Memory manager" [_thread_blocked, id=8460, stack(0x0000000024c30000,0x0000000024d30000)]
  0x000000001b4fd000 JavaThread "Cache worker for execution history cache (C:\Users\Asus\.gradle\caches\6.1.1\executionHistory)" [_thread_blocked, id=10420, stack(0x0000000021400000,0x0000000021500000)]
  0x000000001b4fe800 JavaThread "Cache worker for file hash cache (C:\Users\Asus\.gradle\caches\6.1.1\fileHashes)" [_thread_blocked, id=3308, stack(0x000000001d810000,0x000000001d910000)]
  0x000000001b4f9000 JavaThread "File lock request listener" [_thread_in_native, id=3120, stack(0x000000001d710000,0x000000001d810000)]
  0x00000000199be800 JavaThread "Cache worker for journal cache (C:\Users\Asus\.gradle\caches\journal-1)" [_thread_blocked, id=9476, stack(0x000000001d610000,0x000000001d710000)]
  0x000000001b444000 JavaThread "Daemon periodic checks" [_thread_blocked, id=13092, stack(0x000000001c910000,0x000000001ca10000)]
  0x000000001b401000 JavaThread "Incoming local TCP Connector on port 50065" [_thread_in_native, id=9728, stack(0x000000001c6d0000,0x000000001c7d0000)]
  0x000000001b31c000 JavaThread "Daemon health stats" [_thread_blocked, id=7464, stack(0x000000001c090000,0x000000001c190000)]
  0x0000000018ab2000 JavaThread "Service Thread" daemon [_thread_blocked, id=12456, stack(0x00000000196f0000,0x00000000197f0000)]
  0x0000000018a34800 JavaThread "C1 CompilerThread3" daemon [_thread_in_vm, id=13088, stack(0x00000000195f0000,0x00000000196f0000)]
  0x0000000018a2a000 JavaThread "C2 CompilerThread2" daemon [_thread_in_native, id=12544, stack(0x00000000194f0000,0x00000000195f0000)]
=>0x0000000018a27800 JavaThread "C2 CompilerThread1" daemon [_thread_in_native, id=12620, stack(0x00000000193f0000,0x00000000194f0000)]
  0x0000000018a25800 JavaThread "C2 CompilerThread0" daemon [_thread_in_native, id=11076, stack(0x00000000192f0000,0x00000000193f0000)]
  0x0000000018a24800 JavaThread "Attach Listener" daemon [_thread_blocked, id=4352, stack(0x00000000191f0000,0x00000000192f0000)]
  0x0000000018a23800 JavaThread "Signal Dispatcher" daemon [_thread_blocked, id=10584, stack(0x00000000190f0000,0x00000000191f0000)]
  0x0000000018a10800 JavaThread "Finalizer" daemon [_thread_blocked, id=8692, stack(0x0000000018ef0000,0x0000000018ff0000)]
  0x0000000002e48000 JavaThread "Reference Handler" daemon [_thread_blocked, id=10784, stack(0x0000000018df0000,0x0000000018ef0000)]
  0x0000000000e0e000 JavaThread "main" [_thread_blocked, id=5324, stack(0x0000000002c50000,0x0000000002d50000)]

Other Threads:
  0x0000000016c06800 VMThread [stack: 0x00000000188f0000,0x00000000189f0000] [id=7160]
  0x0000000018ab2800 WatcherThread [stack: 0x00000000197f0000,0x00000000198f0000] [id=10564]

VM state:not at safepoint (normal execution)

VM Mutex/Monitor currently owned by a thread: None

heap address: 0x00000000a0000000, size: 1536 MB, Compressed Oops mode: 32-bit
Narrow klass base: 0x0000000000000000, Narrow klass shift: 3
Compressed class space size: 1073741824 Address: 0x0000000100000000

Heap:
 PSYoungGen      total 340480K, used 259488K [0x00000000e0000000, 0x00000000f9480000, 0x0000000100000000)
  eden space 314368K, 74% used [0x00000000e0000000,0x00000000ee4f3028,0x00000000f3300000)
  from space 26112K, 95% used [0x00000000f3300000,0x00000000f4b75038,0x00000000f4c80000)
  to   space 29696K, 0% used [0x00000000f7780000,0x00000000f7780000,0x00000000f9480000)
 ParOldGen       total 178688K, used 50773K [0x00000000a0000000, 0x00000000aae80000, 0x00000000e0000000)
  object space 178688K, 28% used [0x00000000a0000000,0x00000000a3195760,0x00000000aae80000)
 Metaspace       used 75524K, capacity 79576K, committed 79784K, reserved 1118208K
  class space    used 10041K, capacity 10861K, committed 10928K, reserved 1048576K

Card table byte_map: [0x0000000012210000,0x0000000012520000] byte_map_base: 0x0000000011d10000

Marking Bits: (ParMarkBitMap*) 0x000000006929f030
 Begin Bits: [0x0000000012f20000, 0x0000000014720000)
 End Bits:   [0x0000000014720000, 0x0000000015f20000)

Polling page: 0x0000000000e70000

CodeCache: size=245760Kb used=32395Kb max_used=32406Kb free=213364Kb
 bounds [0x0000000002e50000, 0x0000000004e20000, 0x0000000011e50000]
 total_blobs=10927 nmethods=10101 adapters=738
 compilation: enabled

Compilation events (10 events):
Event: 209.726 Thread 0x0000000018a34800 11744       3       com.android.build.gradle.internal.SdkDirectLoadingStrategy::getComponents (22 bytes)
Event: 209.726 Thread 0x0000000018a34800 nmethod 11744 0x0000000004dfcfd0 code [0x0000000004dfd140, 0x0000000004dfd448]
Event: 209.730 Thread 0x0000000018a25800 nmethod 11716 0x0000000004e09e50 code [0x0000000004e0a100, 0x0000000004e0bd00]
Event: 209.731 Thread 0x0000000018a25800 11742       4       java.util.ArrayList$ArrayListSpliterator::getFence (48 bytes)
Event: 209.732 Thread 0x0000000018a25800 nmethod 11742 0x0000000004c70590 code [0x0000000004c706c0, 0x0000000004c70758]
Event: 209.732 Thread 0x0000000018a25800 11718       4       org.gradle.api.internal.tasks.compile.tooling.JavaCompileTaskSuccessResultPostProcessor::started (72 bytes)
Event: 209.735 Thread 0x0000000018a34800 11748       3       org.gradle.api.specs.Specs::doIntersect (115 bytes)
Event: 209.736 Thread 0x0000000018a34800 nmethod 11748 0x0000000004e07d10 code [0x0000000004e07fe0, 0x0000000004e094e8]
Event: 209.736 Thread 0x0000000018a34800 11747       3       org.gradle.api.specs.Specs::intersect (33 bytes)
Event: 209.737 Thread 0x0000000018a34800 nmethod 11747 0x0000000004e07050 code [0x0000000004e07220, 0x0000000004e078f8]

GC Heap History (10 events):
Event: 6.499 GC heap before
{Heap before GC invocations=10 (full 2):
 PSYoungGen      total 206336K, used 193024K [0x00000000e0000000, 0x00000000f3b00000, 0x0000000100000000)
  eden space 193024K, 100% used [0x00000000e0000000,0x00000000ebc80000,0x00000000ebc80000)
  from space 13312K, 0% used [0x00000000ebc80000,0x00000000ebc80000,0x00000000ec980000)
  to   space 13312K, 0% used [0x00000000f2e00000,0x00000000f2e00000,0x00000000f3b00000)
 ParOldGen       total 115712K, used 16858K [0x00000000a0000000, 0x00000000a7100000, 0x00000000e0000000)
  object space 115712K, 14% used [0x00000000a0000000,0x00000000a1076b20,0x00000000a7100000)
 Metaspace       used 50537K, capacity 52402K, committed 52520K, reserved 1095680K
  class space    used 6737K, capacity 7216K, committed 7216K, reserved 1048576K
Event: 6.515 GC heap after
Heap after GC invocations=10 (full 2):
 PSYoungGen      total 276480K, used 13295K [0x00000000e0000000, 0x00000000f3b00000, 0x0000000100000000)
  eden space 263168K, 0% used [0x00000000e0000000,0x00000000e0000000,0x00000000f0100000)
  from space 13312K, 99% used [0x00000000f2e00000,0x00000000f3afbc00,0x00000000f3b00000)
  to   space 19456K, 0% used [0x00000000f1500000,0x00000000f1500000,0x00000000f2800000)
 ParOldGen       total 115712K, used 26674K [0x00000000a0000000, 0x00000000a7100000, 0x00000000e0000000)
  object space 115712K, 23% used [0x00000000a0000000,0x00000000a1a0cb20,0x00000000a7100000)
 Metaspace       used 50537K, capacity 52402K, committed 52520K, reserved 1095680K
  class space    used 6737K, capacity 7216K, committed 7216K, reserved 1048576K
}
Event: 7.581 GC heap before
{Heap before GC invocations=11 (full 2):
 PSYoungGen      total 276480K, used 109495K [0x00000000e0000000, 0x00000000f3b00000, 0x0000000100000000)
  eden space 263168K, 36% used [0x00000000e0000000,0x00000000e5df2358,0x00000000f0100000)
  from space 13312K, 99% used [0x00000000f2e00000,0x00000000f3afbc00,0x00000000f3b00000)
  to   space 19456K, 0% used [0x00000000f1500000,0x00000000f1500000,0x00000000f2800000)
 ParOldGen       total 115712K, used 26674K [0x00000000a0000000, 0x00000000a7100000, 0x00000000e0000000)
  object space 115712K, 23% used [0x00000000a0000000,0x00000000a1a0cb20,0x00000000a7100000)
 Metaspace       used 56898K, capacity 58992K, committed 59160K, reserved 1099776K
  class space    used 7724K, capacity 8258K, committed 8368K, reserved 1048576K
Event: 7.599 GC heap after
Heap after GC invocations=11 (full 2):
 PSYoungGen      total 303104K, used 19430K [0x00000000e0000000, 0x00000000f6300000, 0x0000000100000000)
  eden space 283648K, 0% used [0x00000000e0000000,0x00000000e0000000,0x00000000f1500000)
  from space 19456K, 99% used [0x00000000f1500000,0x00000000f27f9a48,0x00000000f2800000)
  to   space 23040K, 0% used [0x00000000f4c80000,0x00000000f4c80000,0x00000000f6300000)
 ParOldGen       total 115712K, used 29406K [0x00000000a0000000, 0x00000000a7100000, 0x00000000e0000000)
  object space 115712K, 25% used [0x00000000a0000000,0x00000000a1cb79d0,0x00000000a7100000)
 Metaspace       used 56898K, capacity 58992K, committed 59160K, reserved 1099776K
  class space    used 7724K, capacity 8258K, committed 8368K, reserved 1048576K
}
Event: 7.599 GC heap before
{Heap before GC invocations=12 (full 3):
 PSYoungGen      total 303104K, used 19430K [0x00000000e0000000, 0x00000000f6300000, 0x0000000100000000)
  eden space 283648K, 0% used [0x00000000e0000000,0x00000000e0000000,0x00000000f1500000)
  from space 19456K, 99% used [0x00000000f1500000,0x00000000f27f9a48,0x00000000f2800000)
  to   space 23040K, 0% used [0x00000000f4c80000,0x00000000f4c80000,0x00000000f6300000)
 ParOldGen       total 115712K, used 29406K [0x00000000a0000000, 0x00000000a7100000, 0x00000000e0000000)
  object space 115712K, 25% used [0x00000000a0000000,0x00000000a1cb79d0,0x00000000a7100000)
 Metaspace       used 56898K, capacity 58992K, committed 59160K, reserved 1099776K
  class space    used 7724K, capacity 8258K, committed 8368K, reserved 1048576K
Event: 7.884 GC heap after
Heap after GC invocations=12 (full 3):
 PSYoungGen      total 303104K, used 0K [0x00000000e0000000, 0x00000000f6300000, 0x0000000100000000)
  eden space 283648K, 0% used [0x00000000e0000000,0x00000000e0000000,0x00000000f1500000)
  from space 19456K, 0% used [0x00000000f1500000,0x00000000f1500000,0x00000000f2800000)
  to   space 23040K, 0% used [0x00000000f4c80000,0x00000000f4c80000,0x00000000f6300000)
 ParOldGen       total 178688K, used 34638K [0x00000000a0000000, 0x00000000aae80000, 0x00000000e0000000)
  object space 178688K, 19% used [0x00000000a0000000,0x00000000a21d3a70,0x00000000aae80000)
 Metaspace       used 56870K, capacity 58896K, committed 59160K, reserved 1099776K
  class space    used 7715K, capacity 8242K, committed 8368K, reserved 1048576K
}
Event: 10.149 GC heap before
{Heap before GC invocations=13 (full 3):
 PSYoungGen      total 303104K, used 283648K [0x00000000e0000000, 0x00000000f6300000, 0x0000000100000000)
  eden space 283648K, 100% used [0x00000000e0000000,0x00000000f1500000,0x00000000f1500000)
  from space 19456K, 0% used [0x00000000f1500000,0x00000000f1500000,0x00000000f2800000)
  to   space 23040K, 0% used [0x00000000f4c80000,0x00000000f4c80000,0x00000000f6300000)
 ParOldGen       total 178688K, used 34638K [0x00000000a0000000, 0x00000000aae80000, 0x00000000e0000000)
  object space 178688K, 19% used [0x00000000a0000000,0x00000000a21d3a70,0x00000000aae80000)
 Metaspace       used 64343K, capacity 67928K, committed 68264K, reserved 1107968K
  class space    used 8820K, capacity 9542K, committed 9648K, reserved 1048576K
Event: 10.178 GC heap after
Heap after GC invocations=13 (full 3):
 PSYoungGen      total 337408K, used 23016K [0x00000000e0000000, 0x00000000f7400000, 0x0000000100000000)
  eden space 314368K, 0% used [0x00000000e0000000,0x00000000e0000000,0x00000000f3300000)
  from space 23040K, 99% used [0x00000000f4c80000,0x00000000f62fa240,0x00000000f6300000)
  to   space 26112K, 0% used [0x00000000f3300000,0x00000000f3300000,0x00000000f4c80000)
 ParOldGen       total 178688K, used 34654K [0x00000000a0000000, 0x00000000aae80000, 0x00000000e0000000)
  object space 178688K, 19% used [0x00000000a0000000,0x00000000a21d7a70,0x00000000aae80000)
 Metaspace       used 64343K, capacity 67928K, committed 68264K, reserved 1107968K
  class space    used 8820K, capacity 9542K, committed 9648K, reserved 1048576K
}
Event: 61.372 GC heap before
{Heap before GC invocations=14 (full 3):
 PSYoungGen      total 337408K, used 337384K [0x00000000e0000000, 0x00000000f7400000, 0x0000000100000000)
  eden space 314368K, 100% used [0x00000000e0000000,0x00000000f3300000,0x00000000f3300000)
  from space 23040K, 99% used [0x00000000f4c80000,0x00000000f62fa240,0x00000000f6300000)
  to   space 26112K, 0% used [0x00000000f3300000,0x00000000f3300000,0x00000000f4c80000)
 ParOldGen       total 178688K, used 34654K [0x00000000a0000000, 0x00000000aae80000, 0x00000000e0000000)
  object space 178688K, 19% used [0x00000000a0000000,0x00000000a21d7a70,0x00000000aae80000)
 Metaspace       used 74946K, capacity 79010K, committed 79272K, reserved 1118208K
  class space    used 10028K, capacity 10842K, committed 10928K, reserved 1048576K
Event: 61.410 GC heap after
Heap after GC invocations=14 (full 3):
 PSYoungGen      total 340480K, used 25044K [0x00000000e0000000, 0x00000000f9480000, 0x0000000100000000)
  eden space 314368K, 0% used [0x00000000e0000000,0x00000000e0000000,0x00000000f3300000)
  from space 26112K, 95% used [0x00000000f3300000,0x00000000f4b75038,0x00000000f4c80000)
  to   space 29696K, 0% used [0x00000000f7780000,0x00000000f7780000,0x00000000f9480000)
 ParOldGen       total 178688K, used 50773K [0x00000000a0000000, 0x00000000aae80000, 0x00000000e0000000)
  object space 178688K, 28% used [0x00000000a0000000,0x00000000a3195760,0x00000000aae80000)
 Metaspace       used 74946K, capacity 79010K, committed 79272K, reserved 1118208K
  class space    used 10028K, capacity 10842K, committed 10928K, reserved 1048576K
}

Deoptimization events (10 events):
Event: 62.571 Thread 0x000000002556c800 Uncommon trap: reason=unstable_if action=reinterpret pc=0x00000000032e7300 method=java.util.concurrent.locks.AbstractQueuedSynchronizer.acquire(I)V @ 20
Event: 62.599 Thread 0x0000000025563000 Uncommon trap: reason=unstable_if action=reinterpret pc=0x0000000003eb8588 method=com.esotericsoftware.kryo.io.Input.require(I)I @ 180
Event: 208.822 Thread 0x0000000018d48800 Uncommon trap: reason=unstable_if action=reinterpret pc=0x0000000004805a80 method=org.gradle.tooling.internal.provider.runner.SubtreeFilteringBuildOperationListener.started(Lorg/gradle/internal/operations/BuildOperationDescriptor;Lorg/gradle/internal/oper
Event: 208.823 Thread 0x0000000018d48800 Uncommon trap: reason=array_check action=maybe_recompile pc=0x0000000004321a44 method=com.google.common.collect.ImmutableSet.construct(I[Ljava/lang/Object;)Lcom/google/common/collect/ImmutableSet; @ 122
Event: 208.824 Thread 0x0000000018d48800 Uncommon trap: reason=array_check action=maybe_recompile pc=0x0000000004321a44 method=com.google.common.collect.ImmutableSet.construct(I[Ljava/lang/Object;)Lcom/google/common/collect/ImmutableSet; @ 122
Event: 208.824 Thread 0x0000000018d48800 Uncommon trap: reason=array_check action=maybe_recompile pc=0x0000000004321a44 method=com.google.common.collect.ImmutableSet.construct(I[Ljava/lang/Object;)Lcom/google/common/collect/ImmutableSet; @ 122
Event: 208.824 Thread 0x0000000018d48800 Uncommon trap: reason=array_check action=maybe_recompile pc=0x0000000004321a44 method=com.google.common.collect.ImmutableSet.construct(I[Ljava/lang/Object;)Lcom/google/common/collect/ImmutableSet; @ 122
Event: 209.010 Thread 0x0000000018d48800 Uncommon trap: reason=bimorphic action=maybe_recompile pc=0x0000000002fea514 method=org.codehaus.groovy.util.SingleKeyHashMap.get(Ljava/lang/Object;)Ljava/lang/Object; @ 43
Event: 209.400 Thread 0x000000001b6d4800 Uncommon trap: reason=unstable_if action=reinterpret pc=0x00000000034415f8 method=java.util.concurrent.ArrayBlockingQueue.enqueue(Ljava/lang/Object;)V @ 25
Event: 209.459 Thread 0x00000000199be800 Uncommon trap: reason=unstable_if action=reinterpret pc=0x0000000003a63b54 method=java.util.concurrent.ArrayBlockingQueue.dequeue()Ljava/lang/Object; @ 32

Classes redefined (0 events):
No events

Internal exceptions (10 events):
Event: 61.875 Thread 0x000000001b6d9000 Exception <a 'sun/nio/fs/WindowsException'> (0x00000000e374ee68) thrown at [C:\src\AOSP-openjdk-git\hotspot\src\share\vm\prims\jni.cpp, line 710]
Event: 61.875 Thread 0x000000001b6d9000 Exception <a 'sun/nio/fs/WindowsException'> (0x00000000e374fac0) thrown at [C:\src\AOSP-openjdk-git\hotspot\src\share\vm\prims\jni.cpp, line 710]
Event: 61.875 Thread 0x000000001b6d9000 Exception <a 'sun/nio/fs/WindowsException'> (0x00000000e37507c0) thrown at [C:\src\AOSP-openjdk-git\hotspot\src\share\vm\prims\jni.cpp, line 710]
Event: 62.016 Thread 0x0000000018d42800 Exception <a 'java/lang/InterruptedException'> (0x00000000e3e641f0) thrown at [C:\src\AOSP-openjdk-git\hotspot\src\share\vm\runtime\objectMonitor.cpp, line 1680]
Event: 62.309 Thread 0x000000001b6d9000 Exception <a 'java/io/IOException': CreateProcess error=206, The filename or extension is too long> (0x00000000e426aee0) thrown at [C:\src\AOSP-openjdk-git\hotspot\src\share\vm\prims\jni.cpp, line 737]
Event: 62.310 Thread 0x000000001b6d9000 Exception <a 'java/io/IOException': CreateProcess error=206, The filename or extension is too long> (0x00000000e42704a0) thrown at [C:\src\AOSP-openjdk-git\hotspot\src\share\vm\prims\jni.cpp, line 737]
Event: 62.456 Thread 0x000000001b6d9000 Exception <a 'java/lang/reflect/InvocationTargetException'> (0x00000000e46447d0) thrown at [C:\src\AOSP-openjdk-git\hotspot\src\share\vm\runtime\reflection.cpp, line 1092]
Event: 62.506 Thread 0x0000000018b2c800 Exception <a 'sun/nio/fs/WindowsException'> (0x00000000e03fdb18) thrown at [C:\src\AOSP-openjdk-git\hotspot\src\share\vm\prims\jni.cpp, line 710]
Event: 208.822 Thread 0x0000000018d48800 Implicit null exception at 0x000000000480505e to 0x0000000004805a65
Event: 208.965 Thread 0x0000000018d48800 Exception <a 'sun/nio/fs/WindowsException'> (0x00000000e62fc690) thrown at [C:\src\AOSP-openjdk-git\hotspot\src\share\vm\prims\jni.cpp, line 710]

Events (10 events):
Event: 209.586 Executing VM operation: RevokeBias
Event: 209.586 Executing VM operation: RevokeBias done
Event: 209.587 Executing VM operation: RevokeBias
Event: 209.587 Executing VM operation: RevokeBias done
Event: 209.587 Executing VM operation: RevokeBias
Event: 209.588 Executing VM operation: RevokeBias done
Event: 209.588 Executing VM operation: RevokeBias
Event: 209.589 Executing VM operation: RevokeBias done
Event: 209.591 Executing VM operation: RevokeBias
Event: 209.592 Executing VM operation: RevokeBias done


Dynamic libraries:
0x00007ff6d2cc0000 - 0x00007ff6d2cf1000 	C:\Program Files\Android\Android Studio\jre\bin\java.exe
0x00007ff8a5d20000 - 0x00007ff8a5f10000 	C:\WINDOWS\SYSTEM32\ntdll.dll
0x00007ff8a4a70000 - 0x00007ff8a4b22000 	C:\WINDOWS\System32\KERNEL32.DLL
0x00007ff8a2cb0000 - 0x00007ff8a2f54000 	C:\WINDOWS\System32\KERNELBASE.dll
0x00007ff8a42a0000 - 0x00007ff8a4343000 	C:\WINDOWS\System32\ADVAPI32.dll
0x00007ff8a3e30000 - 0x00007ff8a3ece000 	C:\WINDOWS\System32\msvcrt.dll
0x00007ff8a4200000 - 0x00007ff8a4297000 	C:\WINDOWS\System32\sechost.dll
0x00007ff8a5750000 - 0x00007ff8a5870000 	C:\WINDOWS\System32\RPCRT4.dll
0x00007ff8a4030000 - 0x00007ff8a41c4000 	C:\WINDOWS\System32\USER32.dll
0x00007ff8a30f0000 - 0x00007ff8a3111000 	C:\WINDOWS\System32\win32u.dll
0x00007ff8a41d0000 - 0x00007ff8a41f6000 	C:\WINDOWS\System32\GDI32.dll
0x00007ff8a38a0000 - 0x00007ff8a3a35000 	C:\WINDOWS\System32\gdi32full.dll
0x00007ff8a3050000 - 0x00007ff8a30ee000 	C:\WINDOWS\System32\msvcp_win.dll
0x00007ff8a3cd0000 - 0x00007ff8a3dca000 	C:\WINDOWS\System32\ucrtbase.dll
0x00007ff8a2090000 - 0x00007ff8a2314000 	C:\WINDOWS\WinSxS\amd64_microsoft.windows.common-controls_6595b64144ccf1df_6.0.18362.900_none_e6beb9d913147d17\COMCTL32.dll
0x00007ff8a46a0000 - 0x00007ff8a49d5000 	C:\WINDOWS\System32\combase.dll
0x00007ff8a2f80000 - 0x00007ff8a3000000 	C:\WINDOWS\System32\bcryptPrimitives.dll
0x00007ff8a4c20000 - 0x00007ff8a4c4e000 	C:\WINDOWS\System32\IMM32.DLL
0x0000000068800000 - 0x00000000688d2000 	C:\Program Files\Android\Android Studio\jre\jre\bin\msvcr100.dll
0x0000000068ad0000 - 0x000000006931b000 	C:\Program Files\Android\Android Studio\jre\jre\bin\server\jvm.dll
0x00007ff8a4a60000 - 0x00007ff8a4a68000 	C:\WINDOWS\System32\PSAPI.DLL
0x00007ff865ff0000 - 0x00007ff865ff9000 	C:\WINDOWS\SYSTEM32\WSOCK32.dll
0x00007ff89e340000 - 0x00007ff89e34a000 	C:\WINDOWS\SYSTEM32\VERSION.dll
0x00007ff89e3b0000 - 0x00007ff89e3d4000 	C:\WINDOWS\SYSTEM32\WINMM.dll
0x00007ff8a4bb0000 - 0x00007ff8a4c1f000 	C:\WINDOWS\System32\WS2_32.dll
0x00007ff89e380000 - 0x00007ff89e3ad000 	C:\WINDOWS\SYSTEM32\WINMMBASE.dll
0x00007ff8a3000000 - 0x00007ff8a304a000 	C:\WINDOWS\System32\cfgmgr32.dll
0x00007ff865fe0000 - 0x00007ff865fef000 	C:\Program Files\Android\Android Studio\jre\jre\bin\verify.dll
0x00007ff865fb0000 - 0x00007ff865fd9000 	C:\Program Files\Android\Android Studio\jre\jre\bin\java.dll
0x00007ff865f90000 - 0x00007ff865fa6000 	C:\Program Files\Android\Android Studio\jre\jre\bin\zip.dll
0x00007ff8a4d00000 - 0x00007ff8a53e6000 	C:\WINDOWS\System32\SHELL32.dll
0x00007ff8a4350000 - 0x00007ff8a43f9000 	C:\WINDOWS\System32\shcore.dll
0x00007ff8a3120000 - 0x00007ff8a38a0000 	C:\WINDOWS\System32\windows.storage.dll
0x00007ff8a2c60000 - 0x00007ff8a2c83000 	C:\WINDOWS\System32\profapi.dll
0x00007ff8a2c10000 - 0x00007ff8a2c5a000 	C:\WINDOWS\System32\powrprof.dll
0x00007ff8a2be0000 - 0x00007ff8a2bf0000 	C:\WINDOWS\System32\UMPDC.dll
0x00007ff8a4b30000 - 0x00007ff8a4b82000 	C:\WINDOWS\System32\shlwapi.dll
0x00007ff8a2c90000 - 0x00007ff8a2ca1000 	C:\WINDOWS\System32\kernel.appcore.dll
0x00007ff8a2f60000 - 0x00007ff8a2f77000 	C:\WINDOWS\System32\cryptsp.dll
0x00007ff865f70000 - 0x00007ff865f8a000 	C:\Program Files\Android\Android Studio\jre\jre\bin\net.dll
0x00007ff8a1d70000 - 0x00007ff8a1dd7000 	C:\WINDOWS\system32\mswsock.dll
0x00007ff865f50000 - 0x00007ff865f63000 	C:\Program Files\Android\Android Studio\jre\jre\bin\nio.dll
0x00007ff88ce00000 - 0x00007ff88ce26000 	C:\Users\Asus\.gradle\native\31\windows-amd64\native-platform.dll
0x00007ff865f40000 - 0x00007ff865f4d000 	C:\Program Files\Android\Android Studio\jre\jre\bin\management.dll
0x00007ff8a18e0000 - 0x00007ff8a1913000 	C:\WINDOWS\system32\rsaenh.dll
0x00007ff8a3a40000 - 0x00007ff8a3a66000 	C:\WINDOWS\System32\bcrypt.dll
0x00007ff8a2ad0000 - 0x00007ff8a2af5000 	C:\WINDOWS\SYSTEM32\USERENV.dll
0x00007ff8a1f40000 - 0x00007ff8a1f4c000 	C:\WINDOWS\SYSTEM32\CRYPTBASE.dll
0x00007ff8a1a80000 - 0x00007ff8a1aba000 	C:\WINDOWS\SYSTEM32\IPHLPAPI.DLL
0x00007ff8a44e0000 - 0x00007ff8a44e8000 	C:\WINDOWS\System32\NSI.dll
0x00007ff899a80000 - 0x00007ff899a96000 	C:\WINDOWS\SYSTEM32\dhcpcsvc6.DLL
0x00007ff89acc0000 - 0x00007ff89acdc000 	C:\WINDOWS\SYSTEM32\dhcpcsvc.DLL
0x00007ff8a1ac0000 - 0x00007ff8a1b8b000 	C:\WINDOWS\SYSTEM32\DNSAPI.dll
0x00007ff89f940000 - 0x00007ff89f95e000 	C:\Users\Asus\AppData\Local\Temp\native-platform2755696267820042051dir\native-platform.dll
0x00007ff8a26a0000 - 0x00007ff8a2894000 	C:\WINDOWS\SYSTEM32\dbghelp.dll

VM Arguments:
jvm_args: -Xmx1536m -Dfile.encoding=windows-1252 -Duser.country=IN -Duser.language=en -Duser.variant 
java_command: org.gradle.launcher.daemon.bootstrap.GradleDaemon 6.1.1
java_class_path (initial): C:\Users\Asus\.gradle\wrapper\dists\gradle-6.1.1-all\cfmwm155h49vnt3hynmlrsdst\gradle-6.1.1\lib\gradle-launcher-6.1.1.jar
Launcher Type: SUN_STANDARD

Environment Variables:
PATH=C:\ProgramData\Oracle\Java\javapath;C:\app\Asus\product\11.2.0\dbhome_1\bin;C:\Program Files (x86)\Intel\Intel(R) Management Engine Components\iCLS\;C:\Program Files\Intel\Intel(R) Management Engine Components\iCLS\;C:\Windows\system32;C:\Windows;C:\Windows\System32\Wbem;C:\Windows\System32\WindowsPowerShell\v1.0\;C:\Windows\System32\OpenSSH\;C:\Program Files (x86)\Intel\Intel(R) Management Engine Components\DAL;C:\Program Files\Intel\Intel(R) Management Engine Components\DAL;C:\Program Files (x86)\Intel\Intel(R) Management Engine Components\IPT;C:\Program Files\Intel\Intel(R) Management Engine Components\IPT;C:\Program Files (x86)\NVIDIA Corporation\PhysX\Common;C:\Program Files\Intel\WiFi\bin\;C:\Program Files\Common Files\Intel\WirelessCommon\;C:\Program Files\Git\cmd;C:\Program Files\PuTTY\;C:\Program Files\Java\jdk1.8.0_121\bin;C:\WINDOWS\system32;C:\WINDOWS;C:\WINDOWS\System32\Wbem;C:\WINDOWS\System32\WindowsPowerShell\v1.0\;C:\WINDOWS\System32\OpenSSH\;C:\Python27;C:\xampp\php;C:\ProgramData\ComposerSetup\bin;C:\src\flutter\bin;C:\Program Files\MATLAB\R2020a\bin;C:\Program Files (x86)\mingw-w64\i686-8.1.0-posix-dwarf-rt_v6-rev0\mingw32\bin;C:\Users\Asus\AppData\Local\Programs\Microsoft VS Code\bin;C:\Users\Asus\AppData\Local\Microsoft\WindowsApps;C:\Users\Asus\AppData\Local\Programs\Python\Python37;C:\Users\Asus\AppData\Roaming\Composer\vendor\bin;C:\Users\Asus\AppData\Local\GitHubDesktop\bin
USERNAME=newguest
OS=Windows_NT
PROCESSOR_IDENTIFIER=Intel64 Family 6 Model 142 Stepping 10, GenuineIntel



---------------  S Y S T E M  ---------------

OS: Windows 10.0 , 64 bit Build 18362 (10.0.18362.900)

CPU:total 8 (initial active 8) (4 cores per cpu, 2 threads per core) family 6 model 142 stepping 10, cmov, cx8, fxsr, mmx, sse, sse2, sse3, ssse3, sse4.1, sse4.2, popcnt, avx, avx2, aes, clmul, erms, 3dnowpref, lzcnt, ht, tsc, tscinvbit, bmi1, bmi2, adx

Memory: 4k page, physical 12458036k(6552980k free), swap 20322356k(13882148k free)

vm_info: OpenJDK 64-Bit Server VM (25.242-b01) for windows-amd64 JRE (1.8.0_242-release-1644-b01), built by "builder" with MS VC++ 10.0 (VS2010)

time: Sat Jul 04 19:00:49 2020
timezone: India Standard Time
elapsed time: 209 seconds (0d 0h 3m 29s)

