#
# A fatal error has been detected by the Java Runtime Environment:
#
#  EXCEPTION_ACCESS_VIOLATION (0xc0000005) at pc=0x0000000054a78fa0, pid=9424, tid=0x00000000000054b0
#
# JRE version: OpenJDK Runtime Environment (8.0_212-b04) (build 1.8.0_212-release-1586-b04)
# Java VM: OpenJDK 64-Bit Server VM (25.212-b04 mixed mode windows-amd64 compressed oops)
# Problematic frame:
# V  [jvm.dll+0x798fa0]
#
# Failed to write core dump. Minidumps are not enabled by default on client versions of Windows
#
# If you would like to submit a bug report, please visit:
#   
#

---------------  T H R E A D  ---------------

Current thread (0x000000001ba61800):  JavaThread "C2 CompilerThread0" daemon [_thread_in_native, id=21680, stack(0x000000001c330000,0x000000001c430000)]

siginfo: ExceptionCode=0xc0000005, ExceptionInformation=0x0000000000000008 0x0000000054a78fa0

Registers:
RAX=0x0000000054aaa650, RBX=0x0000000022e7ae70, RCX=0x000000001fc1d350, RDX=0x000000001c42c950
RSP=0x000000001c42c5e8, RBP=0x000000001c42c9e0, RSI=0x0000000000000006, RDI=0x000000001fc1d350
R8 =0x00000000000002e8, R9 =0x00000000239438a8, R10=0x0000000000000000, R11=0x0000000000000044
R12=0x0000000000000000, R13=0x0000000022e7b430, R14=0x0000000000000030, R15=0x0000000000000009
RIP=0x0000000054a78fa0, EFLAGS=0x0000000000010287

Top of Stack: (sp=0x000000001c42c5e8)
0x000000001c42c5e8:   0000000054715555 000000001c42c9e0
0x000000001c42c5f8:   0000000023047cd8 0000000022e62cd8
0x000000001c42c608:   0000000000000000 00000000228dd980
0x000000001c42c618:   0000000021ec66d0 000000001f903f00
0x000000001c42c628:   00000000000003d8 000000001ba78e58
0x000000001c42c638:   000000001ba78a80 0000000000000000
0x000000001c42c648:   000000001c42c9e0 000000001ba78a70
0x000000001c42c658:   000000001c42caf0 000000001c42c770
0x000000001c42c668:   0000000054716f3d 000000000000005d
0x000000001c42c678:   0000000000000002 00000000000002e8
0x000000001c42c688:   0000000023a2f528 0000000000000006
0x000000001c42c698:   000000001ba78a70 000000001f763a40
0x000000001c42c6a8:   000000001f769cd8 000000001f76ba28
0x000000001c42c6b8:   00000000008f9cc0 0000000000000006
0x000000001c42c6c8:   000000001babfbb0 000000001babfbb0
0x000000001c42c6d8:   000000001babfbc0 000000001babff98 

Instructions: (pc=0x0000000054a78fa0)
0x0000000054a78f80:   0f 0f 0f 0f 0f 0f 0f 0f 0f 0f 0f 0f 00 00 00 00
0x0000000054a78f90:   00 00 00 00 00 00 00 00 00 00 00 00 00 00 00 00
0x0000000054a78fa0:   00 00 00 00 ff ff ff ff ff ff ff ff ff ff ff ff
0x0000000054a78fb0:   ff ff ff ff 00 00 00 00 00 00 00 00 00 00 00 00 


Register to memory mapping:

RAX=0x0000000054aaa650 is an unknown value
RBX=0x0000000022e7ae70 is an unknown value
RCX=0x000000001fc1d350 is an unknown value
RDX=0x000000001c42c950 is pointing into the stack for thread: 0x000000001ba61800
RSP=0x000000001c42c5e8 is pointing into the stack for thread: 0x000000001ba61800
RBP=0x000000001c42c9e0 is pointing into the stack for thread: 0x000000001ba61800
RSI=0x0000000000000006 is an unknown value
RDI=0x000000001fc1d350 is an unknown value
R8 =0x00000000000002e8 is an unknown value
R9 =0x00000000239438a8 is an unknown value
R10=0x0000000000000000 is an unknown value
R11=0x0000000000000044 is an unknown value
R12=0x0000000000000000 is an unknown value
R13=0x0000000022e7b430 is an unknown value
R14=0x0000000000000030 is an unknown value
R15=0x0000000000000009 is an unknown value


Stack: [0x000000001c330000,0x000000001c430000],  sp=0x000000001c42c5e8,  free space=1009k
Native frames: (J=compiled Java code, j=interpreted, Vv=VM code, C=native code)
V  [jvm.dll+0x798fa0]


Current CompileTask:
C2:   5084 4177       4       org.antlr.v4.runtime.atn.ParserATNSimulator::closureCheckingStopState (244 bytes)


---------------  P R O C E S S  ---------------

Java Threads: ( => current thread )
  0x000000001bb08000 JavaThread "Service Thread" daemon [_thread_blocked, id=14436, stack(0x000000001c730000,0x000000001c830000)]
  0x000000001ba7b000 JavaThread "C1 CompilerThread3" daemon [_thread_blocked, id=23256, stack(0x000000001c630000,0x000000001c730000)]
  0x000000001ba69000 JavaThread "C2 CompilerThread2" daemon [_thread_in_native, id=14888, stack(0x000000001c530000,0x000000001c630000)]
  0x000000001ba68800 JavaThread "C2 CompilerThread1" daemon [_thread_in_native, id=15820, stack(0x000000001c430000,0x000000001c530000)]
=>0x000000001ba61800 JavaThread "C2 CompilerThread0" daemon [_thread_in_native, id=21680, stack(0x000000001c330000,0x000000001c430000)]
  0x000000001ba60800 JavaThread "Attach Listener" daemon [_thread_blocked, id=18692, stack(0x000000001c230000,0x000000001c330000)]
  0x000000001ba5f800 JavaThread "Signal Dispatcher" daemon [_thread_blocked, id=19596, stack(0x000000001c130000,0x000000001c230000)]
  0x0000000019c64800 JavaThread "Finalizer" daemon [_thread_blocked, id=14604, stack(0x000000001bf30000,0x000000001c030000)]
  0x000000001ba50800 JavaThread "Reference Handler" daemon [_thread_blocked, id=17328, stack(0x000000001be30000,0x000000001bf30000)]
  0x00000000026aa800 JavaThread "main" [_thread_in_vm, id=14964, stack(0x0000000002510000,0x0000000002610000)]

Other Threads:
  0x0000000019c56800 VMThread [stack: 0x000000001b930000,0x000000001ba30000] [id=22472]
  0x000000001bb11000 WatcherThread [stack: 0x000000001c830000,0x000000001c930000] [id=2944]

VM state:not at safepoint (normal execution)

VM Mutex/Monitor currently owned by a thread: None

heap address: 0x0000000701e00000, size: 3042 MB, Compressed Oops mode: Zero based, Oop shift amount: 3
Narrow klass base: 0x0000000000000000, Narrow klass shift: 3
Compressed class space size: 1073741824 Address: 0x00000007c0000000

Heap:
 PSYoungGen      total 133120K, used 38840K [0x0000000780a00000, 0x0000000789f80000, 0x00000007c0000000)
  eden space 124928K, 24% used [0x0000000780a00000,0x00000007827f4040,0x0000000788400000)
  from space 8192K, 99% used [0x0000000789780000,0x0000000789f7a090,0x0000000789f80000)
  to   space 8192K, 0% used [0x0000000788f80000,0x0000000788f80000,0x0000000789780000)
 ParOldGen       total 175104K, used 37077K [0x0000000701e00000, 0x000000070c900000, 0x0000000780a00000)
  object space 175104K, 21% used [0x0000000701e00000,0x00000007042354c0,0x000000070c900000)
 Metaspace       used 45945K, capacity 46575K, committed 47152K, reserved 1091584K
  class space    used 5668K, capacity 5827K, committed 5936K, reserved 1048576K

Card table byte_map: [0x0000000011b60000,0x0000000012160000] byte_map_base: 0x000000000e351000

Marking Bits: (ParMarkBitMap*) 0x0000000054aa9f30
 Begin Bits: [0x0000000012d60000, 0x0000000015ce8000)
 End Bits:   [0x0000000015ce8000, 0x0000000018c70000)

Polling page: 0x00000000001e0000

CodeCache: size=245760Kb used=13426Kb max_used=13437Kb free=232333Kb
 bounds [0x00000000027a0000, 0x00000000034d0000, 0x00000000117a0000]
 total_blobs=4949 nmethods=4457 adapters=405
 compilation: enabled

Compilation events (10 events):
Event: 5.059 Thread 0x000000001ba7b000 4502       3       com.google.gson.internal.Excluder::isAnonymousOrLocal (29 bytes)
Event: 5.060 Thread 0x000000001ba7b000 nmethod 4502 0x00000000034af150 code [0x00000000034af360, 0x00000000034afe68]
Event: 5.067 Thread 0x000000001ba7b000 4503       3       com.google.gson.internal.bind.JsonTreeReader::peekStack (12 bytes)
Event: 5.068 Thread 0x000000001ba7b000 nmethod 4503 0x00000000034aed90 code [0x00000000034aeee0, 0x00000000034af070]
Event: 5.068 Thread 0x000000001ba7b000 4504       3       com.google.gson.internal.bind.JsonTreeReader::peek (200 bytes)
Event: 5.068 Thread 0x000000001ba7b000 nmethod 4504 0x00000000034b0210 code [0x00000000034b04c0, 0x00000000034b1cc8]
Event: 5.069 Thread 0x000000001ba69000 4507       4       sun.nio.cs.UTF_8$Decoder::decodeArrayLoop (691 bytes)
Event: 5.069 Thread 0x000000001ba7b000 4506       3       com.google.gson.stream.JsonReader::nextNonWhitespace (354 bytes)
Event: 5.072 Thread 0x000000001ba7b000 nmethod 4506 0x00000000034b2190 code [0x00000000034b2600, 0x00000000034b4d48]
Event: 5.072 Thread 0x000000001ba7b000 4508       3       java.lang.StringBuilder::append (10 bytes)

GC Heap History (10 events):
Event: 1.277 GC heap before
{Heap before GC invocations=2 (full 0):
 PSYoungGen      total 57344K, used 43061K [0x0000000780a00000, 0x0000000787a00000, 0x00000007c0000000)
  eden space 49152K, 70% used [0x0000000780a00000,0x0000000782c0f628,0x0000000783a00000)
  from space 8192K, 99% used [0x0000000783a00000,0x00000007841fdfb8,0x0000000784200000)
  to   space 8192K, 0% used [0x0000000787200000,0x0000000787200000,0x0000000787a00000)
 ParOldGen       total 131072K, used 3802K [0x0000000701e00000, 0x0000000709e00000, 0x0000000780a00000)
  object space 131072K, 2% used [0x0000000701e00000,0x00000007021b6890,0x0000000709e00000)
 Metaspace       used 20778K, capacity 21162K, committed 21296K, reserved 1069056K
  class space    used 2468K, capacity 2589K, committed 2608K, reserved 1048576K
Event: 1.286 GC heap after
Heap after GC invocations=2 (full 0):
 PSYoungGen      total 106496K, used 8183K [0x0000000780a00000, 0x0000000787a00000, 0x00000007c0000000)
  eden space 98304K, 0% used [0x0000000780a00000,0x0000000780a00000,0x0000000786a00000)
  from space 8192K, 99% used [0x0000000787200000,0x00000007879fdd30,0x0000000787a00000)
  to   space 8192K, 0% used [0x0000000786a00000,0x0000000786a00000,0x0000000787200000)
 ParOldGen       total 131072K, used 8239K [0x0000000701e00000, 0x0000000709e00000, 0x0000000780a00000)
  object space 131072K, 6% used [0x0000000701e00000,0x000000070260bea0,0x0000000709e00000)
 Metaspace       used 20778K, capacity 21162K, committed 21296K, reserved 1069056K
  class space    used 2468K, capacity 2589K, committed 2608K, reserved 1048576K
}
Event: 1.286 GC heap before
{Heap before GC invocations=3 (full 1):
 PSYoungGen      total 106496K, used 8183K [0x0000000780a00000, 0x0000000787a00000, 0x00000007c0000000)
  eden space 98304K, 0% used [0x0000000780a00000,0x0000000780a00000,0x0000000786a00000)
  from space 8192K, 99% used [0x0000000787200000,0x00000007879fdd30,0x0000000787a00000)
  to   space 8192K, 0% used [0x0000000786a00000,0x0000000786a00000,0x0000000787200000)
 ParOldGen       total 131072K, used 8239K [0x0000000701e00000, 0x0000000709e00000, 0x0000000780a00000)
  object space 131072K, 6% used [0x0000000701e00000,0x000000070260bea0,0x0000000709e00000)
 Metaspace       used 20778K, capacity 21162K, committed 21296K, reserved 1069056K
  class space    used 2468K, capacity 2589K, committed 2608K, reserved 1048576K
Event: 1.313 GC heap after
Heap after GC invocations=3 (full 1):
 PSYoungGen      total 106496K, used 0K [0x0000000780a00000, 0x0000000787a00000, 0x00000007c0000000)
  eden space 98304K, 0% used [0x0000000780a00000,0x0000000780a00000,0x0000000786a00000)
  from space 8192K, 0% used [0x0000000787200000,0x0000000787200000,0x0000000787a00000)
  to   space 8192K, 0% used [0x0000000786a00000,0x0000000786a00000,0x0000000787200000)
 ParOldGen       total 95744K, used 12076K [0x0000000701e00000, 0x0000000707b80000, 0x0000000780a00000)
  object space 95744K, 12% used [0x0000000701e00000,0x00000007029cb248,0x0000000707b80000)
 Metaspace       used 20778K, capacity 21162K, committed 21296K, reserved 1069056K
  class space    used 2468K, capacity 2589K, committed 2608K, reserved 1048576K
}
Event: 2.668 GC heap before
{Heap before GC invocations=4 (full 1):
 PSYoungGen      total 106496K, used 93612K [0x0000000780a00000, 0x0000000787a00000, 0x00000007c0000000)
  eden space 98304K, 95% used [0x0000000780a00000,0x000000078656b2f8,0x0000000786a00000)
  from space 8192K, 0% used [0x0000000787200000,0x0000000787200000,0x0000000787a00000)
  to   space 8192K, 0% used [0x0000000786a00000,0x0000000786a00000,0x0000000787200000)
 ParOldGen       total 95744K, used 12076K [0x0000000701e00000, 0x0000000707b80000, 0x0000000780a00000)
  object space 95744K, 12% used [0x0000000701e00000,0x00000007029cb248,0x0000000707b80000)
 Metaspace       used 34699K, capacity 35191K, committed 35496K, reserved 1081344K
  class space    used 4449K, capacity 4639K, committed 4656K, reserved 1048576K
Event: 2.685 GC heap after
Heap after GC invocations=4 (full 1):
 PSYoungGen      total 106496K, used 8166K [0x0000000780a00000, 0x0000000789f80000, 0x00000007c0000000)
  eden space 98304K, 0% used [0x0000000780a00000,0x0000000780a00000,0x0000000786a00000)
  from space 8192K, 99% used [0x0000000786a00000,0x00000007871f9ae0,0x0000000787200000)
  to   space 8192K, 0% used [0x0000000789780000,0x0000000789780000,0x0000000789f80000)
 ParOldGen       total 95744K, used 25420K [0x0000000701e00000, 0x0000000707b80000, 0x0000000780a00000)
  object space 95744K, 26% used [0x0000000701e00000,0x00000007036d3188,0x0000000707b80000)
 Metaspace       used 34699K, capacity 35191K, committed 35496K, reserved 1081344K
  class space    used 4449K, capacity 4639K, committed 4656K, reserved 1048576K
}
Event: 2.685 GC heap before
{Heap before GC invocations=5 (full 2):
 PSYoungGen      total 106496K, used 8166K [0x0000000780a00000, 0x0000000789f80000, 0x00000007c0000000)
  eden space 98304K, 0% used [0x0000000780a00000,0x0000000780a00000,0x0000000786a00000)
  from space 8192K, 99% used [0x0000000786a00000,0x00000007871f9ae0,0x0000000787200000)
  to   space 8192K, 0% used [0x0000000789780000,0x0000000789780000,0x0000000789f80000)
 ParOldGen       total 95744K, used 25420K [0x0000000701e00000, 0x0000000707b80000, 0x0000000780a00000)
  object space 95744K, 26% used [0x0000000701e00000,0x00000007036d3188,0x0000000707b80000)
 Metaspace       used 34699K, capacity 35191K, committed 35496K, reserved 1081344K
  class space    used 4449K, capacity 4639K, committed 4656K, reserved 1048576K
Event: 2.745 GC heap after
Heap after GC invocations=5 (full 2):
 PSYoungGen      total 106496K, used 0K [0x0000000780a00000, 0x0000000789f80000, 0x00000007c0000000)
  eden space 98304K, 0% used [0x0000000780a00000,0x0000000780a00000,0x0000000786a00000)
  from space 8192K, 0% used [0x0000000786a00000,0x0000000786a00000,0x0000000787200000)
  to   space 8192K, 0% used [0x0000000789780000,0x0000000789780000,0x0000000789f80000)
 ParOldGen       total 175104K, used 26588K [0x0000000701e00000, 0x000000070c900000, 0x0000000780a00000)
  object space 175104K, 15% used [0x0000000701e00000,0x00000007037f72f8,0x000000070c900000)
 Metaspace       used 34699K, capacity 35191K, committed 35496K, reserved 1081344K
  class space    used 4449K, capacity 4639K, committed 4656K, reserved 1048576K
}
Event: 4.572 GC heap before
{Heap before GC invocations=6 (full 2):
 PSYoungGen      total 106496K, used 98304K [0x0000000780a00000, 0x0000000789f80000, 0x00000007c0000000)
  eden space 98304K, 100% used [0x0000000780a00000,0x0000000786a00000,0x0000000786a00000)
  from space 8192K, 0% used [0x0000000786a00000,0x0000000786a00000,0x0000000787200000)
  to   space 8192K, 0% used [0x0000000789780000,0x0000000789780000,0x0000000789f80000)
 ParOldGen       total 175104K, used 26588K [0x0000000701e00000, 0x000000070c900000, 0x0000000780a00000)
  object space 175104K, 15% used [0x0000000701e00000,0x00000007037f72f8,0x000000070c900000)
 Metaspace       used 43110K, capacity 43709K, committed 44208K, reserved 1087488K
  class space    used 5332K, capacity 5536K, committed 5552K, reserved 1048576K
Event: 4.585 GC heap after
Heap after GC invocations=6 (full 2):
 PSYoungGen      total 133120K, used 8168K [0x0000000780a00000, 0x0000000789f80000, 0x00000007c0000000)
  eden space 124928K, 0% used [0x0000000780a00000,0x0000000780a00000,0x0000000788400000)
  from space 8192K, 99% used [0x0000000789780000,0x0000000789f7a090,0x0000000789f80000)
  to   space 8192K, 0% used [0x0000000788f80000,0x0000000788f80000,0x0000000789780000)
 ParOldGen       total 175104K, used 37077K [0x0000000701e00000, 0x000000070c900000, 0x0000000780a00000)
  object space 175104K, 21% used [0x0000000701e00000,0x00000007042354c0,0x000000070c900000)
 Metaspace       used 43110K, capacity 43709K, committed 44208K, reserved 1087488K
  class space    used 5332K, capacity 5536K, committed 5552K, reserved 1048576K
}

Deoptimization events (10 events):
Event: 4.725 Thread 0x00000000026aa800 Uncommon trap: reason=class_check action=maybe_recompile pc=0x00000000033d7788 method=org.antlr.v4.runtime.atn.ParserATNSimulator.canDropLoopEntryEdgeInLeftRecursiveRule(Lorg/antlr/v4/runtime/atn/ATNConfig;)Z @ 36
Event: 4.726 Thread 0x00000000026aa800 Uncommon trap: reason=class_check action=maybe_recompile pc=0x00000000033d7788 method=org.antlr.v4.runtime.atn.ParserATNSimulator.canDropLoopEntryEdgeInLeftRecursiveRule(Lorg/antlr/v4/runtime/atn/ATNConfig;)Z @ 36
Event: 4.727 Thread 0x00000000026aa800 Uncommon trap: reason=class_check action=maybe_recompile pc=0x00000000033d7788 method=org.antlr.v4.runtime.atn.ParserATNSimulator.canDropLoopEntryEdgeInLeftRecursiveRule(Lorg/antlr/v4/runtime/atn/ATNConfig;)Z @ 36
Event: 4.728 Thread 0x00000000026aa800 Uncommon trap: reason=class_check action=maybe_recompile pc=0x00000000033d7788 method=org.antlr.v4.runtime.atn.ParserATNSimulator.canDropLoopEntryEdgeInLeftRecursiveRule(Lorg/antlr/v4/runtime/atn/ATNConfig;)Z @ 36
Event: 4.852 Thread 0x00000000026aa800 Uncommon trap: reason=class_check action=maybe_recompile pc=0x0000000002b6ca10 method=java.util.concurrent.ConcurrentHashMap.putVal(Ljava/lang/Object;Ljava/lang/Object;Z)Ljava/lang/Object; @ 192
Event: 4.959 Thread 0x00000000026aa800 Uncommon trap: reason=class_check action=maybe_recompile pc=0x000000000291d7b0 method=java.util.regex.Matcher.search(I)Z @ 86
Event: 4.959 Thread 0x00000000026aa800 Uncommon trap: reason=class_check action=maybe_recompile pc=0x000000000291d7b0 method=java.util.regex.Matcher.search(I)Z @ 86
Event: 4.959 Thread 0x00000000026aa800 Uncommon trap: reason=class_check action=maybe_recompile pc=0x000000000291d7b0 method=java.util.regex.Matcher.search(I)Z @ 86
Event: 4.959 Thread 0x00000000026aa800 Uncommon trap: reason=class_check action=maybe_recompile pc=0x000000000291d7b0 method=java.util.regex.Matcher.search(I)Z @ 86
Event: 4.966 Thread 0x00000000026aa800 Uncommon trap: reason=unstable_if action=reinterpret pc=0x0000000002979698 method=sun.nio.cs.UTF_8$Encoder.encode([CII[B)I @ 33

Classes redefined (0 events):
No events

Internal exceptions (10 events):
Event: 1.062 Thread 0x00000000026aa800 Exception <a 'java/lang/NoSuchMethodError': java.lang.Object.lambda$static$0()J> (0x0000000781c3a3f0) thrown at [D:\src\AOSP-openjdk-cygwin\jdk8u\hotspot\src\share\vm\interpreter\linkResolver.cpp, line 620]
Event: 1.169 Thread 0x00000000026aa800 Exception <a 'java/lang/NoSuchMethodError': java.lang.Object.lambda$static$0(I)[Lorg/jetbrains/kotlin/com/intellij/openapi/editor/event/DocumentListener;> (0x000000078237c710) thrown at [D:\src\AOSP-openjdk-cygwin\jdk8u\hotspot\src\share\vm\interpreter\li
Event: 1.194 Thread 0x00000000026aa800 Exception <a 'java/lang/NoSuchMethodError': java.lang.Object.lambda$static$0(I)[Lorg/jetbrains/kotlin/com/intellij/psi/PsiAnnotation;> (0x000000078257c740) thrown at [D:\src\AOSP-openjdk-cygwin\jdk8u\hotspot\src\share\vm\interpreter\linkResolver.cpp, line
Event: 1.268 Thread 0x00000000026aa800 Exception <a 'java/lang/NoSuchMethodError': java.lang.Object.lambda$static$0(I)[Lorg/jetbrains/kotlin/com/intellij/psi/PsiElement;> (0x0000000782b4a340) thrown at [D:\src\AOSP-openjdk-cygwin\jdk8u\hotspot\src\share\vm\interpreter\linkResolver.cpp, line 62
Event: 1.909 Thread 0x00000000026aa800 Exception <a 'java/lang/ArrayIndexOutOfBoundsException': 126> (0x0000000783762628) thrown at [D:\src\AOSP-openjdk-cygwin\jdk8u\hotspot\src\share\vm\interpreter\interpreterRuntime.cpp, line 368]
Event: 1.909 Thread 0x00000000026aa800 Exception <a 'java/lang/ArrayIndexOutOfBoundsException': 86> (0x0000000783763ab0) thrown at [D:\src\AOSP-openjdk-cygwin\jdk8u\hotspot\src\share\vm\interpreter\interpreterRuntime.cpp, line 368]
Event: 2.532 Thread 0x00000000026aa800 Exception <a 'java/lang/NoSuchMethodError': <clinit>> (0x0000000785ee9c00) thrown at [D:\src\AOSP-openjdk-cygwin\jdk8u\hotspot\src\share\vm\prims\jni.cpp, line 1614]
Event: 2.542 Thread 0x00000000026aa800 Exception <a 'java/lang/NoSuchMethodError': <clinit>> (0x0000000785f440b8) thrown at [D:\src\AOSP-openjdk-cygwin\jdk8u\hotspot\src\share\vm\prims\jni.cpp, line 1614]
Event: 4.018 Thread 0x00000000026aa800 Implicit null exception at 0x0000000002b749fb to 0x0000000002b7506d
Event: 4.498 Thread 0x00000000026aa800 Implicit null exception at 0x00000000029e36d4 to 0x00000000029e3a8d

Events (10 events):
Event: 5.066 loading class sun/reflect/UnsafeQualifiedObjectFieldAccessorImpl
Event: 5.067 loading class sun/reflect/UnsafeQualifiedFieldAccessorImpl
Event: 5.067 loading class sun/reflect/UnsafeQualifiedFieldAccessorImpl done
Event: 5.067 loading class sun/reflect/UnsafeQualifiedObjectFieldAccessorImpl done
Event: 5.067 loading class sun/reflect/UnsafeBooleanFieldAccessorImpl
Event: 5.067 loading class sun/reflect/UnsafeBooleanFieldAccessorImpl done
Event: 5.069 Thread 0x00000000026aa800 DEOPT PACKING pc=0x0000000002fac48b sp=0x000000000260d270
Event: 5.069 Thread 0x00000000026aa800 DEOPT UNPACKING pc=0x00000000027e75d0 sp=0x000000000260d088 mode 0
Event: 5.071 loading class androidx/room/migration/bundle/SchemaEqualityUtil
Event: 5.071 loading class androidx/room/migration/bundle/SchemaEqualityUtil done


Dynamic libraries:
0x00007ff62f6d0000 - 0x00007ff62f701000 	C:\Program Files\Android\Android Studio\jre\jre\bin\java.exe
0x00007ffeb6760000 - 0x00007ffeb6950000 	C:\WINDOWS\SYSTEM32\ntdll.dll
0x00007ffeb4b50000 - 0x00007ffeb4c02000 	C:\WINDOWS\System32\KERNEL32.DLL
0x00007ffeb39c0000 - 0x00007ffeb3c63000 	C:\WINDOWS\System32\KERNELBASE.dll
0x00007ffeb0730000 - 0x00007ffeb07bf000 	C:\WINDOWS\SYSTEM32\apphelp.dll
0x00007ffeb50c0000 - 0x00007ffeb5163000 	C:\WINDOWS\System32\ADVAPI32.dll
0x00007ffeb5e60000 - 0x00007ffeb5efe000 	C:\WINDOWS\System32\msvcrt.dll
0x00007ffeb6650000 - 0x00007ffeb66e7000 	C:\WINDOWS\System32\sechost.dll
0x00007ffeb5be0000 - 0x00007ffeb5d00000 	C:\WINDOWS\System32\RPCRT4.dll
0x00007ffeb4d70000 - 0x00007ffeb4f04000 	C:\WINDOWS\System32\USER32.dll
0x00007ffeb36f0000 - 0x00007ffeb3711000 	C:\WINDOWS\System32\win32u.dll
0x00007ffeb66f0000 - 0x00007ffeb6716000 	C:\WINDOWS\System32\GDI32.dll
0x00007ffeb4490000 - 0x00007ffeb4624000 	C:\WINDOWS\System32\gdi32full.dll
0x00007ffeb43f0000 - 0x00007ffeb448e000 	C:\WINDOWS\System32\msvcp_win.dll
0x00007ffeb4660000 - 0x00007ffeb475a000 	C:\WINDOWS\System32\ucrtbase.dll
0x00007ffea2ba0000 - 0x00007ffea2e25000 	C:\WINDOWS\WinSxS\amd64_microsoft.windows.common-controls_6595b64144ccf1df_6.0.18362.720_none_e6beb5c51314836b\COMCTL32.dll
0x00007ffeb4810000 - 0x00007ffeb4b46000 	C:\WINDOWS\System32\combase.dll
0x00007ffeb38d0000 - 0x00007ffeb3950000 	C:\WINDOWS\System32\bcryptPrimitives.dll
0x00007ffeb5670000 - 0x00007ffeb569e000 	C:\WINDOWS\System32\IMM32.DLL
0x0000000053e60000 - 0x0000000053f32000 	C:\Program Files\Android\Android Studio\jre\jre\bin\msvcr100.dll
0x00000000542e0000 - 0x0000000054b26000 	C:\Program Files\Android\Android Studio\jre\jre\bin\server\jvm.dll
0x00007ffeb52d0000 - 0x00007ffeb52d8000 	C:\WINDOWS\System32\PSAPI.DLL
0x00007ffeabca0000 - 0x00007ffeabcc4000 	C:\WINDOWS\SYSTEM32\WINMM.dll
0x00007ffe9c690000 - 0x00007ffe9c699000 	C:\WINDOWS\SYSTEM32\WSOCK32.dll
0x00007ffeacdd0000 - 0x00007ffeacdda000 	C:\WINDOWS\SYSTEM32\VERSION.dll
0x00007ffeb5d60000 - 0x00007ffeb5dcf000 	C:\WINDOWS\System32\WS2_32.dll
0x00007ffeabc70000 - 0x00007ffeabc9d000 	C:\WINDOWS\SYSTEM32\winmmbase.dll
0x00007ffeb3950000 - 0x00007ffeb399a000 	C:\WINDOWS\System32\cfgmgr32.dll
0x00007ffeaf270000 - 0x00007ffeaf27f000 	C:\Program Files\Android\Android Studio\jre\jre\bin\verify.dll
0x00007ffead5e0000 - 0x00007ffead609000 	C:\Program Files\Android\Android Studio\jre\jre\bin\java.dll
0x00007ffeadd20000 - 0x00007ffeadd36000 	C:\Program Files\Android\Android Studio\jre\jre\bin\zip.dll
0x00007ffeb5f60000 - 0x00007ffeb6645000 	C:\WINDOWS\System32\SHELL32.dll
0x00007ffeb4cc0000 - 0x00007ffeb4d69000 	C:\WINDOWS\System32\shcore.dll
0x00007ffeb3c70000 - 0x00007ffeb43f0000 	C:\WINDOWS\System32\windows.storage.dll
0x00007ffeb3630000 - 0x00007ffeb3653000 	C:\WINDOWS\System32\profapi.dll
0x00007ffeb3660000 - 0x00007ffeb36aa000 	C:\WINDOWS\System32\powrprof.dll
0x00007ffeb3620000 - 0x00007ffeb3630000 	C:\WINDOWS\System32\UMPDC.dll
0x00007ffeb52e0000 - 0x00007ffeb5332000 	C:\WINDOWS\System32\shlwapi.dll
0x00007ffeb36b0000 - 0x00007ffeb36c1000 	C:\WINDOWS\System32\kernel.appcore.dll
0x00007ffeb39a0000 - 0x00007ffeb39b7000 	C:\WINDOWS\System32\cryptsp.dll
0x00007ffeadc80000 - 0x00007ffeadc9a000 	C:\Program Files\Android\Android Studio\jre\jre\bin\net.dll
0x00007ffea7e20000 - 0x00007ffea7ff5000 	C:\WINDOWS\SYSTEM32\urlmon.dll
0x00007ffea30c0000 - 0x00007ffea3366000 	C:\WINDOWS\SYSTEM32\iertutil.dll
0x00007ffeb3060000 - 0x00007ffeb306c000 	C:\WINDOWS\SYSTEM32\CRYPTBASE.DLL
0x00007ffeb2e90000 - 0x00007ffeb2ef7000 	C:\WINDOWS\system32\mswsock.dll
0x00007ffead2d0000 - 0x00007ffead2e3000 	C:\Program Files\Android\Android Studio\jre\jre\bin\nio.dll
0x00007ffeb2a00000 - 0x00007ffeb2a33000 	C:\WINDOWS\system32\rsaenh.dll
0x00007ffeb4630000 - 0x00007ffeb4656000 	C:\WINDOWS\System32\bcrypt.dll
0x00007ffeb3540000 - 0x00007ffeb3565000 	C:\WINDOWS\SYSTEM32\USERENV.dll
0x00007ffeb2ba0000 - 0x00007ffeb2bda000 	C:\WINDOWS\SYSTEM32\IPHLPAPI.DLL
0x00007ffeb5e50000 - 0x00007ffeb5e58000 	C:\WINDOWS\System32\NSI.dll
0x00007ffeaa960000 - 0x00007ffeaa976000 	C:\WINDOWS\SYSTEM32\dhcpcsvc6.DLL
0x00007ffeabed0000 - 0x00007ffeabeec000 	C:\WINDOWS\SYSTEM32\dhcpcsvc.DLL
0x00007ffeb2be0000 - 0x00007ffeb2caa000 	C:\WINDOWS\SYSTEM32\DNSAPI.dll
0x0000000066e00000 - 0x0000000066f03000 	C:\Users\Asus\AppData\Local\Temp\sqlite-3.25.2-642c6303-92ee-44f6-b5c1-016b0c6c0aa3-sqlitejdbc.dll
0x00007ffeb1e10000 - 0x00007ffeb2004000 	C:\WINDOWS\SYSTEM32\dbghelp.dll

VM Arguments:
java_command: org.jetbrains.kotlin.cli.jvm.K2JVMCompiler -Xallow-no-source-files -classpath C:\Users\Asus\AndroidStudioProjects\FitnessApp\app\build\intermediates\compile_and_runtime_not_namespaced_r_class_jar\debug\R.jar;C:\Users\Asus\.gradle\caches\transforms-2\files-2.1\7d6ff2d201ecaf4f7484c6412706de86\jetified-YouTubeAndroidPlayerApi.jar;C:\Users\Asus\.gradle\caches\transforms-2\files-2.1\c606c5e55290db1f51e6576ecdeeef22\jetified-kotlin-android-extensions-runtime-1.3.61.jar;C:\Users\Asus\.gradle\caches\transforms-2\files-2.1\e58cc2c8934056c770057d97aa02c757\jetified-kotlin-stdlib-jdk7-1.3.61.jar;C:\Users\Asus\.gradle\caches\transforms-2\files-2.1\cc813dc67bab4b8e54569773513c6c65\jetified-lifecycle-viewmodel-ktx-2.2.0-api.jar;C:\Users\Asus\.gradle\caches\transforms-2\files-2.1\6842a5bae4860b68f5f7e704693e38d9\jetified-room-ktx-2.2.5-api.jar;C:\Users\Asus\.gradle\caches\transforms-2\files-2.1\468cca1c547166c72feefb2d255fa66a\jetified-circularprogressbar-3.0.3-api.jar;C:\Users\Asus\.gradle\caches\transforms-2\files-2.1\708a81b7ea26a3da7ba3aabd4548b448\jetified-kotlinx-coroutines-android-1.3.0.jar;C:\Users\Asus\.gradle\caches\transforms-2\files-2.1\4f9a2567b59b0d9d39467bf5ac83925f\jetified-kotlinx-coroutines-core-1.3.0.jar;C:\Users\Asus\.gradle\caches\transforms-2\files-2.1\47289382ef7e0dc1285c5a961219d5b0\jetified-kotlin-stdlib-1.3.61.jar;C:\Users\Asus\.gradle\caches\transforms-2\files-2.1\747772a8a0c1bb93e370f77569400635\jetified-kotlin-stdlib-common-1.3.61.jar;C:\Users\Asus\.gradle\caches\transforms-2\files-2.1\20de6ca17cdd4720353397dde44560c3\jetified-annotations-13.0.jar;C:\Users\Asus\.gradle\caches\transforms-2\files-2.1\66f8ce81a605d1297356f5c7c4cf9cef\navigation-ui-2.0.0-api.jar;C:\Users\Asus\.gradle\caches\transforms-2\files-2.1\0caf1efd2998f90576e4fc6ab2ed0779\material-1.1.0-api.jar;C:\Users\Asus\.gradle\caches\transforms-2\files-2.1\920c522b6c890bd4cb1f64f3216a5865\jetified-materialdatetimepicker-4.2.3-api.jar;C:\Users\Asus\.gradle\caches\transforms-2\f
java_class_path (initial): C:\Users\Asus\.gradle\caches\modules-2\files-2.1\org.jetbrains.kotlin\kotlin-compiler-embeddable\1.3.61\c35c0833d5a1e3d229359758482c480306724618\kotlin-compiler-embeddable-1.3.61.jar;C:\Users\Asus\.gradle\caches\modules-2\files-2.1\org.jetbrains.kotlin\kotlin-reflect\1.3.61\2e07c9a84c9e118efb70eede7e579fd663932122\kotlin-reflect-1.3.61.jar;C:\Users\Asus\.gradle\caches\modules-2\files-2.1\org.jetbrains.kotlin\kotlin-stdlib\1.3.61\4702105e97f7396ae41b113fdbdc180ec1eb1e36\kotlin-stdlib-1.3.61.jar;C:\Users\Asus\.gradle\caches\modules-2\files-2.1\org.jetbrains.kotlin\kotlin-script-runtime\1.3.61\e5feb39c8de63dcbdc1154b34ca4413874231605\kotlin-script-runtime-1.3.61.jar;C:\Users\Asus\.gradle\caches\modules-2\files-2.1\org.jetbrains.kotlin\kotlin-daemon-embeddable\1.3.61\4de83e41a92c8395d89ab2e81d26b788ba163824\kotlin-daemon-embeddable-1.3.61.jar;C:\Users\Asus\.gradle\caches\modules-2\files-2.1\org.jetbrains.intellij.deps\trove4j\1.0.20181211\216c2e14b070f334479d800987affe4054cd563f\trove4j-1.0.20181211.jar;C:\Users\Asus\.gradle\caches\modules-2\files-2.1\org.jetbrains.kotlin\kotlin-stdlib-common\1.3.61\65abb71d5afb850b68be03987b08e2c864ca3110\kotlin-stdlib-common-1.3.61.jar;C:\Users\Asus\.gradle\caches\modules-2\files-2.1\org.jetbrains\annotations\13.0\919f0dfe192fb4e063e7dacadee7f8bb9a2672a9\annotations-13.0.jar;C:\Program Files\Android\Android Studio\jre\lib\tools.jar
Launcher Type: SUN_STANDARD

Environment Variables:
PATH=C:\ProgramData\Oracle\Java\javapath;C:\app\Asus\product\11.2.0\dbhome_1\bin;C:\Program Files (x86)\Intel\Intel(R) Management Engine Components\iCLS\;C:\Program Files\Intel\Intel(R) Management Engine Components\iCLS\;C:\Windows\system32;C:\Windows;C:\Windows\System32\Wbem;C:\Windows\System32\WindowsPowerShell\v1.0\;C:\Windows\System32\OpenSSH\;C:\Program Files (x86)\Intel\Intel(R) Management Engine Components\DAL;C:\Program Files\Intel\Intel(R) Management Engine Components\DAL;C:\Program Files (x86)\Intel\Intel(R) Management Engine Components\IPT;C:\Program Files\Intel\Intel(R) Management Engine Components\IPT;C:\Program Files (x86)\NVIDIA Corporation\PhysX\Common;C:\Program Files\Intel\WiFi\bin\;C:\Program Files\Common Files\Intel\WirelessCommon\;C:\Program Files\Git\cmd;C:\Program Files\PuTTY\;C:\Program Files\Java\jdk1.8.0_121\bin;C:\WINDOWS\system32;C:\WINDOWS;C:\WINDOWS\System32\Wbem;C:\WINDOWS\System32\WindowsPowerShell\v1.0\;C:\WINDOWS\System32\OpenSSH\;C:\Python27;C:\xampp\php;C:\ProgramData\ComposerSetup\bin;C:\src\flutter\bin;C:\Program Files\MATLAB\R2020a\bin;C:\Program Files (x86)\mingw-w64\i686-8.1.0-posix-dwarf-rt_v6-rev0\mingw32\bin;C:\Users\Asus\AppData\Local\Programs\Microsoft VS Code\bin;C:\Users\Asus\AppData\Local\Microsoft\WindowsApps;C:\Users\Asus\AppData\Local\Programs\Python\Python37;C:\Users\Asus\AppData\Roaming\Composer\vendor\bin;C:\Users\Asus\AppData\Local\GitHubDesktop\bin
USERNAME=newguest
OS=Windows_NT
PROCESSOR_IDENTIFIER=Intel64 Family 6 Model 142 Stepping 10, GenuineIntel



---------------  S Y S T E M  ---------------

OS: Windows 10.0 , 64 bit Build 18362 (10.0.18362.329)

CPU:total 8 (initial active 8) (4 cores per cpu, 2 threads per core) family 6 model 142 stepping 10, cmov, cx8, fxsr, mmx, sse, sse2, sse3, ssse3, sse4.1, sse4.2, popcnt, avx, avx2, aes, clmul, erms, 3dnowpref, lzcnt, ht, tsc, tscinvbit, bmi1, bmi2, adx

Memory: 4k page, physical 12458036k(2141956k free), swap 20169644k(5382088k free)

vm_info: OpenJDK 64-Bit Server VM (25.212-b04) for windows-amd64 JRE (1.8.0_212-release-1586-b04), built by "builder" with MS VC++ 10.0 (VS2010)

time: Sun May 31 17:01:56 2020
timezone: India Standard Time
elapsed time: 5 seconds (0d 0h 0m 5s)

