#
# A fatal error has been detected by the Java Runtime Environment:
#
#  EXCEPTION_ACCESS_VIOLATION (0xc0000005) at pc=0x0000000052ee9708, pid=11324, tid=0x000000000000068c
#
# JRE version: OpenJDK Runtime Environment (8.0_242-b01) (build 1.8.0_242-release-1644-b01)
# Java VM: OpenJDK 64-Bit Server VM (25.242-b01 mixed mode windows-amd64 compressed oops)
# Problematic frame:
# V  [jvm.dll+0x6d9708]
#
# Failed to write core dump. Minidumps are not enabled by default on client versions of Windows
#
# If you would like to submit a bug report, please visit:
#   
#

---------------  T H R E A D  ---------------

Current thread (0x00000000184c4000):  JavaThread "C2 CompilerThread0" daemon [_thread_in_native, id=1676, stack(0x0000000018d90000,0x0000000018e90000)]

siginfo: ExceptionCode=0xc0000005, ExceptionInformation=0x0000000000000008 0x0000000052ee9708

Registers:
RAX=0x0000000052e40710, RBX=0x000000001eedb528, RCX=0x000000001eee0500, RDX=0x0000000000000004
RSP=0x0000000018e8df88, RBP=0x000000001eee0570, RSI=0x000000001eee0500, RDI=0x0000000018e8e1d0
R8 =0x000000000000014c, R9 =0x0000000000000008, R10=0x0000000000000001, R11=0x0000000000000001
R12=0x0000000018e8e1c0, R13=0x0000000000001a4f, R14=0x0000000000000000, R15=0x000000000000d278
RIP=0x0000000052ee9708, EFLAGS=0x0000000000010206

Top of Stack: (sp=0x0000000018e8df88)
0x0000000018e8df88:   0000000052cd76fe 0000000018e8e1f0
0x0000000018e8df98:   0000000000003289 0000000000000000
0x0000000018e8dfa8:   000000001a713070 0000000018e8e1d0
0x0000000018e8dfb8:   0000000052c500b2 000000001eee0500
0x0000000018e8dfc8:   0000000018e8ec80 0000000018e8ec80
0x0000000018e8dfd8:   0000000052ceefb6 0000000018e8ec80
0x0000000018e8dfe8:   0000000000040298 0000000018e8e1c0
0x0000000018e8dff8:   00000000226ace20 0000000018e8e220
0x0000000018e8e008:   0000000052cefcfe 0000000018e8e110
0x0000000018e8e018:   0000000052dc02f8 00000000166a60d0
0x0000000018e8e028:   0000000018e8e110 00000000226b4e08
0x0000000018e8e038:   0000000052c57e63 00000000166a60d0
0x0000000018e8e048:   0000000018e8e140 00000000226b4810
0x0000000018e8e058:   00000000226ace20 0000000000000000
0x0000000018e8e068:   0000000018e8f490 0000000000000014
0x0000000018e8e078:   00000000221de410 0000000018e8f620 

Instructions: (pc=0x0000000052ee9708)
0x0000000052ee96e8:   00 00 00 00 ff ff ff ff 00 00 00 00 40 00 00 00
0x0000000052ee96f8:   a0 96 6d 00 00 00 00 00 00 00 00 00 00 00 00 00
0x0000000052ee9708:   01 00 00 00 00 00 00 00 00 00 00 00 10 45 79 00
0x0000000052ee9718:   30 97 6d 00 08 97 6d 00 00 00 00 00 00 00 00 00 


Register to memory mapping:

RAX=0x0000000052e40710 is an unknown value
RBX=0x000000001eedb528 is an unknown value
RCX=0x000000001eee0500 is an unknown value
RDX=0x0000000000000004 is an unknown value
RSP=0x0000000018e8df88 is pointing into the stack for thread: 0x00000000184c4000
RBP=0x000000001eee0570 is an unknown value
RSI=0x000000001eee0500 is an unknown value
RDI=0x0000000018e8e1d0 is pointing into the stack for thread: 0x00000000184c4000
R8 =0x000000000000014c is an unknown value
R9 =0x0000000000000008 is an unknown value
R10=0x0000000000000001 is an unknown value
R11=0x0000000000000001 is an unknown value
R12=0x0000000018e8e1c0 is pointing into the stack for thread: 0x00000000184c4000
R13=0x0000000000001a4f is an unknown value
R14=0x0000000000000000 is an unknown value
R15=0x000000000000d278 is an unknown value


Stack: [0x0000000018d90000,0x0000000018e90000],  sp=0x0000000018e8df88,  free space=1015k
Native frames: (J=compiled Java code, j=interpreted, Vv=VM code, C=native code)
V  [jvm.dll+0x6d9708]


Current CompileTask:
C2:   6803 2692       4       groovy.lang.MetaClassImpl$1MOPIter::methodNameAction (325 bytes)


---------------  P R O C E S S  ---------------

Java Threads: ( => current thread )
  0x000000001b214000 JavaThread "Cache worker for execution history cache (C:\Users\Asus\.gradle\caches\6.1.1\executionHistory)" [_thread_blocked, id=10156, stack(0x0000000020ea0000,0x0000000020fa0000)]
  0x000000001b211800 JavaThread "Cache worker for cache directory md-rule (C:\Users\Asus\.gradle\caches\6.1.1\md-rule)" [_thread_blocked, id=11136, stack(0x000000001fb00000,0x000000001fc00000)]
  0x000000001b216000 JavaThread "Cache worker for cache directory md-supplier (C:\Users\Asus\.gradle\caches\6.1.1\md-supplier)" [_thread_blocked, id=2116, stack(0x000000001f750000,0x000000001f850000)]
  0x000000001b212800 JavaThread "Cache worker for file hash cache (C:\Users\Asus\AndroidStudioProjects\FitnessApp\.gradle\6.1.1\fileHashes)" [_thread_blocked, id=4820, stack(0x000000001fa00000,0x000000001fb00000)]
  0x000000001b213000 JavaThread "Cache worker for checksums cache (C:\Users\Asus\AndroidStudioProjects\FitnessApp\.gradle\checksums)" [_thread_blocked, id=10252, stack(0x000000001f900000,0x000000001fa00000)]
  0x000000001b215800 JavaThread "Cache worker for file hash cache (C:\Users\Asus\.gradle\caches\6.1.1\fileHashes)" [_thread_blocked, id=9960, stack(0x000000001d2b0000,0x000000001d3b0000)]
  0x000000001b214800 JavaThread "File lock request listener" [_thread_in_native, id=6544, stack(0x000000001d1b0000,0x000000001d2b0000)]
  0x00000000195a0000 JavaThread "Cache worker for journal cache (C:\Users\Asus\.gradle\caches\journal-1)" [_thread_blocked, id=8788, stack(0x000000001d0b0000,0x000000001d1b0000)]
  0x00000000185ec800 JavaThread "Thread-9" [_thread_blocked, id=11252, stack(0x000000001cdb0000,0x000000001ceb0000)]
  0x0000000019489000 JavaThread "Stdin handler" [_thread_blocked, id=8668, stack(0x000000001ccb0000,0x000000001cdb0000)]
  0x000000001afea800 JavaThread "Asynchronous log dispatcher for DefaultDaemonConnection: socket connection from /127.0.0.1:55438 to /127.0.0.1:55439" [_thread_blocked, id=7300, stack(0x000000001cab0000,0x000000001cbb0000)]
  0x0000000019491000 JavaThread "Daemon worker" [_thread_blocked, id=956, stack(0x000000001c9b0000,0x000000001cab0000)]
  0x000000001863f000 JavaThread "Cancel handler" [_thread_blocked, id=7832, stack(0x000000001c8b0000,0x000000001c9b0000)]
  0x000000001af6a800 JavaThread "Handler for socket connection from /127.0.0.1:55438 to /127.0.0.1:55439" [_thread_in_native, id=9008, stack(0x000000001c5b0000,0x000000001c6b0000)]
  0x000000001af6c800 JavaThread "Daemon" [_thread_blocked, id=11404, stack(0x000000001c4b0000,0x000000001c5b0000)]
  0x000000001af18800 JavaThread "Daemon periodic checks" [_thread_blocked, id=12340, stack(0x000000001c3b0000,0x000000001c4b0000)]
  0x000000001af16800 JavaThread "Incoming local TCP Connector on port 55438" [_thread_in_native, id=9964, stack(0x000000001c170000,0x000000001c270000)]
  0x000000001ae71000 JavaThread "Daemon health stats" [_thread_blocked, id=10340, stack(0x000000001bb30000,0x000000001bc30000)]
  0x000000001855c800 JavaThread "Service Thread" daemon [_thread_blocked, id=10992, stack(0x0000000019190000,0x0000000019290000)]
  0x00000000184d0800 JavaThread "C1 CompilerThread3" daemon [_thread_blocked, id=2412, stack(0x0000000019090000,0x0000000019190000)]
  0x00000000166be000 JavaThread "C2 CompilerThread2" daemon [_thread_in_native, id=12300, stack(0x0000000018f90000,0x0000000019090000)]
  0x00000000166bc800 JavaThread "C2 CompilerThread1" daemon [_thread_in_native, id=10204, stack(0x0000000018e90000,0x0000000018f90000)]
=>0x00000000184c4000 JavaThread "C2 CompilerThread0" daemon [_thread_in_native, id=1676, stack(0x0000000018d90000,0x0000000018e90000)]
  0x00000000184c3000 JavaThread "Attach Listener" daemon [_thread_blocked, id=9896, stack(0x0000000018c90000,0x0000000018d90000)]
  0x00000000184c5800 JavaThread "Signal Dispatcher" daemon [_thread_blocked, id=4688, stack(0x0000000018b90000,0x0000000018c90000)]
  0x00000000184b1000 JavaThread "Finalizer" daemon [_thread_blocked, id=6784, stack(0x0000000018990000,0x0000000018a90000)]
  0x00000000028e7000 JavaThread "Reference Handler" daemon [_thread_blocked, id=4616, stack(0x0000000018890000,0x0000000018990000)]
  0x00000000027ee000 JavaThread "main" [_thread_blocked, id=9224, stack(0x0000000002630000,0x0000000002730000)]

Other Threads:
  0x00000000166a6800 VMThread [stack: 0x0000000018390000,0x0000000018490000] [id=7720]
  0x000000001855d000 WatcherThread [stack: 0x0000000019290000,0x0000000019390000] [id=2948]

VM state:at safepoint (normal execution)

VM Mutex/Monitor currently owned by a thread:  ([mutex/lock_event])
[0x00000000027ecd50] Threads_lock - owner thread: 0x00000000166a6800
[0x00000000027ed2d0] Heap_lock - owner thread: 0x0000000019491000

heap address: 0x00000000a0000000, size: 1536 MB, Compressed Oops mode: 32-bit
Narrow klass base: 0x0000000000000000, Narrow klass shift: 3
Compressed class space size: 1073741824 Address: 0x0000000100000000

Heap:
 PSYoungGen      total 89600K, used 89489K [0x00000000e0000000, 0x00000000e7000000, 0x0000000100000000)
  eden space 84992K, 100% used [0x00000000e0000000,0x00000000e5300000,0x00000000e5300000)
  from space 4608K, 97% used [0x00000000e6b80000,0x00000000e6fe4410,0x00000000e7000000)
  to   space 12288K, 11% used [0x00000000e5800000,0x00000000e5958000,0x00000000e6400000)
 ParOldGen       total 72192K, used 8126K [0x00000000a0000000, 0x00000000a4680000, 0x00000000e0000000)
  object space 72192K, 11% used [0x00000000a0000000,0x00000000a07ef948,0x00000000a4680000)
 Metaspace       used 32263K, capacity 33244K, committed 33456K, reserved 1077248K
  class space    used 4375K, capacity 4663K, committed 4784K, reserved 1048576K

Card table byte_map: [0x0000000011cb0000,0x0000000011fc0000] byte_map_base: 0x00000000117b0000

Marking Bits: (ParMarkBitMap*) 0x0000000052fdf030
 Begin Bits: [0x00000000129c0000, 0x00000000141c0000)
 End Bits:   [0x00000000141c0000, 0x00000000159c0000)

Polling page: 0x00000000025d0000

CodeCache: size=245760Kb used=10340Kb max_used=10340Kb free=235419Kb
 bounds [0x00000000028f0000, 0x0000000003310000, 0x00000000118f0000]
 total_blobs=3389 nmethods=2703 adapters=599
 compilation: enabled

Compilation events (10 events):
Event: 6.759 Thread 0x00000000184d0800 2705       3       java.lang.ClassValue$ClassValueMap::probeBackupLocations (151 bytes)
Event: 6.760 Thread 0x00000000184d0800 nmethod 2705 0x00000000033069d0 code [0x0000000003306c20, 0x0000000003308070]
Event: 6.760 Thread 0x00000000184d0800 2706   !   3       java.lang.ClassValue::getFromHashMap (70 bytes)
Event: 6.761 Thread 0x00000000184d0800 nmethod 2706 0x00000000033088d0 code [0x0000000003308b20, 0x0000000003309758]
Event: 6.773 Thread 0x00000000184d0800 2707       1       com.google.common.collect.MapMakerInternalMap$AbstractStrongKeyEntry::getNext (5 bytes)
Event: 6.774 Thread 0x00000000184d0800 nmethod 2707 0x00000000032feed0 code [0x00000000032ff020, 0x00000000032ff130]
Event: 6.777 Thread 0x00000000184d0800 2708       3       com.sun.beans.TypeResolver::erase (32 bytes)
Event: 6.777 Thread 0x00000000184d0800 nmethod 2708 0x00000000032fe790 code [0x00000000032fe920, 0x00000000032fed28]
Event: 6.777 Thread 0x00000000184d0800 2709       3       java.util.HashMap$Values::<init> (10 bytes)
Event: 6.778 Thread 0x00000000184d0800 nmethod 2709 0x0000000003309dd0 code [0x0000000003309f40, 0x000000000330a170]

GC Heap History (10 events):
Event: 3.070 GC heap before
{Heap before GC invocations=3 (full 0):
 PSYoungGen      total 57344K, used 55745K [0x00000000e0000000, 0x00000000e4000000, 0x0000000100000000)
  eden space 49152K, 100% used [0x00000000e0000000,0x00000000e3000000,0x00000000e3000000)
  from space 8192K, 80% used [0x00000000e3800000,0x00000000e3e70578,0x00000000e4000000)
  to   space 8192K, 0% used [0x00000000e3000000,0x00000000e3000000,0x00000000e3800000)
 ParOldGen       total 131072K, used 24K [0x00000000a0000000, 0x00000000a8000000, 0x00000000e0000000)
  object space 131072K, 0% used [0x00000000a0000000,0x00000000a0006000,0x00000000a8000000)
 Metaspace       used 15745K, capacity 16178K, committed 16512K, reserved 1062912K
  class space    used 2135K, capacity 2317K, committed 2432K, reserved 1048576K
Event: 3.078 GC heap after
Heap after GC invocations=3 (full 0):
 PSYoungGen      total 57344K, used 8170K [0x00000000e0000000, 0x00000000e4000000, 0x0000000100000000)
  eden space 49152K, 0% used [0x00000000e0000000,0x00000000e0000000,0x00000000e3000000)
  from space 8192K, 99% used [0x00000000e3000000,0x00000000e37faa18,0x00000000e3800000)
  to   space 8192K, 0% used [0x00000000e3800000,0x00000000e3800000,0x00000000e4000000)
 ParOldGen       total 131072K, used 583K [0x00000000a0000000, 0x00000000a8000000, 0x00000000e0000000)
  object space 131072K, 0% used [0x00000000a0000000,0x00000000a0091cd0,0x00000000a8000000)
 Metaspace       used 15745K, capacity 16178K, committed 16512K, reserved 1062912K
  class space    used 2135K, capacity 2317K, committed 2432K, reserved 1048576K
}
Event: 4.171 GC heap before
{Heap before GC invocations=4 (full 0):
 PSYoungGen      total 57344K, used 57322K [0x00000000e0000000, 0x00000000e4000000, 0x0000000100000000)
  eden space 49152K, 100% used [0x00000000e0000000,0x00000000e3000000,0x00000000e3000000)
  from space 8192K, 99% used [0x00000000e3000000,0x00000000e37faa18,0x00000000e3800000)
  to   space 8192K, 0% used [0x00000000e3800000,0x00000000e3800000,0x00000000e4000000)
 ParOldGen       total 131072K, used 583K [0x00000000a0000000, 0x00000000a8000000, 0x00000000e0000000)
  object space 131072K, 0% used [0x00000000a0000000,0x00000000a0091cd0,0x00000000a8000000)
 Metaspace       used 20240K, capacity 20780K, committed 20992K, reserved 1067008K
  class space    used 2835K, capacity 3020K, committed 3072K, reserved 1048576K
Event: 4.181 GC heap after
Heap after GC invocations=4 (full 0):
 PSYoungGen      total 57344K, used 8172K [0x00000000e0000000, 0x00000000e4000000, 0x0000000100000000)
  eden space 49152K, 0% used [0x00000000e0000000,0x00000000e0000000,0x00000000e3000000)
  from space 8192K, 99% used [0x00000000e3800000,0x00000000e3ffb030,0x00000000e4000000)
  to   space 8192K, 0% used [0x00000000e3000000,0x00000000e3000000,0x00000000e3800000)
 ParOldGen       total 131072K, used 3759K [0x00000000a0000000, 0x00000000a8000000, 0x00000000e0000000)
  object space 131072K, 2% used [0x00000000a0000000,0x00000000a03abdd8,0x00000000a8000000)
 Metaspace       used 20240K, capacity 20780K, committed 20992K, reserved 1067008K
  class space    used 2835K, capacity 3020K, committed 3072K, reserved 1048576K
}
Event: 4.231 GC heap before
{Heap before GC invocations=5 (full 0):
 PSYoungGen      total 57344K, used 12466K [0x00000000e0000000, 0x00000000e4000000, 0x0000000100000000)
  eden space 49152K, 8% used [0x00000000e0000000,0x00000000e0431970,0x00000000e3000000)
  from space 8192K, 99% used [0x00000000e3800000,0x00000000e3ffb030,0x00000000e4000000)
  to   space 8192K, 0% used [0x00000000e3000000,0x00000000e3000000,0x00000000e3800000)
 ParOldGen       total 131072K, used 3759K [0x00000000a0000000, 0x00000000a8000000, 0x00000000e0000000)
  object space 131072K, 2% used [0x00000000a0000000,0x00000000a03abdd8,0x00000000a8000000)
 Metaspace       used 20498K, capacity 21212K, committed 21296K, reserved 1067008K
  class space    used 2878K, capacity 3092K, committed 3120K, reserved 1048576K
Event: 4.240 GC heap after
Heap after GC invocations=5 (full 0):
 PSYoungGen      total 57344K, used 7782K [0x00000000e0000000, 0x00000000e7700000, 0x0000000100000000)
  eden space 49152K, 0% used [0x00000000e0000000,0x00000000e0000000,0x00000000e3000000)
  from space 8192K, 95% used [0x00000000e3000000,0x00000000e3799a70,0x00000000e3800000)
  to   space 11776K, 0% used [0x00000000e6b80000,0x00000000e6b80000,0x00000000e7700000)
 ParOldGen       total 131072K, used 3767K [0x00000000a0000000, 0x00000000a8000000, 0x00000000e0000000)
  object space 131072K, 2% used [0x00000000a0000000,0x00000000a03addd8,0x00000000a8000000)
 Metaspace       used 20498K, capacity 21212K, committed 21296K, reserved 1067008K
  class space    used 2878K, capacity 3092K, committed 3120K, reserved 1048576K
}
Event: 4.240 GC heap before
{Heap before GC invocations=6 (full 1):
 PSYoungGen      total 57344K, used 7782K [0x00000000e0000000, 0x00000000e7700000, 0x0000000100000000)
  eden space 49152K, 0% used [0x00000000e0000000,0x00000000e0000000,0x00000000e3000000)
  from space 8192K, 95% used [0x00000000e3000000,0x00000000e3799a70,0x00000000e3800000)
  to   space 11776K, 0% used [0x00000000e6b80000,0x00000000e6b80000,0x00000000e7700000)
 ParOldGen       total 131072K, used 3767K [0x00000000a0000000, 0x00000000a8000000, 0x00000000e0000000)
  object space 131072K, 2% used [0x00000000a0000000,0x00000000a03addd8,0x00000000a8000000)
 Metaspace       used 20498K, capacity 21212K, committed 21296K, reserved 1067008K
  class space    used 2878K, capacity 3092K, committed 3120K, reserved 1048576K
Event: 4.294 GC heap after
Heap after GC invocations=6 (full 1):
 PSYoungGen      total 57344K, used 0K [0x00000000e0000000, 0x00000000e7700000, 0x0000000100000000)
  eden space 49152K, 0% used [0x00000000e0000000,0x00000000e0000000,0x00000000e3000000)
  from space 8192K, 0% used [0x00000000e3000000,0x00000000e3000000,0x00000000e3800000)
  to   space 11776K, 0% used [0x00000000e6b80000,0x00000000e6b80000,0x00000000e7700000)
 ParOldGen       total 72192K, used 8118K [0x00000000a0000000, 0x00000000a4680000, 0x00000000e0000000)
  object space 72192K, 11% used [0x00000000a0000000,0x00000000a07ed948,0x00000000a4680000)
 Metaspace       used 20498K, capacity 21212K, committed 21296K, reserved 1067008K
  class space    used 2878K, capacity 3092K, committed 3120K, reserved 1048576K
}
Event: 5.088 GC heap before
{Heap before GC invocations=7 (full 1):
 PSYoungGen      total 57344K, used 49152K [0x00000000e0000000, 0x00000000e7700000, 0x0000000100000000)
  eden space 49152K, 100% used [0x00000000e0000000,0x00000000e3000000,0x00000000e3000000)
  from space 8192K, 0% used [0x00000000e3000000,0x00000000e3000000,0x00000000e3800000)
  to   space 11776K, 0% used [0x00000000e6b80000,0x00000000e6b80000,0x00000000e7700000)
 ParOldGen       total 72192K, used 8118K [0x00000000a0000000, 0x00000000a4680000, 0x00000000e0000000)
  object space 72192K, 11% used [0x00000000a0000000,0x00000000a07ed948,0x00000000a4680000)
 Metaspace       used 24174K, capacity 24862K, committed 25264K, reserved 1071104K
  class space    used 3447K, capacity 3686K, committed 3760K, reserved 1048576K
Event: 5.097 GC heap after
Heap after GC invocations=7 (full 1):
 PSYoungGen      total 89600K, used 4497K [0x00000000e0000000, 0x00000000e7000000, 0x0000000100000000)
  eden space 84992K, 0% used [0x00000000e0000000,0x00000000e0000000,0x00000000e5300000)
  from space 4608K, 97% used [0x00000000e6b80000,0x00000000e6fe4410,0x00000000e7000000)
  to   space 12288K, 0% used [0x00000000e5800000,0x00000000e5800000,0x00000000e6400000)
 ParOldGen       total 72192K, used 8126K [0x00000000a0000000, 0x00000000a4680000, 0x00000000e0000000)
  object space 72192K, 11% used [0x00000000a0000000,0x00000000a07ef948,0x00000000a4680000)
 Metaspace       used 24174K, capacity 24862K, committed 25264K, reserved 1071104K
  class space    used 3447K, capacity 3686K, committed 3760K, reserved 1048576K
}

Deoptimization events (10 events):
Event: 5.023 Thread 0x0000000019491000 Uncommon trap: reason=unstable_if action=reinterpret pc=0x0000000003029f44 method=java.lang.String.regionMatches(ZILjava/lang/String;II)Z @ 41
Event: 5.026 Thread 0x0000000019491000 Uncommon trap: reason=unstable_if action=reinterpret pc=0x0000000002f40c4c method=java.lang.ClassLoader.getClassLoadingLock(Ljava/lang/String;)Ljava/lang/Object; @ 6
Event: 5.098 Thread 0x00000000028e7000 Uncommon trap: reason=unstable_if action=reinterpret pc=0x0000000002e3273c method=java.lang.ref.Reference.tryHandlePending(Z)Z @ 104
Event: 5.103 Thread 0x0000000019491000 Uncommon trap: reason=bimorphic action=maybe_recompile pc=0x0000000002f24078 method=java.io.BufferedInputStream.read([BII)I @ 101
Event: 5.103 Thread 0x0000000019491000 Uncommon trap: reason=bimorphic action=maybe_recompile pc=0x0000000002f24078 method=java.io.BufferedInputStream.read([BII)I @ 101
Event: 5.104 Thread 0x0000000019491000 Uncommon trap: reason=bimorphic action=maybe_recompile pc=0x0000000002f24078 method=java.io.BufferedInputStream.read([BII)I @ 101
Event: 5.106 Thread 0x0000000019491000 Uncommon trap: reason=bimorphic action=maybe_recompile pc=0x0000000002f24078 method=java.io.BufferedInputStream.read([BII)I @ 101
Event: 5.518 Thread 0x0000000019491000 Uncommon trap: reason=unstable_if action=reinterpret pc=0x0000000002deaff8 method=java.lang.String.regionMatches(ZILjava/lang/String;II)Z @ 41
Event: 6.063 Thread 0x0000000019491000 Uncommon trap: reason=unstable_if action=reinterpret pc=0x0000000002e6c4fc method=jdk.internal.org.objectweb.asm.Type.getArgumentsAndReturnSizes(Ljava/lang/String;)I @ 88
Event: 6.735 Thread 0x0000000019491000 Uncommon trap: reason=unstable_if action=reinterpret pc=0x000000000304a544 method=sun.misc.URLClassPath$JarLoader.getResource(Ljava/lang/String;ZLjava/util/Set;)Lsun/misc/Resource; @ 17

Classes redefined (0 events):
No events

Internal exceptions (10 events):
Event: 6.619 Thread 0x0000000019491000 Exception <a 'java/lang/ClassNotFoundException': org/gradle/api/internal/plugins/DefaultObjectConfigurationActionBeanInfo> (0x00000000e4e8fee0) thrown at [C:\src\AOSP-openjdk-git\hotspot\src\share\vm\classfile\systemDictionary.cpp, line 210]
Event: 6.625 Thread 0x0000000019491000 Exception <a 'java/lang/ClassNotFoundException': org/gradle/api/internal/plugins/DefaultObjectConfigurationActionCustomizer> (0x00000000e4eca808) thrown at [C:\src\AOSP-openjdk-git\hotspot\src\share\vm\classfile\systemDictionary.cpp, line 210]
Event: 6.723 Thread 0x0000000019491000 Exception <a 'java/lang/ClassNotFoundException': JetGradlePluginBeanInfo> (0x00000000e4fe28a0) thrown at [C:\src\AOSP-openjdk-git\hotspot\src\share\vm\classfile\systemDictionary.cpp, line 210]
Event: 6.724 Thread 0x0000000019491000 Exception <a 'java/lang/ClassNotFoundException': JetGradlePluginCustomizer> (0x00000000e4feddb8) thrown at [C:\src\AOSP-openjdk-git\hotspot\src\share\vm\classfile\systemDictionary.cpp, line 210]
Event: 6.736 Thread 0x0000000019491000 Exception <a 'java/lang/ClassNotFoundException': groovy/lang/ReferenceBeanInfo> (0x00000000e503a8b0) thrown at [C:\src\AOSP-openjdk-git\hotspot\src\share\vm\classfile\systemDictionary.cpp, line 210]
Event: 6.738 Thread 0x0000000019491000 Exception <a 'java/lang/ClassNotFoundException': groovy/lang/ReferenceCustomizer> (0x00000000e5062cc8) thrown at [C:\src\AOSP-openjdk-git\hotspot\src\share\vm\classfile\systemDictionary.cpp, line 210]
Event: 6.749 Thread 0x0000000019491000 Exception <a 'java/lang/ClassNotFoundException': RegistryProcessorBeanInfo> (0x00000000e50a0b10) thrown at [C:\src\AOSP-openjdk-git\hotspot\src\share\vm\classfile\systemDictionary.cpp, line 210]
Event: 6.752 Thread 0x0000000019491000 Exception <a 'java/lang/ClassNotFoundException': RegistryProcessorCustomizer> (0x00000000e50ac400) thrown at [C:\src\AOSP-openjdk-git\hotspot\src\share\vm\classfile\systemDictionary.cpp, line 210]
Event: 6.775 Thread 0x0000000019491000 Exception <a 'java/lang/ClassNotFoundException': org/jetbrains/plugins/gradle/tooling/internal/ExtraModelBuilderBeanInfo> (0x00000000e511f490) thrown at [C:\src\AOSP-openjdk-git\hotspot\src\share\vm\classfile\systemDictionary.cpp, line 210]
Event: 6.776 Thread 0x0000000019491000 Exception <a 'java/lang/ClassNotFoundException': org/jetbrains/plugins/gradle/tooling/internal/ExtraModelBuilderCustomizer> (0x00000000e512c6c0) thrown at [C:\src\AOSP-openjdk-git\hotspot\src\share\vm\classfile\systemDictionary.cpp, line 210]

Events (10 events):
Event: 6.784 loading class org/gradle/internal/impldep/com/google/common/collect/Lists$TransformingSequentialList
Event: 6.784 loading class org/gradle/internal/impldep/com/google/common/collect/Lists$TransformingSequentialList done
Event: 6.785 loading class org/gradle/internal/impldep/com/google/common/collect/Lists$Partition
Event: 6.785 loading class org/gradle/internal/impldep/com/google/common/collect/Lists$Partition done
Event: 6.785 loading class org/gradle/internal/impldep/com/google/common/collect/Lists$Partition
Event: 6.785 loading class org/gradle/internal/impldep/com/google/common/collect/Lists$Partition done
Event: 6.786 loading class org/gradle/internal/impldep/com/google/common/collect/Lists$RandomAccessPartition
Event: 6.786 loading class org/gradle/internal/impldep/com/google/common/collect/Lists$RandomAccessPartition done
Event: 6.786 loading class org/gradle/internal/impldep/com/google/common/collect/Lists$RandomAccessPartition
Event: 6.786 loading class org/gradle/internal/impldep/com/google/common/collect/Lists$RandomAccessPartition done


Dynamic libraries:
0x00007ff6cc250000 - 0x00007ff6cc281000 	C:\Program Files\Android\Android Studio2\jre\bin\java.exe
0x00007fff34c40000 - 0x00007fff34e30000 	C:\WINDOWS\SYSTEM32\ntdll.dll
0x00007fff331c0000 - 0x00007fff33272000 	C:\WINDOWS\System32\KERNEL32.DLL
0x00007fff32350000 - 0x00007fff325f4000 	C:\WINDOWS\System32\KERNELBASE.dll
0x00007fff2ed10000 - 0x00007fff2ed9f000 	C:\WINDOWS\SYSTEM32\apphelp.dll
0x00007fff32ef0000 - 0x00007fff32f93000 	C:\WINDOWS\System32\ADVAPI32.dll
0x00007fff34840000 - 0x00007fff348de000 	C:\WINDOWS\System32\msvcrt.dll
0x00007fff349c0000 - 0x00007fff34a57000 	C:\WINDOWS\System32\sechost.dll
0x00007fff341d0000 - 0x00007fff342f0000 	C:\WINDOWS\System32\RPCRT4.dll
0x00007fff32fa0000 - 0x00007fff33134000 	C:\WINDOWS\System32\USER32.dll
0x00007fff32840000 - 0x00007fff32861000 	C:\WINDOWS\System32\win32u.dll
0x00007fff32cf0000 - 0x00007fff32d16000 	C:\WINDOWS\System32\GDI32.dll
0x00007fff32870000 - 0x00007fff32a05000 	C:\WINDOWS\System32\gdi32full.dll
0x00007fff32bf0000 - 0x00007fff32c8e000 	C:\WINDOWS\System32\msvcp_win.dll
0x00007fff32af0000 - 0x00007fff32bea000 	C:\WINDOWS\System32\ucrtbase.dll
0x00007fff1ef10000 - 0x00007fff1f194000 	C:\WINDOWS\WinSxS\amd64_microsoft.windows.common-controls_6595b64144ccf1df_6.0.18362.900_none_e6beb9d913147d17\COMCTL32.dll
0x00007fff34500000 - 0x00007fff34835000 	C:\WINDOWS\System32\combase.dll
0x00007fff32670000 - 0x00007fff326f0000 	C:\WINDOWS\System32\bcryptPrimitives.dll
0x00007fff348e0000 - 0x00007fff3490e000 	C:\WINDOWS\System32\IMM32.DLL
0x0000000053510000 - 0x00000000535e2000 	C:\Program Files\Android\Android Studio2\jre\jre\bin\msvcr100.dll
0x0000000052810000 - 0x000000005305b000 	C:\Program Files\Android\Android Studio2\jre\jre\bin\server\jvm.dll
0x00007fff33cd0000 - 0x00007fff33cd8000 	C:\WINDOWS\System32\PSAPI.DLL
0x00007fff2b070000 - 0x00007fff2b07a000 	C:\WINDOWS\SYSTEM32\VERSION.dll
0x00007fff2d830000 - 0x00007fff2d854000 	C:\WINDOWS\SYSTEM32\WINMM.dll
0x00007fff27a10000 - 0x00007fff27a19000 	C:\WINDOWS\SYSTEM32\WSOCK32.dll
0x00007fff33c50000 - 0x00007fff33cbf000 	C:\WINDOWS\System32\WS2_32.dll
0x00007fff2d800000 - 0x00007fff2d82d000 	C:\WINDOWS\SYSTEM32\winmmbase.dll
0x00007fff32600000 - 0x00007fff3264a000 	C:\WINDOWS\System32\cfgmgr32.dll
0x00007fff20fa0000 - 0x00007fff20faf000 	C:\Program Files\Android\Android Studio2\jre\jre\bin\verify.dll
0x00007ffefd740000 - 0x00007ffefd769000 	C:\Program Files\Android\Android Studio2\jre\jre\bin\java.dll
0x00007ffefd7e0000 - 0x00007ffefd7f6000 	C:\Program Files\Android\Android Studio2\jre\jre\bin\zip.dll
0x00007fff33350000 - 0x00007fff33a36000 	C:\WINDOWS\System32\SHELL32.dll
0x00007fff342f0000 - 0x00007fff34399000 	C:\WINDOWS\System32\shcore.dll
0x00007fff31bd0000 - 0x00007fff32350000 	C:\WINDOWS\System32\windows.storage.dll
0x00007fff31b60000 - 0x00007fff31b83000 	C:\WINDOWS\System32\profapi.dll
0x00007fff31b10000 - 0x00007fff31b5a000 	C:\WINDOWS\System32\powrprof.dll
0x00007fff31b00000 - 0x00007fff31b10000 	C:\WINDOWS\System32\UMPDC.dll
0x00007fff34ba0000 - 0x00007fff34bf2000 	C:\WINDOWS\System32\shlwapi.dll
0x00007fff31b90000 - 0x00007fff31ba1000 	C:\WINDOWS\System32\kernel.appcore.dll
0x00007fff32650000 - 0x00007fff32667000 	C:\WINDOWS\System32\cryptsp.dll
0x00007ffee4470000 - 0x00007ffee448a000 	C:\Program Files\Android\Android Studio2\jre\jre\bin\net.dll
0x00007fff31370000 - 0x00007fff313d7000 	C:\WINDOWS\system32\mswsock.dll
0x00007ffed9a50000 - 0x00007ffed9a63000 	C:\Program Files\Android\Android Studio2\jre\jre\bin\nio.dll
0x00007fff20000000 - 0x00007fff20026000 	C:\Users\Asus\.gradle\native\31\windows-amd64\native-platform.dll
0x00007fff1b920000 - 0x00007fff1b92d000 	C:\Program Files\Android\Android Studio2\jre\jre\bin\management.dll
0x00007fff30ee0000 - 0x00007fff30f13000 	C:\WINDOWS\system32\rsaenh.dll
0x00007fff32a10000 - 0x00007fff32a36000 	C:\WINDOWS\System32\bcrypt.dll
0x00007fff31a20000 - 0x00007fff31a45000 	C:\WINDOWS\SYSTEM32\USERENV.dll
0x00007fff31540000 - 0x00007fff3154c000 	C:\WINDOWS\SYSTEM32\CRYPTBASE.dll
0x00007fff31080000 - 0x00007fff310ba000 	C:\WINDOWS\SYSTEM32\IPHLPAPI.DLL
0x00007fff34b90000 - 0x00007fff34b98000 	C:\WINDOWS\System32\NSI.dll
0x00007fff27730000 - 0x00007fff27746000 	C:\WINDOWS\SYSTEM32\dhcpcsvc6.DLL
0x00007fff27fb0000 - 0x00007fff27fcc000 	C:\WINDOWS\SYSTEM32\dhcpcsvc.DLL
0x00007fff310c0000 - 0x00007fff3118b000 	C:\WINDOWS\SYSTEM32\DNSAPI.dll
0x00007fff2fc10000 - 0x00007fff2fe04000 	C:\WINDOWS\SYSTEM32\dbghelp.dll

VM Arguments:
jvm_args: -Xmx1536m -Dfile.encoding=windows-1252 -Duser.country=IN -Duser.language=en -Duser.variant 
java_command: org.gradle.launcher.daemon.bootstrap.GradleDaemon 6.1.1
java_class_path (initial): C:\Users\Asus\.gradle\wrapper\dists\gradle-6.1.1-all\cfmwm155h49vnt3hynmlrsdst\gradle-6.1.1\lib\gradle-launcher-6.1.1.jar
Launcher Type: SUN_STANDARD

Environment Variables:
PATH=C:\ProgramData\Oracle\Java\javapath;C:\app\Asus\product\11.2.0\dbhome_1\bin;C:\Program Files (x86)\Intel\Intel(R) Management Engine Components\iCLS\;C:\Program Files\Intel\Intel(R) Management Engine Components\iCLS\;C:\Windows\system32;C:\Windows;C:\Windows\System32\Wbem;C:\Windows\System32\WindowsPowerShell\v1.0\;C:\Windows\System32\OpenSSH\;C:\Program Files (x86)\Intel\Intel(R) Management Engine Components\DAL;C:\Program Files\Intel\Intel(R) Management Engine Components\DAL;C:\Program Files (x86)\Intel\Intel(R) Management Engine Components\IPT;C:\Program Files\Intel\Intel(R) Management Engine Components\IPT;C:\Program Files (x86)\NVIDIA Corporation\PhysX\Common;C:\Program Files\Intel\WiFi\bin\;C:\Program Files\Common Files\Intel\WirelessCommon\;C:\Program Files\Git\cmd;C:\Program Files\PuTTY\;C:\Program Files\Java\jdk1.8.0_121\bin;C:\WINDOWS\system32;C:\WINDOWS;C:\WINDOWS\System32\Wbem;C:\WINDOWS\System32\WindowsPowerShell\v1.0\;C:\WINDOWS\System32\OpenSSH\;C:\Python27;C:\xampp\php;C:\ProgramData\ComposerSetup\bin;C:\src\flutter\bin;C:\Program Files\MATLAB\R2020a\bin;C:\Program Files (x86)\mingw-w64\i686-8.1.0-posix-dwarf-rt_v6-rev0\mingw32\bin;C:\Users\Asus\AppData\Local\Programs\Microsoft VS Code\bin;C:\Users\Asus\AppData\Local\Microsoft\WindowsApps;C:\Users\Asus\AppData\Local\Programs\Python\Python37;C:\Users\Asus\AppData\Roaming\Composer\vendor\bin;C:\Users\Asus\AppData\Local\GitHubDesktop\bin
USERNAME=newguest
OS=Windows_NT
PROCESSOR_IDENTIFIER=Intel64 Family 6 Model 142 Stepping 10, GenuineIntel



---------------  S Y S T E M  ---------------

OS: Windows 10.0 , 64 bit Build 18362 (10.0.18362.900)

CPU:total 8 (initial active 8) (4 cores per cpu, 2 threads per core) family 6 model 142 stepping 10, cmov, cx8, fxsr, mmx, sse, sse2, sse3, ssse3, sse4.1, sse4.2, popcnt, avx, avx2, aes, clmul, erms, 3dnowpref, lzcnt, ht, tsc, tscinvbit, bmi1, bmi2, adx

Memory: 4k page, physical 12458036k(4478468k free), swap 19273780k(8762884k free)

vm_info: OpenJDK 64-Bit Server VM (25.242-b01) for windows-amd64 JRE (1.8.0_242-release-1644-b01), built by "builder" with MS VC++ 10.0 (VS2010)

time: Mon Jul 13 19:12:26 2020
timezone: India Standard Time
elapsed time: 6 seconds (0d 0h 0m 6s)

