#
# A fatal error has been detected by the Java Runtime Environment:
#
#  EXCEPTION_ACCESS_VIOLATION (0xc0000005) at pc=0x000000005d733100, pid=10472, tid=0x0000000000002098
#
# JRE version: OpenJDK Runtime Environment (8.0_242-b01) (build 1.8.0_242-release-1644-b01)
# Java VM: OpenJDK 64-Bit Server VM (25.242-b01 mixed mode windows-amd64 compressed oops)
# Problematic frame:
# V  [jvm.dll+0x5b3100]
#
# Failed to write core dump. Minidumps are not enabled by default on client versions of Windows
#
# If you would like to submit a bug report, please visit:
#   
#

---------------  T H R E A D  ---------------

Current thread (0x00000000186a9000):  JavaThread "C2 CompilerThread2" daemon [_thread_in_native, id=8344, stack(0x0000000019170000,0x0000000019270000)]

siginfo: ExceptionCode=0xc0000005, ExceptionInformation=0x0000000000000008 0x000000005d733100

Registers:
RAX=0x000000001a62f920, RBX=0x000000001d5ae858, RCX=0x000000001d5ae540, RDX=0x000000001d5ae858
RSP=0x000000001926b848, RBP=0x000000001d5ae540, RSI=0x0000000000000000, RDI=0x000000001d5ae540
R8 =0x000000001fc98501, R9 =0x0000000000000407, R10=0x000000001926c510, R11=0x000000000000006c
R12=0x000000001d5ae4f8, R13=0x0000000000000859, R14=0x0000000000000000, R15=0x00000000290c04b8
RIP=0x000000005d733100, EFLAGS=0x0000000000010202

Top of Stack: (sp=0x000000001926b848)
0x000000001926b848:   000000005d6852e5 000000001d5ae8a8
0x000000001926b858:   000000005d681d6b 0000000000006d1b
0x000000001926b868:   000000000000000b 000000001dfa4898
0x000000001926b878:   000000005d688335 000000000000000b
0x000000001926b888:   000000000000040e 000000001d5ae8a8
0x000000001926b898:   000000005d65fb40 0000000023b250a8
0x000000001926b8a8:   000000001dfa4898 000000001926c510
0x000000001926b8b8:   000000005d5c8437 000000001dfa4898
0x000000001926b8c8:   000000000000040e 000000000000000b
0x000000001926b8d8:   0000000000000858 000000001926c510
0x000000001926b8e8:   000000005d662348 000000001926c510
0x000000001926b8f8:   000000001926c510 000000001dfa37a8
0x000000001926b908:   0000000000000000 0000000000000859
0x000000001926b918:   000000001926e640 000000001dfa4898
0x000000001926b928:   000000005d661cca 000000000000000b
0x000000001926b938:   0000000023b250a8 000000001926c510 

Instructions: (pc=0x000000005d733100)
0x000000005d7330e0:   75 6e 68 61 6e 64 6c 65 64 20 62 79 74 65 63 6f
0x000000005d7330f0:   64 65 00 00 00 00 00 00 10 fe 82 5d 00 00 00 00
0x000000005d733100:   f0 3e 1a 5d 00 00 00 00 e0 f4 6d 5d 00 00 00 00
0x000000005d733110:   b0 a7 63 5d 00 00 00 00 b0 a7 63 5d 00 00 00 00 


Register to memory mapping:

RAX=0x000000001a62f920 is an unknown value
RBX=0x000000001d5ae858 is an unknown value
RCX=0x000000001d5ae540 is an unknown value
RDX=0x000000001d5ae858 is an unknown value
RSP=0x000000001926b848 is pointing into the stack for thread: 0x00000000186a9000
RBP=0x000000001d5ae540 is an unknown value
RSI=0x0000000000000000 is an unknown value
RDI=0x000000001d5ae540 is an unknown value
R8 =0x000000001fc98501 is an unknown value
R9 =0x0000000000000407 is an unknown value
R10=0x000000001926c510 is pointing into the stack for thread: 0x00000000186a9000
R11=0x000000000000006c is an unknown value
R12=0x000000001d5ae4f8 is an unknown value
R13=0x0000000000000859 is an unknown value
R14=0x0000000000000000 is an unknown value
R15=0x00000000290c04b8 is an unknown value


Stack: [0x0000000019170000,0x0000000019270000],  sp=0x000000001926b848,  free space=1006k
Native frames: (J=compiled Java code, j=interpreted, Vv=VM code, C=native code)
V  [jvm.dll+0x5b3100]


Current CompileTask:
C2: 426646 14285   !   4       org.gradle.internal.operations.DefaultBuildOperationExecutor$1::execute (82 bytes)


---------------  P R O C E S S  ---------------

Java Threads: ( => current thread )
  0x000000001ec90800 JavaThread "Cache worker for Build Output Cleanup Cache (C:\Users\Asus\AndroidStudioProjects\FitnessApp\.gradle\buildOutputCleanup)" [_thread_blocked, id=3916, stack(0x0000000025a20000,0x0000000025b20000)]
  0x000000001ec8f000 JavaThread "pool-6-thread-1" [_thread_blocked, id=9916, stack(0x0000000024a30000,0x0000000024b30000)]
  0x000000001ec8e800 JavaThread "Build operations Thread 8" [_thread_blocked, id=1392, stack(0x0000000024930000,0x0000000024a30000)]
  0x000000001ec90000 JavaThread "Build operations Thread 7" [_thread_blocked, id=4872, stack(0x0000000023460000,0x0000000023560000)]
  0x000000001ec8d800 JavaThread "Build operations Thread 6" [_thread_blocked, id=11828, stack(0x0000000022110000,0x0000000022210000)]
  0x000000001ec8c000 JavaThread "Build operations Thread 5" [_thread_blocked, id=11056, stack(0x0000000022010000,0x0000000022110000)]
  0x000000001e971000 JavaThread "Build operations Thread 4" [_thread_blocked, id=11780, stack(0x0000000021f10000,0x0000000022010000)]
  0x000000001e977000 JavaThread "Build operations Thread 3" [_thread_blocked, id=8888, stack(0x0000000021e10000,0x0000000021f10000)]
  0x000000001e973800 JavaThread "Build operations Thread 2" [_thread_blocked, id=7308, stack(0x0000000021060000,0x0000000021160000)]
  0x000000001e975000 JavaThread "Build operations" [_thread_blocked, id=12172, stack(0x0000000020f60000,0x0000000021060000)]
  0x000000001e970800 JavaThread "Cache worker for cache directory md-rule (C:\Users\Asus\.gradle\caches\6.1.1\md-rule)" [_thread_blocked, id=9628, stack(0x0000000020e60000,0x0000000020f60000)]
  0x000000001e968000 JavaThread "Cache worker for cache directory md-supplier (C:\Users\Asus\.gradle\caches\6.1.1\md-supplier)" [_thread_blocked, id=6816, stack(0x000000001fa30000,0x000000001fb30000)]
  0x000000001e969000 JavaThread "Cache worker for file hash cache (C:\Users\Asus\AndroidStudioProjects\FitnessApp\.gradle\6.1.1\fileHashes)" [_thread_blocked, id=88, stack(0x000000001f930000,0x000000001fa30000)]
  0x000000001e96f000 JavaThread "Cache worker for checksums cache (C:\Users\Asus\AndroidStudioProjects\FitnessApp\.gradle\checksums)" [_thread_blocked, id=6516, stack(0x000000001cc90000,0x000000001cd90000)]
  0x000000001e96e000 JavaThread "Thread-65" [_thread_blocked, id=11008, stack(0x000000001cb90000,0x000000001cc90000)]
  0x000000001e96c800 JavaThread "Stdin handler" [_thread_blocked, id=8172, stack(0x000000001ca90000,0x000000001cb90000)]
  0x000000001e96c000 JavaThread "Asynchronous log dispatcher for DefaultDaemonConnection: socket connection from /127.0.0.1:50067 to /127.0.0.1:50274" [_thread_blocked, id=11196, stack(0x000000001c690000,0x000000001c790000)]
  0x000000001e96b000 JavaThread "Cancel handler" [_thread_blocked, id=10328, stack(0x0000000000e80000,0x0000000000f80000)]
  0x000000001e96a800 JavaThread "Handler for socket connection from /127.0.0.1:50067 to /127.0.0.1:50274" [_thread_in_native, id=2612, stack(0x0000000000c80000,0x0000000000d80000)]
  0x000000001ec8d000 JavaThread "Daemon worker Thread 2" [_thread_in_Java, id=11784, stack(0x000000001c790000,0x000000001c890000)]
  0x000000001ec8b800 JavaThread "Daemon Thread 2" [_thread_blocked, id=12052, stack(0x0000000000d80000,0x0000000000e80000)]
  0x000000001f159800 JavaThread "RMI Reaper" [_thread_blocked, id=10656, stack(0x0000000028150000,0x0000000028250000)]
  0x000000001f157800 JavaThread "RMI TCP Accept-0" daemon [_thread_in_native, id=10688, stack(0x0000000028050000,0x0000000028150000)]
  0x000000001f156800 JavaThread "GC Daemon" daemon [_thread_blocked, id=9012, stack(0x0000000027f50000,0x0000000028050000)]
  0x000000001f14c000 JavaThread "RMI Scheduler(0)" daemon [_thread_blocked, id=11576, stack(0x0000000027970000,0x0000000027a70000)]
  0x000000001e974000 JavaThread "Cache worker for file content cache (C:\Users\Asus\.gradle\caches\6.1.1\fileContent)" [_thread_blocked, id=11844, stack(0x0000000025920000,0x0000000025a20000)]
  0x000000001e972000 JavaThread "Memory manager" [_thread_blocked, id=11776, stack(0x0000000024ff0000,0x00000000250f0000)]
  0x000000001b1e0800 JavaThread "Cache worker for execution history cache (C:\Users\Asus\.gradle\caches\6.1.1\executionHistory)" [_thread_blocked, id=7648, stack(0x0000000020b60000,0x0000000020c60000)]
  0x000000001b1dd800 JavaThread "Cache worker for file hash cache (C:\Users\Asus\.gradle\caches\6.1.1\fileHashes)" [_thread_blocked, id=10088, stack(0x000000001d490000,0x000000001d590000)]
  0x000000001b1e2800 JavaThread "File lock request listener" [_thread_in_native, id=10252, stack(0x000000001d390000,0x000000001d490000)]
  0x00000000187bf000 JavaThread "Cache worker for journal cache (C:\Users\Asus\.gradle\caches\journal-1)" [_thread_blocked, id=12068, stack(0x000000001d290000,0x000000001d390000)]
  0x000000001b0a9000 JavaThread "Daemon periodic checks" [_thread_blocked, id=12256, stack(0x000000001c590000,0x000000001c690000)]
  0x000000001b06b000 JavaThread "Incoming local TCP Connector on port 50067" [_thread_in_native, id=10084, stack(0x000000001c350000,0x000000001c450000)]
  0x000000001b02d800 JavaThread "Daemon health stats" [_thread_blocked, id=11456, stack(0x000000001bd10000,0x000000001be10000)]
  0x0000000018738800 JavaThread "Service Thread" daemon [_thread_blocked, id=12268, stack(0x0000000019370000,0x0000000019470000)]
  0x00000000186b3800 JavaThread "C1 CompilerThread3" daemon [_thread_in_vm, id=9300, stack(0x0000000019270000,0x0000000019370000)]
=>0x00000000186a9000 JavaThread "C2 CompilerThread2" daemon [_thread_in_native, id=8344, stack(0x0000000019170000,0x0000000019270000)]
  0x00000000168ac800 JavaThread "C2 CompilerThread1" daemon [_thread_in_native, id=8616, stack(0x0000000019070000,0x0000000019170000)]
  0x00000000186a2800 JavaThread "C2 CompilerThread0" daemon [_thread_in_native, id=3572, stack(0x0000000018f70000,0x0000000019070000)]
  0x00000000186a2000 JavaThread "Attach Listener" daemon [_thread_blocked, id=11040, stack(0x0000000018e70000,0x0000000018f70000)]
  0x00000000186a5800 JavaThread "Signal Dispatcher" daemon [_thread_blocked, id=12196, stack(0x0000000018d70000,0x0000000018e70000)]
  0x0000000018691000 JavaThread "Finalizer" daemon [_thread_blocked, id=9696, stack(0x0000000018b70000,0x0000000018c70000)]
  0x0000000002ad7000 JavaThread "Reference Handler" daemon [_thread_blocked, id=9488, stack(0x0000000018a70000,0x0000000018b70000)]
  0x00000000029ce000 JavaThread "main" [_thread_blocked, id=11696, stack(0x0000000002810000,0x0000000002910000)]

Other Threads:
  0x0000000016896800 VMThread [stack: 0x0000000018570000,0x0000000018670000] [id=8720]
  0x0000000018739000 WatcherThread [stack: 0x0000000019470000,0x0000000019570000] [id=10476]

VM state:not at safepoint (normal execution)

VM Mutex/Monitor currently owned by a thread:  ([mutex/lock_event])
[0x00000000029e19d0] Compile_lock - owner thread: 0x0000000000000000

heap address: 0x00000000a0000000, size: 1536 MB, Compressed Oops mode: 32-bit
Narrow klass base: 0x0000000000000000, Narrow klass shift: 3
Compressed class space size: 1073741824 Address: 0x0000000100000000

Heap:
 PSYoungGen      total 323584K, used 21169K [0x00000000e0000000, 0x00000000f6180000, 0x0000000100000000)
  eden space 302592K, 6% used [0x00000000e0000000,0x00000000e14ac5d8,0x00000000f2780000)
  from space 20992K, 0% used [0x00000000f4d00000,0x00000000f4d00000,0x00000000f6180000)
  to   space 29696K, 0% used [0x00000000f2780000,0x00000000f2780000,0x00000000f4480000)
 ParOldGen       total 249344K, used 61469K [0x00000000a0000000, 0x00000000af380000, 0x00000000e0000000)
  object space 249344K, 24% used [0x00000000a0000000,0x00000000a3c07518,0x00000000af380000)
 Metaspace       used 92921K, capacity 97394K, committed 98856K, reserved 1134592K
  class space    used 12222K, capacity 13187K, committed 13488K, reserved 1048576K

Card table byte_map: [0x0000000011ea0000,0x00000000121b0000] byte_map_base: 0x00000000119a0000

Marking Bits: (ParMarkBitMap*) 0x000000005d94f030
 Begin Bits: [0x0000000012bb0000, 0x00000000143b0000)
 End Bits:   [0x00000000143b0000, 0x0000000015bb0000)

Polling page: 0x0000000000a80000

CodeCache: size=245760Kb used=38712Kb max_used=38712Kb free=207047Kb
 bounds [0x0000000002ae0000, 0x00000000050f0000, 0x0000000011ae0000]
 total_blobs=12873 nmethods=11981 adapters=804
 compilation: enabled

Compilation events (10 events):
Event: 426.601 Thread 0x00000000186b3800 nmethod 14307 0x00000000049692d0 code [0x0000000004969440, 0x0000000004969748]
Event: 426.605 Thread 0x00000000186b3800 14309       3       org.gradle.api.internal.plugins.DefaultPotentialPluginWithId::asClass (10 bytes)
Event: 426.607 Thread 0x00000000186b3800 nmethod 14309 0x0000000004968090 code [0x0000000004968200, 0x0000000004968428]
Event: 426.607 Thread 0x00000000186b3800 14308       1       com.google.common.cache.LocalCache$WeakEntry::getHash (5 bytes)
Event: 426.608 Thread 0x00000000186b3800 nmethod 14308 0x0000000004967dd0 code [0x0000000004967f20, 0x0000000004968030]
Event: 426.620 Thread 0x00000000186b3800 14310       3       java.util.Properties::<init> (6 bytes)
Event: 426.620 Thread 0x00000000186b3800 nmethod 14310 0x0000000004967890 code [0x0000000004967a20, 0x0000000004967ca8]
Event: 426.620 Thread 0x00000000186b3800 14311       3       java.util.Properties::<init> (10 bytes)
Event: 426.621 Thread 0x00000000186b3800 nmethod 14311 0x000000000496bcd0 code [0x000000000496be60, 0x000000000496c088]
Event: 426.621 Thread 0x00000000186b3800 14312       3       java.lang.invoke.LambdaFormEditor$Transform::of (49 bytes)

GC Heap History (10 events):
Event: 38.384 GC heap before
{Heap before GC invocations=16 (full 3):
 PSYoungGen      total 263168K, used 263152K [0x00000000e0000000, 0x00000000f2100000, 0x0000000100000000)
  eden space 239104K, 100% used [0x00000000e0000000,0x00000000ee980000,0x00000000ee980000)
  from space 24064K, 99% used [0x00000000f0480000,0x00000000f1bfc2c8,0x00000000f1c00000)
  to   space 27648K, 0% used [0x00000000ee980000,0x00000000ee980000,0x00000000f0480000)
 ParOldGen       total 160256K, used 37227K [0x00000000a0000000, 0x00000000a9c80000, 0x00000000e0000000)
  object space 160256K, 23% used [0x00000000a0000000,0x00000000a245ac40,0x00000000a9c80000)
 Metaspace       used 74087K, capacity 77838K, committed 77992K, reserved 1116160K
  class space    used 10074K, capacity 10810K, committed 10928K, reserved 1048576K
Event: 38.409 GC heap after
Heap after GC invocations=16 (full 3):
 PSYoungGen      total 266752K, used 14471K [0x00000000e0000000, 0x00000000f4380000, 0x0000000100000000)
  eden space 239104K, 0% used [0x00000000e0000000,0x00000000e0000000,0x00000000ee980000)
  from space 27648K, 52% used [0x00000000ee980000,0x00000000ef7a1c80,0x00000000f0480000)
  to   space 26624K, 0% used [0x00000000f2980000,0x00000000f2980000,0x00000000f4380000)
 ParOldGen       total 160256K, used 57079K [0x00000000a0000000, 0x00000000a9c80000, 0x00000000e0000000)
  object space 160256K, 35% used [0x00000000a0000000,0x00000000a37bdc78,0x00000000a9c80000)
 Metaspace       used 74087K, capacity 77838K, committed 77992K, reserved 1116160K
  class space    used 10074K, capacity 10810K, committed 10928K, reserved 1048576K
}
Event: 378.941 GC heap before
{Heap before GC invocations=17 (full 3):
 PSYoungGen      total 266752K, used 253575K [0x00000000e0000000, 0x00000000f4380000, 0x0000000100000000)
  eden space 239104K, 100% used [0x00000000e0000000,0x00000000ee980000,0x00000000ee980000)
  from space 27648K, 52% used [0x00000000ee980000,0x00000000ef7a1c80,0x00000000f0480000)
  to   space 26624K, 0% used [0x00000000f2980000,0x00000000f2980000,0x00000000f4380000)
 ParOldGen       total 160256K, used 57079K [0x00000000a0000000, 0x00000000a9c80000, 0x00000000e0000000)
  object space 160256K, 35% used [0x00000000a0000000,0x00000000a37bdc78,0x00000000a9c80000)
 Metaspace       used 85555K, capacity 90132K, committed 90408K, reserved 1128448K
  class space    used 11382K, capacity 12263K, committed 12336K, reserved 1048576K
Event: 378.968 GC heap after
Heap after GC invocations=17 (full 3):
 PSYoungGen      total 297472K, used 26616K [0x00000000e0000000, 0x00000000f4580000, 0x0000000100000000)
  eden space 270848K, 0% used [0x00000000e0000000,0x00000000e0000000,0x00000000f0880000)
  from space 26624K, 99% used [0x00000000f2980000,0x00000000f437e090,0x00000000f4380000)
  to   space 31232K, 0% used [0x00000000f0880000,0x00000000f0880000,0x00000000f2700000)
 ParOldGen       total 160256K, used 58691K [0x00000000a0000000, 0x00000000a9c80000, 0x00000000e0000000)
  object space 160256K, 36% used [0x00000000a0000000,0x00000000a3950e98,0x00000000a9c80000)
 Metaspace       used 85555K, capacity 90132K, committed 90408K, reserved 1128448K
  class space    used 11382K, capacity 12263K, committed 12336K, reserved 1048576K
}
Event: 381.096 GC heap before
{Heap before GC invocations=18 (full 3):
 PSYoungGen      total 297472K, used 297464K [0x00000000e0000000, 0x00000000f4580000, 0x0000000100000000)
  eden space 270848K, 100% used [0x00000000e0000000,0x00000000f0880000,0x00000000f0880000)
  from space 26624K, 99% used [0x00000000f2980000,0x00000000f437e090,0x00000000f4380000)
  to   space 31232K, 0% used [0x00000000f0880000,0x00000000f0880000,0x00000000f2700000)
 ParOldGen       total 160256K, used 58691K [0x00000000a0000000, 0x00000000a9c80000, 0x00000000e0000000)
  object space 160256K, 36% used [0x00000000a0000000,0x00000000a3950e98,0x00000000a9c80000)
 Metaspace       used 92948K, capacity 98100K, committed 98344K, reserved 1134592K
  class space    used 12313K, capacity 13354K, committed 13360K, reserved 1048576K
Event: 381.127 GC heap after
Heap after GC invocations=18 (full 3):
 PSYoungGen      total 302080K, used 19101K [0x00000000e0000000, 0x00000000f6b80000, 0x0000000100000000)
  eden space 270848K, 0% used [0x00000000e0000000,0x00000000e0000000,0x00000000f0880000)
  from space 31232K, 61% used [0x00000000f0880000,0x00000000f1b27718,0x00000000f2700000)
  to   space 31232K, 0% used [0x00000000f4d00000,0x00000000f4d00000,0x00000000f6b80000)
 ParOldGen       total 160256K, used 78804K [0x00000000a0000000, 0x00000000a9c80000, 0x00000000e0000000)
  object space 160256K, 49% used [0x00000000a0000000,0x00000000a4cf5350,0x00000000a9c80000)
 Metaspace       used 92948K, capacity 98100K, committed 98344K, reserved 1134592K
  class space    used 12313K, capacity 13354K, committed 13360K, reserved 1048576K
}
Event: 426.133 GC heap before
{Heap before GC invocations=19 (full 3):
 PSYoungGen      total 302080K, used 33802K [0x00000000e0000000, 0x00000000f6b80000, 0x0000000100000000)
  eden space 270848K, 5% used [0x00000000e0000000,0x00000000e0e5b228,0x00000000f0880000)
  from space 31232K, 61% used [0x00000000f0880000,0x00000000f1b27718,0x00000000f2700000)
  to   space 31232K, 0% used [0x00000000f4d00000,0x00000000f4d00000,0x00000000f6b80000)
 ParOldGen       total 160256K, used 78804K [0x00000000a0000000, 0x00000000a9c80000, 0x00000000e0000000)
  object space 160256K, 49% used [0x00000000a0000000,0x00000000a4cf5350,0x00000000a9c80000)
 Metaspace       used 93181K, capacity 98458K, committed 98600K, reserved 1134592K
  class space    used 12347K, capacity 13393K, committed 13488K, reserved 1048576K
Event: 426.180 GC heap after
Heap after GC invocations=19 (full 3):
 PSYoungGen      total 323584K, used 14275K [0x00000000e0000000, 0x00000000f6180000, 0x0000000100000000)
  eden space 302592K, 0% used [0x00000000e0000000,0x00000000e0000000,0x00000000f2780000)
  from space 20992K, 68% used [0x00000000f4d00000,0x00000000f5af0f08,0x00000000f6180000)
  to   space 29696K, 0% used [0x00000000f2780000,0x00000000f2780000,0x00000000f4480000)
 ParOldGen       total 160256K, used 78812K [0x00000000a0000000, 0x00000000a9c80000, 0x00000000e0000000)
  object space 160256K, 49% used [0x00000000a0000000,0x00000000a4cf7350,0x00000000a9c80000)
 Metaspace       used 93181K, capacity 98458K, committed 98600K, reserved 1134592K
  class space    used 12347K, capacity 13393K, committed 13488K, reserved 1048576K
}
Event: 426.180 GC heap before
{Heap before GC invocations=20 (full 4):
 PSYoungGen      total 323584K, used 14275K [0x00000000e0000000, 0x00000000f6180000, 0x0000000100000000)
  eden space 302592K, 0% used [0x00000000e0000000,0x00000000e0000000,0x00000000f2780000)
  from space 20992K, 68% used [0x00000000f4d00000,0x00000000f5af0f08,0x00000000f6180000)
  to   space 29696K, 0% used [0x00000000f2780000,0x00000000f2780000,0x00000000f4480000)
 ParOldGen       total 160256K, used 78812K [0x00000000a0000000, 0x00000000a9c80000, 0x00000000e0000000)
  object space 160256K, 49% used [0x00000000a0000000,0x00000000a4cf7350,0x00000000a9c80000)
 Metaspace       used 93181K, capacity 98458K, committed 98600K, reserved 1134592K
  class space    used 12347K, capacity 13393K, committed 13488K, reserved 1048576K
Event: 426.360 GC heap after
Heap after GC invocations=20 (full 4):
 PSYoungGen      total 323584K, used 0K [0x00000000e0000000, 0x00000000f6180000, 0x0000000100000000)
  eden space 302592K, 0% used [0x00000000e0000000,0x00000000e0000000,0x00000000f2780000)
  from space 20992K, 0% used [0x00000000f4d00000,0x00000000f4d00000,0x00000000f6180000)
  to   space 29696K, 0% used [0x00000000f2780000,0x00000000f2780000,0x00000000f4480000)
 ParOldGen       total 249344K, used 61469K [0x00000000a0000000, 0x00000000af380000, 0x00000000e0000000)
  object space 249344K, 24% used [0x00000000a0000000,0x00000000a3c07518,0x00000000af380000)
 Metaspace       used 92703K, capacity 97124K, committed 98600K, reserved 1134592K
  class space    used 12197K, capacity 13134K, committed 13488K, reserved 1048576K
}

Deoptimization events (10 events):
Event: 380.792 Thread 0x000000001ec8d000 Uncommon trap: reason=bimorphic action=maybe_recompile pc=0x00000000047a0764 method=org.gradle.api.internal.attributes.DefaultAttributesSchema$MergedSchema.matchValue(Lorg/gradle/api/attributes/Attribute;Ljava/lang/Object;Ljava/lang/Object;)Z @ 2
Event: 380.812 Thread 0x000000001ec8d000 Uncommon trap: reason=unstable_if action=reinterpret pc=0x0000000002cdf394 method=com.sun.org.apache.xerces.internal.utils.XMLLimitAnalyzer.addValue(ILjava/lang/String;I)V @ 7
Event: 380.812 Thread 0x000000001ec8d000 Uncommon trap: reason=unstable_if action=reinterpret pc=0x0000000002dfe760 method=com.sun.org.apache.xerces.internal.utils.XMLSecurityManager.isOverLimit(ILcom/sun/org/apache/xerces/internal/utils/XMLLimitAnalyzer;)Z @ 28
Event: 381.047 Thread 0x000000001ec8d000 Uncommon trap: reason=unstable_if action=reinterpret pc=0x0000000004236c9c method=java.util.concurrent.ArrayBlockingQueue.enqueue(Ljava/lang/Object;)V @ 25
Event: 381.091 Thread 0x000000001ec8d000 Uncommon trap: reason=unstable_if action=reinterpret pc=0x00000000049b5fe8 method=java.io.ObjectOutputStream$ReplaceTable.lookup(Ljava/lang/Object;)Ljava/lang/Object; @ 10
Event: 381.169 Thread 0x000000001ec8d000 Uncommon trap: reason=bimorphic action=maybe_recompile pc=0x0000000004316b6c method=java.util.HashMap.removeNode(ILjava/lang/Object;Ljava/lang/Object;ZZ)Ljava/util/HashMap$Node; @ 68
Event: 381.191 Thread 0x000000001ec8b800 Uncommon trap: reason=unstable_if action=reinterpret pc=0x0000000003c86c80 method=java.nio.DirectByteBuffer.put([BII)Ljava/nio/ByteBuffer; @ 8
Event: 381.191 Thread 0x000000001ec8d800 Uncommon trap: reason=unstable_if action=reinterpret pc=0x0000000003b43c08 method=java.util.concurrent.locks.AbstractQueuedSynchronizer.acquire(I)V @ 20
Event: 381.473 Thread 0x000000001ec91800 Uncommon trap: reason=unstable_if action=reinterpret pc=0x00000000046a454c method=com.esotericsoftware.kryo.io.Input.require(I)I @ 180
Event: 426.122 Thread 0x000000001ec8d000 Uncommon trap: reason=unstable_if action=reinterpret pc=0x00000000048d0b9c method=org.gradle.internal.io.StreamByteBuffer.prepareRead()I @ 30

Classes redefined (0 events):
No events

Internal exceptions (10 events):
Event: 426.127 Thread 0x000000001ec8d000 Exception <a 'java/lang/NoSuchMethodError': <clinit>> (0x00000000e06527c0) thrown at [C:\src\AOSP-openjdk-git\hotspot\src\share\vm\prims\jni.cpp, line 1615]
Event: 426.364 Thread 0x000000001ec8d000 Exception <a 'java/lang/NoSuchMethodError': <clinit>> (0x00000000e00b2d18) thrown at [C:\src\AOSP-openjdk-git\hotspot\src\share\vm\prims\jni.cpp, line 1615]
Event: 426.376 Thread 0x000000001ec8d000 Exception <a 'java/lang/NoSuchMethodError': <clinit>> (0x00000000e01cff70) thrown at [C:\src\AOSP-openjdk-git\hotspot\src\share\vm\prims\jni.cpp, line 1615]
Event: 426.376 Thread 0x000000001ec8d000 Exception <a 'java/lang/NoSuchMethodError': <clinit>> (0x00000000e01d3fb0) thrown at [C:\src\AOSP-openjdk-git\hotspot\src\share\vm\prims\jni.cpp, line 1615]
Event: 426.377 Thread 0x000000001ec8d000 Exception <a 'java/lang/NoSuchMethodError': <clinit>> (0x00000000e01d58e8) thrown at [C:\src\AOSP-openjdk-git\hotspot\src\share\vm\prims\jni.cpp, line 1615]
Event: 426.377 Thread 0x000000001ec8d000 Exception <a 'java/lang/NoSuchMethodError': <clinit>> (0x00000000e01d6d98) thrown at [C:\src\AOSP-openjdk-git\hotspot\src\share\vm\prims\jni.cpp, line 1615]
Event: 426.377 Thread 0x000000001ec8d000 Exception <a 'java/lang/NoSuchMethodError': <clinit>> (0x00000000e01d8498) thrown at [C:\src\AOSP-openjdk-git\hotspot\src\share\vm\prims\jni.cpp, line 1615]
Event: 426.377 Thread 0x000000001ec8d000 Exception <a 'java/lang/NoSuchMethodError': <clinit>> (0x00000000e01d9a48) thrown at [C:\src\AOSP-openjdk-git\hotspot\src\share\vm\prims\jni.cpp, line 1615]
Event: 426.377 Thread 0x000000001ec8d000 Exception <a 'java/lang/NoSuchMethodError': <clinit>> (0x00000000e01dae98) thrown at [C:\src\AOSP-openjdk-git\hotspot\src\share\vm\prims\jni.cpp, line 1615]
Event: 426.583 Thread 0x000000001ec8d000 Exception <a 'sun/nio/fs/WindowsException'> (0x00000000e1303778) thrown at [C:\src\AOSP-openjdk-git\hotspot\src\share\vm\prims\jni.cpp, line 710]

Events (10 events):
Event: 426.511 Thread 0x000000001ec8c000 Thread added: 0x000000001ec8c000
Event: 426.511 Thread 0x000000001ec8d800 Thread added: 0x000000001ec8d800
Event: 426.511 Thread 0x000000001ec90000 Thread added: 0x000000001ec90000
Event: 426.511 Thread 0x000000001ec8e800 Thread added: 0x000000001ec8e800
Event: 426.511 Executing VM operation: RevokeBias
Event: 426.512 Executing VM operation: RevokeBias done
Event: 426.558 Thread 0x000000001ec8d000 DEOPT PACKING pc=0x0000000004fe910e sp=0x000000001c886e70
Event: 426.558 Thread 0x000000001ec8d000 DEOPT UNPACKING pc=0x0000000002b275d0 sp=0x000000001c886b80 mode 0
Event: 426.592 Thread 0x000000001ec8f000 Thread added: 0x000000001ec8f000
Event: 426.611 Thread 0x000000001ec90800 Thread added: 0x000000001ec90800


Dynamic libraries:
0x00007ff6e9bb0000 - 0x00007ff6e9be1000 	C:\Program Files\Android\Android Studio\jre\bin\java.exe
0x00007ffe785a0000 - 0x00007ffe78790000 	C:\WINDOWS\SYSTEM32\ntdll.dll
0x00007ffe78340000 - 0x00007ffe783f2000 	C:\WINDOWS\System32\KERNEL32.DLL
0x00007ffe763a0000 - 0x00007ffe76644000 	C:\WINDOWS\System32\KERNELBASE.dll
0x00007ffe76650000 - 0x00007ffe766f3000 	C:\WINDOWS\System32\ADVAPI32.dll
0x00007ffe76830000 - 0x00007ffe768ce000 	C:\WINDOWS\System32\msvcrt.dll
0x00007ffe76f20000 - 0x00007ffe76fb7000 	C:\WINDOWS\System32\sechost.dll
0x00007ffe770f0000 - 0x00007ffe77210000 	C:\WINDOWS\System32\RPCRT4.dll
0x00007ffe76900000 - 0x00007ffe76a94000 	C:\WINDOWS\System32\USER32.dll
0x00007ffe76230000 - 0x00007ffe76251000 	C:\WINDOWS\System32\win32u.dll
0x00007ffe768d0000 - 0x00007ffe768f6000 	C:\WINDOWS\System32\GDI32.dll
0x00007ffe75db0000 - 0x00007ffe75f45000 	C:\WINDOWS\System32\gdi32full.dll
0x00007ffe76300000 - 0x00007ffe7639e000 	C:\WINDOWS\System32\msvcp_win.dll
0x00007ffe75cb0000 - 0x00007ffe75daa000 	C:\WINDOWS\System32\ucrtbase.dll
0x00007ffe74970000 - 0x00007ffe74bf4000 	C:\WINDOWS\WinSxS\amd64_microsoft.windows.common-controls_6595b64144ccf1df_6.0.18362.900_none_e6beb9d913147d17\COMCTL32.dll
0x00007ffe76bc0000 - 0x00007ffe76ef5000 	C:\WINDOWS\System32\combase.dll
0x00007ffe76260000 - 0x00007ffe762e0000 	C:\WINDOWS\System32\bcryptPrimitives.dll
0x00007ffe77ee0000 - 0x00007ffe77f0e000 	C:\WINDOWS\System32\IMM32.DLL
0x000000005a820000 - 0x000000005a8f2000 	C:\Program Files\Android\Android Studio\jre\jre\bin\msvcr100.dll
0x000000005d180000 - 0x000000005d9cb000 	C:\Program Files\Android\Android Studio\jre\jre\bin\server\jvm.dll
0x00007ffe76f00000 - 0x00007ffe76f08000 	C:\WINDOWS\System32\PSAPI.DLL
0x00007ffe729a0000 - 0x00007ffe729aa000 	C:\WINDOWS\SYSTEM32\VERSION.dll
0x00007ffe6e5b0000 - 0x00007ffe6e5b9000 	C:\WINDOWS\SYSTEM32\WSOCK32.dll
0x00007ffe6d080000 - 0x00007ffe6d0a4000 	C:\WINDOWS\SYSTEM32\WINMM.dll
0x00007ffe77f90000 - 0x00007ffe77fff000 	C:\WINDOWS\System32\WS2_32.dll
0x00007ffe6d050000 - 0x00007ffe6d07d000 	C:\WINDOWS\SYSTEM32\WINMMBASE.dll
0x00007ffe761e0000 - 0x00007ffe7622a000 	C:\WINDOWS\System32\cfgmgr32.dll
0x00007ffe60ba0000 - 0x00007ffe60baf000 	C:\Program Files\Android\Android Studio\jre\jre\bin\verify.dll
0x00007ffe46a50000 - 0x00007ffe46a79000 	C:\Program Files\Android\Android Studio\jre\jre\bin\java.dll
0x00007ffe571e0000 - 0x00007ffe571f6000 	C:\Program Files\Android\Android Studio\jre\jre\bin\zip.dll
0x00007ffe77360000 - 0x00007ffe77a46000 	C:\WINDOWS\System32\SHELL32.dll
0x00007ffe78290000 - 0x00007ffe78339000 	C:\WINDOWS\System32\shcore.dll
0x00007ffe75530000 - 0x00007ffe75cb0000 	C:\WINDOWS\System32\windows.storage.dll
0x00007ffe75470000 - 0x00007ffe75493000 	C:\WINDOWS\System32\profapi.dll
0x00007ffe754e0000 - 0x00007ffe7552a000 	C:\WINDOWS\System32\powrprof.dll
0x00007ffe75460000 - 0x00007ffe75470000 	C:\WINDOWS\System32\UMPDC.dll
0x00007ffe767d0000 - 0x00007ffe76822000 	C:\WINDOWS\System32\shlwapi.dll
0x00007ffe754c0000 - 0x00007ffe754d1000 	C:\WINDOWS\System32\kernel.appcore.dll
0x00007ffe762e0000 - 0x00007ffe762f7000 	C:\WINDOWS\System32\cryptsp.dll
0x00007ffe4d960000 - 0x00007ffe4d97a000 	C:\Program Files\Android\Android Studio\jre\jre\bin\net.dll
0x00007ffe74650000 - 0x00007ffe746b7000 	C:\WINDOWS\system32\mswsock.dll
0x00007ffe40030000 - 0x00007ffe40043000 	C:\Program Files\Android\Android Studio\jre\jre\bin\nio.dll
0x00007ffe6edb0000 - 0x00007ffe6edd6000 	C:\Users\Asus\.gradle\native\31\windows-amd64\native-platform.dll
0x00007ffe60a70000 - 0x00007ffe60a7d000 	C:\Program Files\Android\Android Studio\jre\jre\bin\management.dll
0x00007ffe741c0000 - 0x00007ffe741f3000 	C:\WINDOWS\system32\rsaenh.dll
0x00007ffe761b0000 - 0x00007ffe761d6000 	C:\WINDOWS\System32\bcrypt.dll
0x00007ffe75380000 - 0x00007ffe753a5000 	C:\WINDOWS\SYSTEM32\USERENV.dll
0x00007ffe74820000 - 0x00007ffe7482c000 	C:\WINDOWS\SYSTEM32\CRYPTBASE.dll
0x00007ffe74360000 - 0x00007ffe7439a000 	C:\WINDOWS\SYSTEM32\IPHLPAPI.DLL
0x00007ffe76f10000 - 0x00007ffe76f18000 	C:\WINDOWS\System32\NSI.dll
0x00007ffe6ca10000 - 0x00007ffe6ca26000 	C:\WINDOWS\SYSTEM32\dhcpcsvc6.DLL
0x00007ffe6ce70000 - 0x00007ffe6ce8c000 	C:\WINDOWS\SYSTEM32\dhcpcsvc.DLL
0x00007ffe743a0000 - 0x00007ffe7446b000 	C:\WINDOWS\SYSTEM32\DNSAPI.dll
0x00007ffe6ed20000 - 0x00007ffe6ed3e000 	C:\Users\Asus\AppData\Local\Temp\native-platform4015739743021415716dir\native-platform.dll
0x00007ffe74f80000 - 0x00007ffe75174000 	C:\WINDOWS\SYSTEM32\dbghelp.dll

VM Arguments:
jvm_args: -Xmx1536m -Dfile.encoding=windows-1252 -Duser.country=IN -Duser.language=en -Duser.variant 
java_command: org.gradle.launcher.daemon.bootstrap.GradleDaemon 6.1.1
java_class_path (initial): C:\Users\Asus\.gradle\wrapper\dists\gradle-6.1.1-all\cfmwm155h49vnt3hynmlrsdst\gradle-6.1.1\lib\gradle-launcher-6.1.1.jar
Launcher Type: SUN_STANDARD

Environment Variables:
PATH=C:\ProgramData\Oracle\Java\javapath;C:\app\Asus\product\11.2.0\dbhome_1\bin;C:\Program Files (x86)\Intel\Intel(R) Management Engine Components\iCLS\;C:\Program Files\Intel\Intel(R) Management Engine Components\iCLS\;C:\Windows\system32;C:\Windows;C:\Windows\System32\Wbem;C:\Windows\System32\WindowsPowerShell\v1.0\;C:\Windows\System32\OpenSSH\;C:\Program Files (x86)\Intel\Intel(R) Management Engine Components\DAL;C:\Program Files\Intel\Intel(R) Management Engine Components\DAL;C:\Program Files (x86)\Intel\Intel(R) Management Engine Components\IPT;C:\Program Files\Intel\Intel(R) Management Engine Components\IPT;C:\Program Files (x86)\NVIDIA Corporation\PhysX\Common;C:\Program Files\Intel\WiFi\bin\;C:\Program Files\Common Files\Intel\WirelessCommon\;C:\Program Files\Git\cmd;C:\Program Files\PuTTY\;C:\Program Files\Java\jdk1.8.0_121\bin;C:\WINDOWS\system32;C:\WINDOWS;C:\WINDOWS\System32\Wbem;C:\WINDOWS\System32\WindowsPowerShell\v1.0\;C:\WINDOWS\System32\OpenSSH\;C:\Python27;C:\xampp\php;C:\ProgramData\ComposerSetup\bin;C:\src\flutter\bin;C:\Program Files\MATLAB\R2020a\bin;C:\Program Files (x86)\mingw-w64\i686-8.1.0-posix-dwarf-rt_v6-rev0\mingw32\bin;C:\Users\Asus\AppData\Local\Programs\Microsoft VS Code\bin;C:\Users\Asus\AppData\Local\Microsoft\WindowsApps;C:\Users\Asus\AppData\Local\Programs\Python\Python37;C:\Users\Asus\AppData\Roaming\Composer\vendor\bin;C:\Users\Asus\AppData\Local\GitHubDesktop\bin
USERNAME=newguest
OS=Windows_NT
PROCESSOR_IDENTIFIER=Intel64 Family 6 Model 142 Stepping 10, GenuineIntel



---------------  S Y S T E M  ---------------

OS: Windows 10.0 , 64 bit Build 18362 (10.0.18362.900)

CPU:total 8 (initial active 8) (4 cores per cpu, 2 threads per core) family 6 model 142 stepping 10, cmov, cx8, fxsr, mmx, sse, sse2, sse3, ssse3, sse4.1, sse4.2, popcnt, avx, avx2, aes, clmul, erms, 3dnowpref, lzcnt, ht, tsc, tscinvbit, bmi1, bmi2, adx

Memory: 4k page, physical 12458036k(6450544k free), swap 19273780k(12883032k free)

vm_info: OpenJDK 64-Bit Server VM (25.242-b01) for windows-amd64 JRE (1.8.0_242-release-1644-b01), built by "builder" with MS VC++ 10.0 (VS2010)

time: Mon Jul 13 15:48:13 2020
timezone: India Standard Time
elapsed time: 426 seconds (0d 0h 7m 6s)

