#
# A fatal error has been detected by the Java Runtime Environment:
#
#  Internal Error (ciMethodData.cpp:209), pid=10872, tid=0x0000000000002dd4
#  Error: ShouldNotReachHere()
#
# JRE version: OpenJDK Runtime Environment (8.0_242-b01) (build 1.8.0_242-release-1644-b01)
# Java VM: OpenJDK 64-Bit Server VM (25.242-b01 mixed mode windows-amd64 compressed oops)
# Failed to write core dump. Minidumps are not enabled by default on client versions of Windows
#
# If you would like to submit a bug report, please visit:
#   
#

---------------  T H R E A D  ---------------

Current thread (0x000000001b77e000):  JavaThread "C1 CompilerThread3" daemon [_thread_in_vm, id=11732, stack(0x000000001c340000,0x000000001c440000)]

Stack: [0x000000001c340000,0x000000001c440000]
[error occurred during error reporting (printing stack bounds), id 0xc0000005]

Native frames: (J=compiled Java code, j=interpreted, Vv=VM code, C=native code)


Current CompileTask:
C1:   5394 7338       3       org.jetbrains.kotlin.util.slicedMap.SlicedMapImpl::get (68 bytes)


---------------  P R O C E S S  ---------------

Java Threads: ( => current thread )
  0x000000001b79e800 JavaThread "Service Thread" daemon [_thread_blocked, id=552, stack(0x000000001c440000,0x000000001c540000)]
=>0x000000001b77e000 JavaThread "C1 CompilerThread3" daemon [_thread_in_vm, id=11732, stack(0x000000001c340000,0x000000001c440000)]
  0x000000001b776800 JavaThread "C2 CompilerThread2" daemon [_thread_in_native, id=7608, stack(0x000000001c240000,0x000000001c340000)]
  0x000000001b772800 JavaThread "C2 CompilerThread1" daemon [_thread_in_native, id=7732, stack(0x000000001c140000,0x000000001c240000)]
  0x000000001b76f800 JavaThread "C2 CompilerThread0" daemon [_thread_in_native, id=11192, stack(0x000000001c040000,0x000000001c140000)]
  0x000000001b76e000 JavaThread "Attach Listener" daemon [_thread_blocked, id=4924, stack(0x000000001bf40000,0x000000001c040000)]
  0x000000001b76d000 JavaThread "Signal Dispatcher" daemon [_thread_blocked, id=8336, stack(0x000000001be40000,0x000000001bf40000)]
  0x0000000019979800 JavaThread "Finalizer" daemon [_thread_blocked, id=10036, stack(0x000000001bc30000,0x000000001bd30000)]
  0x000000001b750800 JavaThread "Reference Handler" daemon [_thread_blocked, id=3212, stack(0x000000001bb30000,0x000000001bc30000)]
  0x0000000002381000 JavaThread "main" [_thread_in_Java, id=4556, stack(0x0000000002270000,0x0000000002370000)]

Other Threads:
  0x000000001996c000 VMThread [stack: 0x000000001b630000,0x000000001b730000] [id=2256]
  0x000000001b79f800 WatcherThread [stack: 0x000000001c540000,0x000000001c640000] [id=3612]

VM state:not at safepoint (normal execution)

VM Mutex/Monitor currently owned by a thread: None

heap address: 0x0000000701e00000, size: 3042 MB, Compressed Oops mode: Zero based, Oop shift amount: 3
Narrow klass base: 0x0000000000000000, Narrow klass shift: 3
Compressed class space size: 1073741824 Address: 0x00000007c0000000

Heap:
 PSYoungGen      total 145408K, used 93967K [0x0000000780a00000, 0x0000000790e00000, 0x00000007c0000000)
  eden space 137216K, 62% used [0x0000000780a00000,0x0000000785dc4f68,0x0000000789000000)
  from space 8192K, 99% used [0x0000000789000000,0x00000007897feda8,0x0000000789800000)
  to   space 34816K, 0% used [0x000000078ec00000,0x000000078ec00000,0x0000000790e00000)
 ParOldGen       total 154624K, used 41660K [0x0000000701e00000, 0x000000070b500000, 0x0000000780a00000)
  object space 154624K, 26% used [0x0000000701e00000,0x00000007046af398,0x000000070b500000)
 Metaspace       used 50585K, capacity 51455K, committed 51632K, reserved 1093632K
  class space    used 6257K, capacity 6493K, committed 6576K, reserved 1048576K

Card table byte_map: [0x0000000011830000,0x0000000011e30000] byte_map_base: 0x000000000e021000

Marking Bits: (ParMarkBitMap*) 0x0000000052fdf030
 Begin Bits: [0x0000000012a30000, 0x00000000159b8000)
 End Bits:   [0x00000000159b8000, 0x0000000018940000)

Polling page: 0x0000000000980000

CodeCache: size=245760Kb used=20997Kb max_used=21323Kb free=224762Kb
 bounds [0x0000000002470000, 0x0000000003970000, 0x0000000011470000]
 total_blobs=6977 nmethods=6502 adapters=386
 compilation: enabled

Compilation events (10 events):
Event: 5.385 Thread 0x000000001b77e000 nmethod 7329 0x0000000003054510 code [0x0000000003054660, 0x0000000003054750]
Event: 5.385 Thread 0x000000001b77e000 7330       3       org.jetbrains.kotlin.resolve.deprecation.DeprecationResolver::addDeprecationIfPresent (274 bytes)
Event: 5.385 Thread 0x000000001b76f800 nmethod 7301 0x00000000029dd810 code [0x00000000029dd960, 0x00000000029ddaa8]
Event: 5.385 Thread 0x000000001b76f800 7318       4       kotlin.jvm.internal.CollectionToArray::toArray (202 bytes)
Event: 5.386 Thread 0x000000001b76f800 nmethod 7318 0x0000000002b6ad10 code [0x0000000002b6ae60, 0x0000000002b6aed8]
Event: 5.386 Thread 0x000000001b76f800 7282       4       org.jetbrains.kotlin.descriptors.impl.AbstractReceiverParameterDescriptor::substitute (94 bytes)
Event: 5.386 Thread 0x000000001b77e000 nmethod 7330 0x0000000002e3b350 code [0x0000000002e3b700, 0x0000000002e3d4e8]
Event: 5.386 Thread 0x000000001b77e000 7331       3       org.jetbrains.kotlin.resolve.deprecation.DeprecationResolver::getDeprecationByVersionRequirement (372 bytes)
Event: 5.389 Thread 0x000000001b77e000 nmethod 7331 0x0000000002ddd390 code [0x0000000002ddd860, 0x0000000002de0b98]
Event: 5.389 Thread 0x000000001b77e000 7338       3       org.jetbrains.kotlin.util.slicedMap.SlicedMapImpl::get (68 bytes)

GC Heap History (10 events):
Event: 1.120 GC heap before
{Heap before GC invocations=3 (full 1):
 PSYoungGen      total 106496K, used 8161K [0x0000000780a00000, 0x0000000787a00000, 0x00000007c0000000)
  eden space 98304K, 0% used [0x0000000780a00000,0x0000000780a00000,0x0000000786a00000)
  from space 8192K, 99% used [0x0000000787200000,0x00000007879f8728,0x0000000787a00000)
  to   space 8192K, 0% used [0x0000000786a00000,0x0000000786a00000,0x0000000787200000)
 ParOldGen       total 131072K, used 8114K [0x0000000701e00000, 0x0000000709e00000, 0x0000000780a00000)
  object space 131072K, 6% used [0x0000000701e00000,0x00000007025ecbf0,0x0000000709e00000)
 Metaspace       used 20752K, capacity 21164K, committed 21296K, reserved 1069056K
  class space    used 2465K, capacity 2590K, committed 2608K, reserved 1048576K
Event: 1.145 GC heap after
Heap after GC invocations=3 (full 1):
 PSYoungGen      total 106496K, used 0K [0x0000000780a00000, 0x0000000787a00000, 0x00000007c0000000)
  eden space 98304K, 0% used [0x0000000780a00000,0x0000000780a00000,0x0000000786a00000)
  from space 8192K, 0% used [0x0000000787200000,0x0000000787200000,0x0000000787a00000)
  to   space 8192K, 0% used [0x0000000786a00000,0x0000000786a00000,0x0000000787200000)
 ParOldGen       total 96256K, used 12537K [0x0000000701e00000, 0x0000000707c00000, 0x0000000780a00000)
  object space 96256K, 13% used [0x0000000701e00000,0x0000000702a3e650,0x0000000707c00000)
 Metaspace       used 20752K, capacity 21164K, committed 21296K, reserved 1069056K
  class space    used 2465K, capacity 2590K, committed 2608K, reserved 1048576K
}
Event: 2.360 GC heap before
{Heap before GC invocations=4 (full 1):
 PSYoungGen      total 106496K, used 98304K [0x0000000780a00000, 0x0000000787a00000, 0x00000007c0000000)
  eden space 98304K, 100% used [0x0000000780a00000,0x0000000786a00000,0x0000000786a00000)
  from space 8192K, 0% used [0x0000000787200000,0x0000000787200000,0x0000000787a00000)
  to   space 8192K, 0% used [0x0000000786a00000,0x0000000786a00000,0x0000000787200000)
 ParOldGen       total 96256K, used 12537K [0x0000000701e00000, 0x0000000707c00000, 0x0000000780a00000)
  object space 96256K, 13% used [0x0000000701e00000,0x0000000702a3e650,0x0000000707c00000)
 Metaspace       used 34618K, capacity 35175K, committed 35376K, reserved 1079296K
  class space    used 4381K, capacity 4545K, committed 4656K, reserved 1048576K
Event: 2.375 GC heap after
Heap after GC invocations=4 (full 1):
 PSYoungGen      total 106496K, used 8189K [0x0000000780a00000, 0x000000078a000000, 0x00000007c0000000)
  eden space 98304K, 0% used [0x0000000780a00000,0x0000000780a00000,0x0000000786a00000)
  from space 8192K, 99% used [0x0000000786a00000,0x00000007871ff490,0x0000000787200000)
  to   space 8192K, 0% used [0x0000000789800000,0x0000000789800000,0x000000078a000000)
 ParOldGen       total 96256K, used 28400K [0x0000000701e00000, 0x0000000707c00000, 0x0000000780a00000)
  object space 96256K, 29% used [0x0000000701e00000,0x00000007039bc330,0x0000000707c00000)
 Metaspace       used 34618K, capacity 35175K, committed 35376K, reserved 1079296K
  class space    used 4381K, capacity 4545K, committed 4656K, reserved 1048576K
}
Event: 2.445 GC heap before
{Heap before GC invocations=5 (full 1):
 PSYoungGen      total 106496K, used 17312K [0x0000000780a00000, 0x000000078a000000, 0x00000007c0000000)
  eden space 98304K, 9% used [0x0000000780a00000,0x00000007812e8d90,0x0000000786a00000)
  from space 8192K, 99% used [0x0000000786a00000,0x00000007871ff490,0x0000000787200000)
  to   space 8192K, 0% used [0x0000000789800000,0x0000000789800000,0x000000078a000000)
 ParOldGen       total 96256K, used 28400K [0x0000000701e00000, 0x0000000707c00000, 0x0000000780a00000)
  object space 96256K, 29% used [0x0000000701e00000,0x00000007039bc330,0x0000000707c00000)
 Metaspace       used 34754K, capacity 35251K, committed 35496K, reserved 1081344K
  class space    used 4384K, capacity 4545K, committed 4656K, reserved 1048576K
Event: 2.451 GC heap after
Heap after GC invocations=5 (full 1):
 PSYoungGen      total 145408K, used 8189K [0x0000000780a00000, 0x000000078b280000, 0x00000007c0000000)
  eden space 137216K, 0% used [0x0000000780a00000,0x0000000780a00000,0x0000000789000000)
  from space 8192K, 99% used [0x0000000789800000,0x0000000789fff490,0x000000078a000000)
  to   space 8192K, 0% used [0x0000000789000000,0x0000000789000000,0x0000000789800000)
 ParOldGen       total 96256K, used 29344K [0x0000000701e00000, 0x0000000707c00000, 0x0000000780a00000)
  object space 96256K, 30% used [0x0000000701e00000,0x0000000703aa82b0,0x0000000707c00000)
 Metaspace       used 34754K, capacity 35251K, committed 35496K, reserved 1081344K
  class space    used 4384K, capacity 4545K, committed 4656K, reserved 1048576K
}
Event: 2.451 GC heap before
{Heap before GC invocations=6 (full 2):
 PSYoungGen      total 145408K, used 8189K [0x0000000780a00000, 0x000000078b280000, 0x00000007c0000000)
  eden space 137216K, 0% used [0x0000000780a00000,0x0000000780a00000,0x0000000789000000)
  from space 8192K, 99% used [0x0000000789800000,0x0000000789fff490,0x000000078a000000)
  to   space 8192K, 0% used [0x0000000789000000,0x0000000789000000,0x0000000789800000)
 ParOldGen       total 96256K, used 29344K [0x0000000701e00000, 0x0000000707c00000, 0x0000000780a00000)
  object space 96256K, 30% used [0x0000000701e00000,0x0000000703aa82b0,0x0000000707c00000)
 Metaspace       used 34754K, capacity 35251K, committed 35496K, reserved 1081344K
  class space    used 4384K, capacity 4545K, committed 4656K, reserved 1048576K
Event: 2.514 GC heap after
Heap after GC invocations=6 (full 2):
 PSYoungGen      total 145408K, used 0K [0x0000000780a00000, 0x000000078b280000, 0x00000007c0000000)
  eden space 137216K, 0% used [0x0000000780a00000,0x0000000780a00000,0x0000000789000000)
  from space 8192K, 0% used [0x0000000789800000,0x0000000789800000,0x000000078a000000)
  to   space 8192K, 0% used [0x0000000789000000,0x0000000789000000,0x0000000789800000)
 ParOldGen       total 154624K, used 17975K [0x0000000701e00000, 0x000000070b500000, 0x0000000780a00000)
  object space 154624K, 11% used [0x0000000701e00000,0x0000000702f8ded0,0x000000070b500000)
 Metaspace       used 34754K, capacity 35251K, committed 35496K, reserved 1081344K
  class space    used 4384K, capacity 4545K, committed 4656K, reserved 1048576K
}
Event: 4.245 GC heap before
{Heap before GC invocations=7 (full 2):
 PSYoungGen      total 145408K, used 137216K [0x0000000780a00000, 0x000000078b280000, 0x00000007c0000000)
  eden space 137216K, 100% used [0x0000000780a00000,0x0000000789000000,0x0000000789000000)
  from space 8192K, 0% used [0x0000000789800000,0x0000000789800000,0x000000078a000000)
  to   space 8192K, 0% used [0x0000000789000000,0x0000000789000000,0x0000000789800000)
 ParOldGen       total 154624K, used 17975K [0x0000000701e00000, 0x000000070b500000, 0x0000000780a00000)
  object space 154624K, 11% used [0x0000000701e00000,0x0000000702f8ded0,0x000000070b500000)
 Metaspace       used 45822K, capacity 46575K, committed 46896K, reserved 1089536K
  class space    used 5644K, capacity 5861K, committed 5936K, reserved 1048576K
Event: 4.265 GC heap after
Heap after GC invocations=7 (full 2):
 PSYoungGen      total 145408K, used 8187K [0x0000000780a00000, 0x0000000790e00000, 0x00000007c0000000)
  eden space 137216K, 0% used [0x0000000780a00000,0x0000000780a00000,0x0000000789000000)
  from space 8192K, 99% used [0x0000000789000000,0x00000007897feda8,0x0000000789800000)
  to   space 34816K, 0% used [0x000000078ec00000,0x000000078ec00000,0x0000000790e00000)
 ParOldGen       total 154624K, used 41660K [0x0000000701e00000, 0x000000070b500000, 0x0000000780a00000)
  object space 154624K, 26% used [0x0000000701e00000,0x00000007046af398,0x000000070b500000)
 Metaspace       used 45822K, capacity 46575K, committed 46896K, reserved 1089536K
  class space    used 5644K, capacity 5861K, committed 5936K, reserved 1048576K
}

Deoptimization events (10 events):
Event: 5.303 Thread 0x0000000002381000 Uncommon trap: reason=class_check action=maybe_recompile pc=0x00000000038fd264 method=org.jetbrains.kotlin.resolve.scopes.ResolutionScope$DefaultImpls.getContributedClassifierIncludeDeprecated(Lorg/jetbrains/kotlin/resolve/scopes/ResolutionScope;Lorg/jetb
Event: 5.304 Thread 0x0000000002381000 Uncommon trap: reason=class_check action=maybe_recompile pc=0x00000000038fd264 method=org.jetbrains.kotlin.resolve.scopes.ResolutionScope$DefaultImpls.getContributedClassifierIncludeDeprecated(Lorg/jetbrains/kotlin/resolve/scopes/ResolutionScope;Lorg/jetb
Event: 5.304 Thread 0x0000000002381000 Uncommon trap: reason=class_check action=maybe_recompile pc=0x00000000038fd264 method=org.jetbrains.kotlin.resolve.scopes.ResolutionScope$DefaultImpls.getContributedClassifierIncludeDeprecated(Lorg/jetbrains/kotlin/resolve/scopes/ResolutionScope;Lorg/jetb
Event: 5.312 Thread 0x0000000002381000 Uncommon trap: reason=class_check action=maybe_recompile pc=0x00000000038fd264 method=org.jetbrains.kotlin.resolve.scopes.ResolutionScope$DefaultImpls.getContributedClassifierIncludeDeprecated(Lorg/jetbrains/kotlin/resolve/scopes/ResolutionScope;Lorg/jetb
Event: 5.313 Thread 0x0000000002381000 Uncommon trap: reason=predicate action=maybe_recompile pc=0x000000000394e31c method=org.jetbrains.kotlin.com.intellij.extapi.psi.StubBasedPsiElementBase.getStubOrPsiChildren(Lorg/jetbrains/kotlin/com/intellij/psi/tree/TokenSet;Lorg/jetbrains/kotlin/com/in
Event: 5.328 Thread 0x0000000002381000 Uncommon trap: reason=array_check action=maybe_recompile pc=0x0000000002dff3e8 method=org.jetbrains.kotlin.com.intellij.extapi.psi.StubBasedPsiElementBase.getStubOrPsiChildren(Lorg/jetbrains/kotlin/com/intellij/psi/tree/TokenSet;Lorg/jetbrains/kotlin/com/
Event: 5.328 Thread 0x0000000002381000 Uncommon trap: reason=array_check action=maybe_recompile pc=0x0000000002dff3e8 method=org.jetbrains.kotlin.com.intellij.extapi.psi.StubBasedPsiElementBase.getStubOrPsiChildren(Lorg/jetbrains/kotlin/com/intellij/psi/tree/TokenSet;Lorg/jetbrains/kotlin/com/
Event: 5.328 Thread 0x0000000002381000 Uncommon trap: reason=array_check action=maybe_recompile pc=0x0000000002dff3e8 method=org.jetbrains.kotlin.com.intellij.extapi.psi.StubBasedPsiElementBase.getStubOrPsiChildren(Lorg/jetbrains/kotlin/com/intellij/psi/tree/TokenSet;Lorg/jetbrains/kotlin/com/
Event: 5.328 Thread 0x0000000002381000 Uncommon trap: reason=array_check action=maybe_recompile pc=0x0000000002dff3e8 method=org.jetbrains.kotlin.com.intellij.extapi.psi.StubBasedPsiElementBase.getStubOrPsiChildren(Lorg/jetbrains/kotlin/com/intellij/psi/tree/TokenSet;Lorg/jetbrains/kotlin/com/
Event: 5.383 Thread 0x0000000002381000 Uncommon trap: reason=unstable_if action=reinterpret pc=0x0000000002db1368 method=org.jetbrains.kotlin.util.slicedMap.OpenAddressLinearProbingHashTable.get(Ljava/lang/Object;)Ljava/lang/Object; @ 85

Classes redefined (0 events):
No events

Internal exceptions (10 events):
Event: 3.129 Thread 0x0000000002381000 Exception <a 'java/lang/NoSuchMethodError': java.lang.Object.lambda$static$0(I)[Lorg/jetbrains/kotlin/com/intellij/psi/PsiTypeParameter;> (0x00000007830dfa50) thrown at [C:\src\AOSP-openjdk-git\hotspot\src\share\vm\interpreter\linkResolver.cpp, line 620]
Event: 3.590 Thread 0x0000000002381000 Exception <a 'java/lang/NoSuchMethodError': java.lang.Object.lambda$static$0(I)[Lorg/jetbrains/kotlin/psi/KtTypeElement;> (0x0000000786393d00) thrown at [C:\src\AOSP-openjdk-git\hotspot\src\share\vm\interpreter\linkResolver.cpp, line 620]
Event: 3.628 Thread 0x0000000002381000 Implicit null exception at 0x000000000320b514 to 0x000000000320b871
Event: 3.628 Thread 0x0000000002381000 Implicit null exception at 0x00000000031dceef to 0x00000000031dcf2d
Event: 3.632 Thread 0x0000000002381000 Exception <a 'java/lang/NoSuchMethodError': java.lang.Object.lambda$static$0(I)[Lorg/jetbrains/kotlin/psi/KtDeclaration;> (0x0000000786765288) thrown at [C:\src\AOSP-openjdk-git\hotspot\src\share\vm\interpreter\linkResolver.cpp, line 620]
Event: 4.815 Thread 0x0000000002381000 Implicit null exception at 0x0000000002bfb8cc to 0x0000000002bfb9b1
Event: 4.995 Thread 0x0000000002381000 Implicit null exception at 0x00000000026c2656 to 0x00000000026c2a01
Event: 5.007 Thread 0x0000000002381000 Exception <a 'java/lang/IncompatibleClassChangeError': Found class java.lang.Object, but interface was expected> (0x00000007845a2538) thrown at [C:\src\AOSP-openjdk-git\hotspot\src\share\vm\interpreter\linkResolver.cpp, line 653]
Event: 5.011 Thread 0x0000000002381000 Implicit null exception at 0x000000000267c0d6 to 0x000000000267c481
Event: 5.039 Thread 0x0000000002381000 Implicit null exception at 0x00000000036fc673 to 0x00000000036fcb61

Events (10 events):
Event: 5.358 loading class org/jetbrains/kotlin/resolve/deprecation/DeprecatedByVersionRequirement done
Event: 5.358 loading class org/jetbrains/kotlin/resolve/deprecation/DeprecatedTypealiasByAnnotation
Event: 5.358 loading class org/jetbrains/kotlin/resolve/deprecation/DeprecatedTypealiasByAnnotation done
Event: 5.358 loading class org/jetbrains/kotlin/resolve/deprecation/DeprecationUtilKt$WhenMappings
Event: 5.358 loading class org/jetbrains/kotlin/resolve/deprecation/DeprecationUtilKt$WhenMappings done
Event: 5.359 loading class org/jetbrains/kotlin/diagnostics/DiagnosticWithParameters2
Event: 5.359 loading class org/jetbrains/kotlin/diagnostics/DiagnosticWithParameters2 done
Event: 5.383 Thread 0x0000000002381000 Uncommon trap: trap_request=0xffffff65 fr.pc=0x0000000002db1368
Event: 5.384 Thread 0x0000000002381000 DEOPT PACKING pc=0x0000000002db1368 sp=0x000000000236c3d0
Event: 5.384 Thread 0x0000000002381000 DEOPT UNPACKING pc=0x00000000024b557b sp=0x000000000236c2f0 mode 2


Dynamic libraries:
0x00007ff7e9150000 - 0x00007ff7e9181000 	C:\Program Files\Android\Android Studio2\jre\jre\bin\java.exe
0x00007fff34c40000 - 0x00007fff34e30000 	C:\WINDOWS\SYSTEM32\ntdll.dll
0x00007fff331c0000 - 0x00007fff33272000 	C:\WINDOWS\System32\KERNEL32.DLL
0x00007fff32350000 - 0x00007fff325f4000 	C:\WINDOWS\System32\KERNELBASE.dll
0x00007fff2ed10000 - 0x00007fff2ed9f000 	C:\WINDOWS\SYSTEM32\apphelp.dll
0x00007fff32ef0000 - 0x00007fff32f93000 	C:\WINDOWS\System32\ADVAPI32.dll
0x00007fff34840000 - 0x00007fff348de000 	C:\WINDOWS\System32\msvcrt.dll
0x00007fff349c0000 - 0x00007fff34a57000 	C:\WINDOWS\System32\sechost.dll
0x00007fff341d0000 - 0x00007fff342f0000 	C:\WINDOWS\System32\RPCRT4.dll
0x00007fff32fa0000 - 0x00007fff33134000 	C:\WINDOWS\System32\USER32.dll
0x00007fff32840000 - 0x00007fff32861000 	C:\WINDOWS\System32\win32u.dll
0x00007fff32cf0000 - 0x00007fff32d16000 	C:\WINDOWS\System32\GDI32.dll
0x00007fff32870000 - 0x00007fff32a05000 	C:\WINDOWS\System32\gdi32full.dll
0x00007fff32bf0000 - 0x00007fff32c8e000 	C:\WINDOWS\System32\msvcp_win.dll
0x00007fff32af0000 - 0x00007fff32bea000 	C:\WINDOWS\System32\ucrtbase.dll
0x00007fff1ef10000 - 0x00007fff1f194000 	C:\WINDOWS\WinSxS\amd64_microsoft.windows.common-controls_6595b64144ccf1df_6.0.18362.900_none_e6beb9d913147d17\COMCTL32.dll
0x00007fff34500000 - 0x00007fff34835000 	C:\WINDOWS\System32\combase.dll
0x00007fff32670000 - 0x00007fff326f0000 	C:\WINDOWS\System32\bcryptPrimitives.dll
0x00007fff348e0000 - 0x00007fff3490e000 	C:\WINDOWS\System32\IMM32.DLL
0x0000000053510000 - 0x00000000535e2000 	C:\Program Files\Android\Android Studio2\jre\jre\bin\msvcr100.dll
0x0000000052810000 - 0x000000005305b000 	C:\Program Files\Android\Android Studio2\jre\jre\bin\server\jvm.dll
0x00007fff33cd0000 - 0x00007fff33cd8000 	C:\WINDOWS\System32\PSAPI.DLL
0x00007fff2d830000 - 0x00007fff2d854000 	C:\WINDOWS\SYSTEM32\WINMM.dll
0x00007fff27a10000 - 0x00007fff27a19000 	C:\WINDOWS\SYSTEM32\WSOCK32.dll
0x00007fff2b070000 - 0x00007fff2b07a000 	C:\WINDOWS\SYSTEM32\VERSION.dll
0x00007fff33c50000 - 0x00007fff33cbf000 	C:\WINDOWS\System32\WS2_32.dll
0x00007fff2d800000 - 0x00007fff2d82d000 	C:\WINDOWS\SYSTEM32\WINMMBASE.dll
0x00007fff32600000 - 0x00007fff3264a000 	C:\WINDOWS\System32\cfgmgr32.dll
0x00007fff20fa0000 - 0x00007fff20faf000 	C:\Program Files\Android\Android Studio2\jre\jre\bin\verify.dll
0x00007ffefd740000 - 0x00007ffefd769000 	C:\Program Files\Android\Android Studio2\jre\jre\bin\java.dll
0x00007ffefd7e0000 - 0x00007ffefd7f6000 	C:\Program Files\Android\Android Studio2\jre\jre\bin\zip.dll
0x00007fff33350000 - 0x00007fff33a36000 	C:\WINDOWS\System32\SHELL32.dll
0x00007fff342f0000 - 0x00007fff34399000 	C:\WINDOWS\System32\shcore.dll
0x00007fff31bd0000 - 0x00007fff32350000 	C:\WINDOWS\System32\windows.storage.dll
0x00007fff31b60000 - 0x00007fff31b83000 	C:\WINDOWS\System32\profapi.dll
0x00007fff31b10000 - 0x00007fff31b5a000 	C:\WINDOWS\System32\powrprof.dll
0x00007fff31b00000 - 0x00007fff31b10000 	C:\WINDOWS\System32\UMPDC.dll
0x00007fff34ba0000 - 0x00007fff34bf2000 	C:\WINDOWS\System32\shlwapi.dll
0x00007fff31b90000 - 0x00007fff31ba1000 	C:\WINDOWS\System32\kernel.appcore.dll
0x00007fff32650000 - 0x00007fff32667000 	C:\WINDOWS\System32\cryptsp.dll
0x00007ffee4470000 - 0x00007ffee448a000 	C:\Program Files\Android\Android Studio2\jre\jre\bin\net.dll
0x00007fff31370000 - 0x00007fff313d7000 	C:\WINDOWS\system32\mswsock.dll
0x00007ffed9a50000 - 0x00007ffed9a63000 	C:\Program Files\Android\Android Studio2\jre\jre\bin\nio.dll

VM Arguments:
java_command: org.jetbrains.kotlin.cli.jvm.K2JVMCompiler -Xallow-no-source-files -classpath C:\Users\Asus\AndroidStudioProjects\FitnessApp\app\build\intermediates\compile_and_runtime_not_namespaced_r_class_jar\debug\R.jar;C:\Users\Asus\.gradle\caches\transforms-2\files-2.1\c79d78c98afe9ebb06eeb764976a45be\jetified-YouTubeAndroidPlayerApi.jar;C:\Users\Asus\.gradle\caches\transforms-2\files-2.1\2cf194a746aaac7d4952693088914289\jetified-kotlin-android-extensions-runtime-1.3.61.jar;C:\Users\Asus\.gradle\caches\transforms-2\files-2.1\4333c53f75806079f4163234588902ac\jetified-kotlin-stdlib-jdk7-1.3.61.jar;C:\Users\Asus\.gradle\caches\transforms-2\files-2.1\678a345e438a9166923d7254c03cfb62\jetified-lifecycle-viewmodel-ktx-2.2.0-api.jar;C:\Users\Asus\.gradle\caches\transforms-2\files-2.1\b7c4afd4e3f69e3f508d496e58252374\jetified-room-ktx-2.2.5-api.jar;C:\Users\Asus\.gradle\caches\transforms-2\files-2.1\a2268922769fa56b6b0ecdda95a8b924\jetified-circularprogressbar-3.0.3-api.jar;C:\Users\Asus\.gradle\caches\transforms-2\files-2.1\e8d9cda919ff7e3f0a4e0af71006135a\jetified-kotlinx-coroutines-android-1.3.0.jar;C:\Users\Asus\.gradle\caches\transforms-2\files-2.1\903645030ee8a4be788a4d3051b194dc\jetified-kotlinx-coroutines-core-1.3.0.jar;C:\Users\Asus\.gradle\caches\transforms-2\files-2.1\e22a8cbe7edefc86d7968f77cc42c294\jetified-kotlin-stdlib-1.3.61.jar;C:\Users\Asus\.gradle\caches\transforms-2\files-2.1\fd77908dba47522b1d72c3b9a17cecd4\jetified-kotlin-stdlib-common-1.3.61.jar;C:\Users\Asus\.gradle\caches\transforms-2\files-2.1\5c8dbbf3dd7f340b8684dabba2f39cea\jetified-annotations-13.0.jar;C:\Users\Asus\.gradle\caches\transforms-2\files-2.1\11358305df2d55bd576a396175e6d633\navigation-ui-2.2.2-api.jar;C:\Users\Asus\.gradle\caches\transforms-2\files-2.1\75f6f5f83e1ac5628ed20f86e5a8a00f\material-1.3.0-alpha01-api.jar;C:\Users\Asus\.gradle\caches\transforms-2\files-2.1\00a18c6bd02303446a94f009f14d01fb\jetified-materialdatetimepicker-4.2.3-api.jar;C:\Users\Asus\.gradle\caches\transf
java_class_path (initial): C:\Users\Asus\.gradle\caches\modules-2\files-2.1\org.jetbrains.kotlin\kotlin-compiler-embeddable\1.3.61\c35c0833d5a1e3d229359758482c480306724618\kotlin-compiler-embeddable-1.3.61.jar;C:\Users\Asus\.gradle\caches\modules-2\files-2.1\org.jetbrains.kotlin\kotlin-reflect\1.3.61\2e07c9a84c9e118efb70eede7e579fd663932122\kotlin-reflect-1.3.61.jar;C:\Users\Asus\.gradle\caches\modules-2\files-2.1\org.jetbrains.kotlin\kotlin-stdlib\1.3.61\4702105e97f7396ae41b113fdbdc180ec1eb1e36\kotlin-stdlib-1.3.61.jar;C:\Users\Asus\.gradle\caches\modules-2\files-2.1\org.jetbrains.kotlin\kotlin-script-runtime\1.3.61\e5feb39c8de63dcbdc1154b34ca4413874231605\kotlin-script-runtime-1.3.61.jar;C:\Users\Asus\.gradle\caches\modules-2\files-2.1\org.jetbrains.kotlin\kotlin-daemon-embeddable\1.3.61\4de83e41a92c8395d89ab2e81d26b788ba163824\kotlin-daemon-embeddable-1.3.61.jar;C:\Users\Asus\.gradle\caches\modules-2\files-2.1\org.jetbrains.intellij.deps\trove4j\1.0.20181211\216c2e14b070f334479d800987affe4054cd563f\trove4j-1.0.20181211.jar;C:\Users\Asus\.gradle\caches\modules-2\files-2.1\org.jetbrains.kotlin\kotlin-stdlib-common\1.3.61\65abb71d5afb850b68be03987b08e2c864ca3110\kotlin-stdlib-common-1.3.61.jar;C:\Users\Asus\.gradle\caches\modules-2\files-2.1\org.jetbrains\annotations\13.0\919f0dfe192fb4e063e7dacadee7f8bb9a2672a9\annotations-13.0.jar;C:\Program Files\Android\Android Studio2\jre\lib\tools.jar
Launcher Type: SUN_STANDARD

Environment Variables:
PATH=C:\ProgramData\Oracle\Java\javapath;C:\app\Asus\product\11.2.0\dbhome_1\bin;C:\Program Files (x86)\Intel\Intel(R) Management Engine Components\iCLS\;C:\Program Files\Intel\Intel(R) Management Engine Components\iCLS\;C:\Windows\system32;C:\Windows;C:\Windows\System32\Wbem;C:\Windows\System32\WindowsPowerShell\v1.0\;C:\Windows\System32\OpenSSH\;C:\Program Files (x86)\Intel\Intel(R) Management Engine Components\DAL;C:\Program Files\Intel\Intel(R) Management Engine Components\DAL;C:\Program Files (x86)\Intel\Intel(R) Management Engine Components\IPT;C:\Program Files\Intel\Intel(R) Management Engine Components\IPT;C:\Program Files (x86)\NVIDIA Corporation\PhysX\Common;C:\Program Files\Intel\WiFi\bin\;C:\Program Files\Common Files\Intel\WirelessCommon\;C:\Program Files\Git\cmd;C:\Program Files\PuTTY\;C:\Program Files\Java\jdk1.8.0_121\bin;C:\WINDOWS\system32;C:\WINDOWS;C:\WINDOWS\System32\Wbem;C:\WINDOWS\System32\WindowsPowerShell\v1.0\;C:\WINDOWS\System32\OpenSSH\;C:\Python27;C:\xampp\php;C:\ProgramData\ComposerSetup\bin;C:\src\flutter\bin;C:\Program Files\MATLAB\R2020a\bin;C:\Program Files (x86)\mingw-w64\i686-8.1.0-posix-dwarf-rt_v6-rev0\mingw32\bin;C:\Users\Asus\AppData\Local\Programs\Microsoft VS Code\bin;C:\Users\Asus\AppData\Local\Microsoft\WindowsApps;C:\Users\Asus\AppData\Local\Programs\Python\Python37;C:\Users\Asus\AppData\Roaming\Composer\vendor\bin;C:\Users\Asus\AppData\Local\GitHubDesktop\bin
USERNAME=newguest
OS=Windows_NT
PROCESSOR_IDENTIFIER=Intel64 Family 6 Model 142 Stepping 10, GenuineIntel



---------------  S Y S T E M  ---------------

OS: Windows 10.0 , 64 bit Build 18362 (10.0.18362.900)

CPU:total 8 (initial active 8) (4 cores per cpu, 2 threads per core) family 6 model 142 stepping 10, cmov, cx8, fxsr, mmx, sse, sse2, sse3, ssse3, sse4.1, sse4.2, popcnt, avx, avx2, aes, clmul, erms, 3dnowpref, lzcnt, ht, tsc, tscinvbit, bmi1, bmi2, adx

Memory: 4k page, physical 12458036k(4578224k free), swap 19273780k(8806460k free)

vm_info: OpenJDK 64-Bit Server VM (25.242-b01) for windows-amd64 JRE (1.8.0_242-release-1644-b01), built by "builder" with MS VC++ 10.0 (VS2010)

time: Mon Jul 13 19:15:11 2020
timezone: India Standard Time
elapsed time: 5 seconds (0d 0h 0m 5s)

