#
# A fatal error has been detected by the Java Runtime Environment:
#
#  EXCEPTION_ACCESS_VIOLATION (0xc0000005) at pc=0xffffffffffffffff, pid=2368, tid=0x0000000000001930
#
# JRE version: OpenJDK Runtime Environment (8.0_242-b01) (build 1.8.0_242-release-1644-b01)
# Java VM: OpenJDK 64-Bit Server VM (25.242-b01 mixed mode windows-amd64 compressed oops)
# Problematic frame:
# C  0xffffffffffffffff
#
# Failed to write core dump. Minidumps are not enabled by default on client versions of Windows
#
# If you would like to submit a bug report, please visit:
#   
#

---------------  T H R E A D  ---------------

Current thread (0x00000000189c8800):  JavaThread "C2 CompilerThread1" daemon [_thread_in_native, id=6448, stack(0x0000000019390000,0x0000000019490000)]

siginfo: ExceptionCode=0xc0000005, ExceptionInformation=0x0000000000000008 0xffffffffffffffff

Registers:
RAX=0x000000001a060908, RBX=0x000000001a0605a0, RCX=0x000000001a0605a0, RDX=0x000000001a060868
RSP=0x000000001948b6e8, RBP=0x000000001948b730, RSI=0x0000000000000b56, RDI=0x0000000000000000
R8 =0x000000001a060868, R9 =0x000000002af21240, R10=0x00000000280049a0, R11=0x0000000000000001
R12=0x0000000000000025, R13=0x000000001948bbf0, R14=0x000000001e685400, R15=0x0000000000000000
RIP=0xffffffffffffffff, EFLAGS=0x0000000000010246

Top of Stack: (sp=0x000000001948b6e8)
0x000000001948b6e8:   000000005cfe4471 00000000206d1540
0x000000001948b6f8:   000000001e6853a0 0000000000000b56
0x000000001948b708:   0000000000000008 00000e1f00000025
0x000000001948b718:   0000000000000000 0000000000000007
0x000000001948b728:   000000002791ddc0 0000000016b95630
0x000000001948b738:   000000001edd4b20 0000000016b95630
0x000000001948b748:   0000000000000000 000000001948b860
0x000000001948b758:   000000005cfe6448 000000001948bbf0
0x000000001948b768:   0000000000000001 000000001948bc10
0x000000001948b778:   000000005d050e2b 000000001edd4b70
0x000000001948b788:   000000001eddcb08 00000000001480e0
0x000000001948b798:   0000000000020010 0000000000000000
0x000000001948b7a8:   0000000000000000 00000000000003ff
0x000000001948b7b8:   000000005d18f9e8 0000000016b95630
0x000000001948b7c8:   00007ffa00000002 000000001edd4b70
0x000000001948b7d8:   0000000000000001 000000001edd4b20 

Instructions: (pc=0xffffffffffffffff)
0xffffffffffffffdf:   


Register to memory mapping:

RAX=0x000000001a060908 is an unknown value
RBX=0x000000001a0605a0 is an unknown value
RCX=0x000000001a0605a0 is an unknown value
RDX=0x000000001a060868 is an unknown value
RSP=0x000000001948b6e8 is pointing into the stack for thread: 0x00000000189c8800
RBP=0x000000001948b730 is pointing into the stack for thread: 0x00000000189c8800
RSI=0x0000000000000b56 is an unknown value
RDI=0x0000000000000000 is an unknown value
R8 =0x000000001a060868 is an unknown value
R9 =0x000000002af21240 is an unknown value
R10=0x00000000280049a0 is an unknown value
R11=0x0000000000000001 is an unknown value
R12=0x0000000000000025 is an unknown value
R13=0x000000001948bbf0 is pointing into the stack for thread: 0x00000000189c8800
R14=0x000000001e685400 is an unknown value
R15=0x0000000000000000 is an unknown value


Stack: [0x0000000019390000,0x0000000019490000],  sp=0x000000001948b6e8,  free space=1005k
Native frames: (J=compiled Java code, j=interpreted, Vv=VM code, C=native code)
C  0xffffffffffffffff


Current CompileTask:
C2:  17793 13468       4       com.android.tools.r8.ir.conversion.N::a (737 bytes)


---------------  P R O C E S S  ---------------

Java Threads: ( => current thread )
  0x0000000020854800 JavaThread "WorkerExecutor Queue Thread 9" [_thread_blocked, id=15148, stack(0x0000000029e60000,0x0000000029f60000)]
  0x0000000020853800 JavaThread "WorkerExecutor Queue Thread 8" [_thread_blocked, id=14764, stack(0x0000000029d60000,0x0000000029e60000)]
  0x0000000020853000 JavaThread "WorkerExecutor Queue Thread 7" [_thread_in_Java, id=6856, stack(0x0000000029c60000,0x0000000029d60000)]
  0x0000000020852000 JavaThread "WorkerExecutor Queue Thread 6" [_thread_blocked, id=14748, stack(0x0000000029b60000,0x0000000029c60000)]
  0x0000000020851800 JavaThread "WorkerExecutor Queue Thread 5" [_thread_blocked, id=14752, stack(0x0000000029600000,0x0000000029700000)]
  0x0000000020849800 JavaThread "WorkerExecutor Queue Thread 4" [_thread_blocked, id=14504, stack(0x0000000029a60000,0x0000000029b60000)]
  0x0000000020850800 JavaThread "WorkerExecutor Queue Thread 3" [_thread_blocked, id=8428, stack(0x0000000029960000,0x0000000029a60000)]
  0x000000002084f800 JavaThread "WorkerExecutor Queue Thread 2" [_thread_in_Java, id=8732, stack(0x0000000029860000,0x0000000029960000)]
  0x000000002084e000 JavaThread "WorkerExecutor Queue" [_thread_in_Java, id=14420, stack(0x0000000029760000,0x0000000029860000)]
  0x000000002084a800 JavaThread "ForkJoinPool.commonPool-worker-5" daemon [_thread_blocked, id=5436, stack(0x0000000029300000,0x0000000029400000)]
  0x0000000020848000 JavaThread "ForkJoinPool.commonPool-worker-4" daemon [_thread_blocked, id=14400, stack(0x0000000029200000,0x0000000029300000)]
  0x000000002084f000 JavaThread "ForkJoinPool.commonPool-worker-3" daemon [_thread_blocked, id=3928, stack(0x0000000029100000,0x0000000029200000)]
  0x000000002084c800 JavaThread "ForkJoinPool.commonPool-worker-2" daemon [_thread_blocked, id=14684, stack(0x0000000029000000,0x0000000029100000)]
  0x000000002084b000 JavaThread "ForkJoinPool.commonPool-worker-1" daemon [_thread_blocked, id=14468, stack(0x00000000288b0000,0x00000000289b0000)]
  0x000000002084d800 JavaThread "Cache worker for Java compile cache (C:\Users\Asus\AndroidStudioProjects\FitnessApp\.gradle\6.1.1\javaCompile)" [_thread_blocked, id=14396, stack(0x00000000287b0000,0x00000000288b0000)]
  0x0000000019fb1800 JavaThread "Cache worker for Java compile cache (C:\Users\Asus\.gradle\caches\6.1.1\javaCompile)" [_thread_blocked, id=10872, stack(0x0000000028290000,0x0000000028390000)]
  0x0000000019faf000 JavaThread "Cache worker for execution history cache (C:\Users\Asus\AndroidStudioProjects\FitnessApp\.gradle\6.1.1\executionHistory)" [_thread_blocked, id=14848, stack(0x0000000026fc0000,0x00000000270c0000)]
  0x0000000019fa7800 JavaThread "Execution worker for ':' Thread 7" [_thread_blocked, id=4720, stack(0x00000000269e0000,0x0000000026ae0000)]
  0x0000000019faa000 JavaThread "Execution worker for ':' Thread 6" [_thread_blocked, id=14532, stack(0x00000000268e0000,0x00000000269e0000)]
  0x0000000019fae800 JavaThread "Execution worker for ':' Thread 5" [_thread_blocked, id=10804, stack(0x00000000267e0000,0x00000000268e0000)]
  0x0000000019fad800 JavaThread "Execution worker for ':' Thread 4" [_thread_blocked, id=14528, stack(0x00000000266e0000,0x00000000267e0000)]
  0x0000000019fa6000 JavaThread "Execution worker for ':' Thread 3" [_thread_blocked, id=4620, stack(0x00000000265e0000,0x00000000266e0000)]
  0x0000000019faa800 JavaThread "Execution worker for ':' Thread 2" [_thread_blocked, id=14416, stack(0x00000000264e0000,0x00000000265e0000)]
  0x0000000019fab800 JavaThread "Execution worker for ':'" [_thread_blocked, id=10832, stack(0x00000000263e0000,0x00000000264e0000)]
  0x0000000019fa2800 JavaThread "Cache worker for file content cache (C:\Users\Asus\AndroidStudioProjects\FitnessApp\.gradle\6.1.1\fileContent)" [_thread_blocked, id=6908, stack(0x00000000260e0000,0x00000000261e0000)]
  0x0000000019fa9000 JavaThread "Cache worker for file content cache (C:\Users\Asus\.gradle\caches\6.1.1\fileContent)" [_thread_blocked, id=10192, stack(0x0000000024d90000,0x0000000024e90000)]
  0x0000000019fa5800 JavaThread "Memory manager" [_thread_blocked, id=6472, stack(0x0000000024460000,0x0000000024560000)]
  0x0000000019fa8800 JavaThread "Cache worker for Build Output Cleanup Cache (C:\Users\Asus\AndroidStudioProjects\FitnessApp\.gradle\buildOutputCleanup)" [_thread_blocked, id=10496, stack(0x0000000022fb0000,0x00000000230b0000)]
  0x0000000019fa4800 JavaThread "pool-1-thread-1" [_thread_blocked, id=15128, stack(0x0000000022c60000,0x0000000022d60000)]
  0x0000000019fa7000 JavaThread "Build operations Thread 8" [_thread_blocked, id=15020, stack(0x0000000023270000,0x0000000023370000)]
  0x000000001f2a9000 JavaThread "Build operations Thread 7" [_thread_blocked, id=15040, stack(0x0000000023170000,0x0000000023270000)]
  0x000000001f2a7800 JavaThread "Build operations Thread 6" [_thread_blocked, id=15028, stack(0x0000000023ad0000,0x0000000023bd0000)]
  0x000000001f2a6000 JavaThread "Build operations Thread 5" [_thread_blocked, id=15060, stack(0x00000000239d0000,0x0000000023ad0000)]
  0x000000001f2a5800 JavaThread "Build operations Thread 4" [_thread_blocked, id=14988, stack(0x00000000238d0000,0x00000000239d0000)]
  0x000000001f2aa000 JavaThread "Build operations Thread 3" [_thread_blocked, id=15056, stack(0x00000000237d0000,0x00000000238d0000)]
  0x000000001f2aa800 JavaThread "Build operations Thread 2" [_thread_blocked, id=14996, stack(0x00000000236d0000,0x00000000237d0000)]
  0x000000001f2a8800 JavaThread "Build operations" [_thread_blocked, id=14968, stack(0x00000000235d0000,0x00000000236d0000)]
  0x000000001b654800 JavaThread "Cache worker for execution history cache (C:\Users\Asus\.gradle\caches\6.1.1\executionHistory)" [_thread_blocked, id=15140, stack(0x0000000021390000,0x0000000021490000)]
  0x000000001b64f000 JavaThread "Cache worker for cache directory md-rule (C:\Users\Asus\.gradle\caches\6.1.1\md-rule)" [_thread_blocked, id=14980, stack(0x0000000021290000,0x0000000021390000)]
  0x000000001b652000 JavaThread "Cache worker for cache directory md-supplier (C:\Users\Asus\.gradle\caches\6.1.1\md-supplier)" [_thread_blocked, id=14952, stack(0x000000001fef0000,0x000000001fff0000)]
  0x000000001b64d800 JavaThread "Cache worker for file hash cache (C:\Users\Asus\AndroidStudioProjects\FitnessApp\.gradle\6.1.1\fileHashes)" [_thread_blocked, id=11672, stack(0x000000001fce0000,0x000000001fde0000)]
  0x000000001b651800 JavaThread "Cache worker for checksums cache (C:\Users\Asus\AndroidStudioProjects\FitnessApp\.gradle\checksums)" [_thread_blocked, id=9304, stack(0x000000001fdf0000,0x000000001fef0000)]
  0x000000001b653000 JavaThread "Cache worker for file hash cache (C:\Users\Asus\.gradle\caches\6.1.1\fileHashes)" [_thread_blocked, id=11648, stack(0x000000001d7b0000,0x000000001d8b0000)]
  0x000000001b650000 JavaThread "File lock request listener" [_thread_in_native, id=14108, stack(0x000000001d6b0000,0x000000001d7b0000)]
  0x0000000019b83000 JavaThread "Cache worker for journal cache (C:\Users\Asus\.gradle\caches\journal-1)" [_thread_blocked, id=8364, stack(0x000000001d5b0000,0x000000001d6b0000)]
  0x0000000019acf800 JavaThread "Thread-9" [_thread_blocked, id=9796, stack(0x000000001d2b0000,0x000000001d3b0000)]
  0x000000001998b000 JavaThread "Stdin handler" [_thread_blocked, id=14140, stack(0x000000001d1b0000,0x000000001d2b0000)]
  0x000000001998a800 JavaThread "Asynchronous log dispatcher for DefaultDaemonConnection: socket connection from /127.0.0.1:54294 to /127.0.0.1:54295" [_thread_blocked, id=14056, stack(0x000000001cfb0000,0x000000001d0b0000)]
  0x0000000019959000 JavaThread "Daemon worker" [_thread_blocked, id=3300, stack(0x000000001ceb0000,0x000000001cfb0000)]
  0x0000000019958800 JavaThread "Cancel handler" [_thread_blocked, id=10264, stack(0x000000001cdb0000,0x000000001ceb0000)]
  0x000000001b4bb800 JavaThread "Handler for socket connection from /127.0.0.1:54294 to /127.0.0.1:54295" [_thread_in_native, id=10828, stack(0x000000001cab0000,0x000000001cbb0000)]
  0x000000001b4b6800 JavaThread "Daemon" [_thread_blocked, id=12428, stack(0x000000001c9b0000,0x000000001cab0000)]
  0x000000001b451000 JavaThread "Daemon periodic checks" [_thread_blocked, id=14964, stack(0x000000001c8b0000,0x000000001c9b0000)]
  0x000000001b449800 JavaThread "Incoming local TCP Connector on port 54294" [_thread_in_native, id=13112, stack(0x000000001c670000,0x000000001c770000)]
  0x000000001b392000 JavaThread "Daemon health stats" [_thread_blocked, id=15048, stack(0x000000001c030000,0x000000001c130000)]
  0x0000000018a5d800 JavaThread "Service Thread" daemon [_thread_blocked, id=8252, stack(0x0000000019690000,0x0000000019790000)]
  0x00000000189db800 JavaThread "C1 CompilerThread3" daemon [_thread_blocked, id=7448, stack(0x0000000019590000,0x0000000019690000)]
  0x00000000189d7800 JavaThread "C2 CompilerThread2" daemon [_thread_in_native, id=13116, stack(0x0000000019490000,0x0000000019590000)]
=>0x00000000189c8800 JavaThread "C2 CompilerThread1" daemon [_thread_in_native, id=6448, stack(0x0000000019390000,0x0000000019490000)]
  0x00000000189c1000 JavaThread "C2 CompilerThread0" daemon [_thread_in_native, id=15016, stack(0x0000000019290000,0x0000000019390000)]
  0x00000000189c0000 JavaThread "Attach Listener" daemon [_thread_blocked, id=3736, stack(0x0000000019190000,0x0000000019290000)]
  0x00000000189bf000 JavaThread "Signal Dispatcher" daemon [_thread_blocked, id=15044, stack(0x0000000019090000,0x0000000019190000)]
  0x00000000189b0800 JavaThread "Finalizer" daemon [_thread_blocked, id=15084, stack(0x0000000018e90000,0x0000000018f90000)]
  0x0000000002dd8000 JavaThread "Reference Handler" daemon [_thread_blocked, id=6008, stack(0x0000000018d90000,0x0000000018e90000)]
  0x0000000002c4e000 JavaThread "main" [_thread_blocked, id=2208, stack(0x0000000002b20000,0x0000000002c20000)]

Other Threads:
  0x0000000016b96800 VMThread [stack: 0x0000000018890000,0x0000000018990000] [id=11752]
  0x0000000018a5e800 WatcherThread [stack: 0x0000000019790000,0x0000000019890000] [id=14772]

VM state:not at safepoint (normal execution)

VM Mutex/Monitor currently owned by a thread: None

heap address: 0x00000000a0000000, size: 1536 MB, Compressed Oops mode: 32-bit
Narrow klass base: 0x0000000000000000, Narrow klass shift: 3
Compressed class space size: 1073741824 Address: 0x0000000100000000

Heap:
 PSYoungGen      total 403968K, used 143540K [0x00000000e0000000, 0x00000000fc480000, 0x0000000100000000)
  eden space 374272K, 30% used [0x00000000e0000000,0x00000000e6f34cf0,0x00000000f6d80000)
  from space 29696K, 99% used [0x00000000f9380000,0x00000000fb078700,0x00000000fb080000)
  to   space 38912K, 0% used [0x00000000f6d80000,0x00000000f6d80000,0x00000000f9380000)
 ParOldGen       total 169984K, used 66613K [0x00000000a0000000, 0x00000000aa600000, 0x00000000e0000000)
  object space 169984K, 39% used [0x00000000a0000000,0x00000000a410d660,0x00000000aa600000)
 Metaspace       used 86548K, capacity 92286K, committed 92456K, reserved 1128448K
  class space    used 11864K, capacity 13056K, committed 13104K, reserved 1048576K

Card table byte_map: [0x00000000121a0000,0x00000000124b0000] byte_map_base: 0x0000000011ca0000

Marking Bits: (ParMarkBitMap*) 0x000000005d31f030
 Begin Bits: [0x0000000012eb0000, 0x00000000146b0000)
 End Bits:   [0x00000000146b0000, 0x0000000015eb0000)

Polling page: 0x00000000009f0000

CodeCache: size=245760Kb used=38604Kb max_used=38604Kb free=207155Kb
 bounds [0x0000000002de0000, 0x00000000053c0000, 0x0000000011de0000]
 total_blobs=12775 nmethods=11918 adapters=767
 compilation: enabled

Compilation events (10 events):
Event: 17.654 Thread 0x00000000189db800 nmethod 13812 0x000000000531fb10 code [0x000000000531fec0, 0x0000000005320db8]
Event: 17.654 Thread 0x00000000189db800 13814       2       com.android.tools.r8.u.b.W::b (74 bytes)
Event: 17.655 Thread 0x00000000189db800 nmethod 13814 0x0000000005321c50 code [0x0000000005321e40, 0x00000000053223e8]
Event: 17.656 Thread 0x00000000189db800 13815       2       com.android.tools.r8.u.b.W::a (159 bytes)
Event: 17.657 Thread 0x00000000189db800 nmethod 13815 0x00000000053227d0 code [0x0000000005322a00, 0x0000000005323168]
Event: 17.657 Thread 0x00000000189db800 13818       2       com.android.tools.r8.ir.regalloc.a::b (1367 bytes)
Event: 17.664 Thread 0x00000000189db800 nmethod 13818 0x0000000005323710 code [0x0000000005323f00, 0x00000000053267b8]
Event: 17.664 Thread 0x00000000189db800 13821       3       java.util.PriorityQueue::siftDownComparable (118 bytes)
Event: 17.665 Thread 0x00000000189db800 nmethod 13821 0x0000000005329810 code [0x00000000053299e0, 0x000000000532a3d8]
Event: 17.665 Thread 0x00000000189db800 13820       2       com.android.tools.r8.ir.optimize.l::r (1062 bytes)

GC Heap History (10 events):
Event: 9.317 GC heap before
{Heap before GC invocations=11 (full 2):
 PSYoungGen      total 282112K, used 113036K [0x00000000e0000000, 0x00000000f4680000, 0x0000000100000000)
  eden space 268288K, 36% used [0x00000000e0000000,0x00000000e60e5d30,0x00000000f0600000)
  from space 13824K, 99% used [0x00000000f3900000,0x00000000f467d680,0x00000000f4680000)
  to   space 19456K, 0% used [0x00000000f2080000,0x00000000f2080000,0x00000000f3380000)
 ParOldGen       total 111616K, used 26009K [0x00000000a0000000, 0x00000000a6d00000, 0x00000000e0000000)
  object space 111616K, 23% used [0x00000000a0000000,0x00000000a1966560,0x00000000a6d00000)
 Metaspace       used 56926K, capacity 59048K, committed 59160K, reserved 1099776K
  class space    used 7729K, capacity 8256K, committed 8368K, reserved 1048576K
Event: 9.338 GC heap after
Heap after GC invocations=11 (full 2):
 PSYoungGen      total 314880K, used 19429K [0x00000000e0000000, 0x00000000f6e00000, 0x0000000100000000)
  eden space 295424K, 0% used [0x00000000e0000000,0x00000000e0000000,0x00000000f2080000)
  from space 19456K, 99% used [0x00000000f2080000,0x00000000f3379788,0x00000000f3380000)
  to   space 23040K, 0% used [0x00000000f5780000,0x00000000f5780000,0x00000000f6e00000)
 ParOldGen       total 111616K, used 28740K [0x00000000a0000000, 0x00000000a6d00000, 0x00000000e0000000)
  object space 111616K, 25% used [0x00000000a0000000,0x00000000a1c11310,0x00000000a6d00000)
 Metaspace       used 56926K, capacity 59048K, committed 59160K, reserved 1099776K
  class space    used 7729K, capacity 8256K, committed 8368K, reserved 1048576K
}
Event: 9.338 GC heap before
{Heap before GC invocations=12 (full 3):
 PSYoungGen      total 314880K, used 19429K [0x00000000e0000000, 0x00000000f6e00000, 0x0000000100000000)
  eden space 295424K, 0% used [0x00000000e0000000,0x00000000e0000000,0x00000000f2080000)
  from space 19456K, 99% used [0x00000000f2080000,0x00000000f3379788,0x00000000f3380000)
  to   space 23040K, 0% used [0x00000000f5780000,0x00000000f5780000,0x00000000f6e00000)
 ParOldGen       total 111616K, used 28740K [0x00000000a0000000, 0x00000000a6d00000, 0x00000000e0000000)
  object space 111616K, 25% used [0x00000000a0000000,0x00000000a1c11310,0x00000000a6d00000)
 Metaspace       used 56926K, capacity 59048K, committed 59160K, reserved 1099776K
  class space    used 7729K, capacity 8256K, committed 8368K, reserved 1048576K
Event: 9.583 GC heap after
Heap after GC invocations=12 (full 3):
 PSYoungGen      total 314880K, used 0K [0x00000000e0000000, 0x00000000f6e00000, 0x0000000100000000)
  eden space 295424K, 0% used [0x00000000e0000000,0x00000000e0000000,0x00000000f2080000)
  from space 19456K, 0% used [0x00000000f2080000,0x00000000f2080000,0x00000000f3380000)
  to   space 23040K, 0% used [0x00000000f5780000,0x00000000f5780000,0x00000000f6e00000)
 ParOldGen       total 169984K, used 34661K [0x00000000a0000000, 0x00000000aa600000, 0x00000000e0000000)
  object space 169984K, 20% used [0x00000000a0000000,0x00000000a21d9718,0x00000000aa600000)
 Metaspace       used 56901K, capacity 58964K, committed 59160K, reserved 1099776K
  class space    used 7722K, capacity 8242K, committed 8368K, reserved 1048576K
}
Event: 11.844 GC heap before
{Heap before GC invocations=13 (full 3):
 PSYoungGen      total 314880K, used 295424K [0x00000000e0000000, 0x00000000f6e00000, 0x0000000100000000)
  eden space 295424K, 100% used [0x00000000e0000000,0x00000000f2080000,0x00000000f2080000)
  from space 19456K, 0% used [0x00000000f2080000,0x00000000f2080000,0x00000000f3380000)
  to   space 23040K, 0% used [0x00000000f5780000,0x00000000f5780000,0x00000000f6e00000)
 ParOldGen       total 169984K, used 34661K [0x00000000a0000000, 0x00000000aa600000, 0x00000000e0000000)
  object space 169984K, 20% used [0x00000000a0000000,0x00000000a21d9718,0x00000000aa600000)
 Metaspace       used 64314K, capacity 67822K, committed 67880K, reserved 1107968K
  class space    used 8806K, capacity 9519K, committed 9520K, reserved 1048576K
Event: 11.864 GC heap after
Heap after GC invocations=13 (full 3):
 PSYoungGen      total 348672K, used 23009K [0x00000000e0000000, 0x00000000f8780000, 0x0000000100000000)
  eden space 325632K, 0% used [0x00000000e0000000,0x00000000e0000000,0x00000000f3e00000)
  from space 23040K, 99% used [0x00000000f5780000,0x00000000f6df8588,0x00000000f6e00000)
  to   space 26112K, 0% used [0x00000000f3e00000,0x00000000f3e00000,0x00000000f5780000)
 ParOldGen       total 169984K, used 34980K [0x00000000a0000000, 0x00000000aa600000, 0x00000000e0000000)
  object space 169984K, 20% used [0x00000000a0000000,0x00000000a22292e8,0x00000000aa600000)
 Metaspace       used 64314K, capacity 67822K, committed 67880K, reserved 1107968K
  class space    used 8806K, capacity 9519K, committed 9520K, reserved 1048576K
}
Event: 15.110 GC heap before
{Heap before GC invocations=14 (full 3):
 PSYoungGen      total 348672K, used 348641K [0x00000000e0000000, 0x00000000f8780000, 0x0000000100000000)
  eden space 325632K, 100% used [0x00000000e0000000,0x00000000f3e00000,0x00000000f3e00000)
  from space 23040K, 99% used [0x00000000f5780000,0x00000000f6df8588,0x00000000f6e00000)
  to   space 26112K, 0% used [0x00000000f3e00000,0x00000000f3e00000,0x00000000f5780000)
 ParOldGen       total 169984K, used 34980K [0x00000000a0000000, 0x00000000aa600000, 0x00000000e0000000)
  object space 169984K, 20% used [0x00000000a0000000,0x00000000a22292e8,0x00000000aa600000)
 Metaspace       used 76049K, capacity 79924K, committed 80168K, reserved 1118208K
  class space    used 10221K, capacity 11009K, committed 11056K, reserved 1048576K
Event: 15.167 GC heap after
Heap after GC invocations=14 (full 3):
 PSYoungGen      total 351744K, used 25204K [0x00000000e0000000, 0x00000000fb080000, 0x0000000100000000)
  eden space 325632K, 0% used [0x00000000e0000000,0x00000000e0000000,0x00000000f3e00000)
  from space 26112K, 96% used [0x00000000f3e00000,0x00000000f569d1b0,0x00000000f5780000)
  to   space 29696K, 0% used [0x00000000f9380000,0x00000000f9380000,0x00000000fb080000)
 ParOldGen       total 169984K, used 53035K [0x00000000a0000000, 0x00000000aa600000, 0x00000000e0000000)
  object space 169984K, 31% used [0x00000000a0000000,0x00000000a33caf58,0x00000000aa600000)
 Metaspace       used 76049K, capacity 79924K, committed 80168K, reserved 1118208K
  class space    used 10221K, capacity 11009K, committed 11056K, reserved 1048576K
}
Event: 17.223 GC heap before
{Heap before GC invocations=15 (full 3):
 PSYoungGen      total 351744K, used 350836K [0x00000000e0000000, 0x00000000fb080000, 0x0000000100000000)
  eden space 325632K, 100% used [0x00000000e0000000,0x00000000f3e00000,0x00000000f3e00000)
  from space 26112K, 96% used [0x00000000f3e00000,0x00000000f569d1b0,0x00000000f5780000)
  to   space 29696K, 0% used [0x00000000f9380000,0x00000000f9380000,0x00000000fb080000)
 ParOldGen       total 169984K, used 53035K [0x00000000a0000000, 0x00000000aa600000, 0x00000000e0000000)
  object space 169984K, 31% used [0x00000000a0000000,0x00000000a33caf58,0x00000000aa600000)
 Metaspace       used 85792K, capacity 91394K, committed 91560K, reserved 1128448K
  class space    used 11780K, capacity 12954K, committed 12976K, reserved 1048576K
Event: 17.269 GC heap after
Heap after GC invocations=15 (full 3):
 PSYoungGen      total 403968K, used 29665K [0x00000000e0000000, 0x00000000fc480000, 0x0000000100000000)
  eden space 374272K, 0% used [0x00000000e0000000,0x00000000e0000000,0x00000000f6d80000)
  from space 29696K, 99% used [0x00000000f9380000,0x00000000fb078700,0x00000000fb080000)
  to   space 38912K, 0% used [0x00000000f6d80000,0x00000000f6d80000,0x00000000f9380000)
 ParOldGen       total 169984K, used 66613K [0x00000000a0000000, 0x00000000aa600000, 0x00000000e0000000)
  object space 169984K, 39% used [0x00000000a0000000,0x00000000a410d660,0x00000000aa600000)
 Metaspace       used 85792K, capacity 91394K, committed 91560K, reserved 1128448K
  class space    used 11780K, capacity 12954K, committed 12976K, reserved 1048576K
}

Deoptimization events (10 events):
Event: 16.989 Thread 0x0000000020850800 Uncommon trap: reason=unstable_if action=reinterpret pc=0x00000000050250e0 method=com.android.tools.r8.s.a.a.b.t0.b(I[Ljava/lang/Object;)Lcom/android/tools/r8/s/a/a/b/t0; @ 113
Event: 16.990 Thread 0x000000002084e000 Uncommon trap: reason=unstable_if action=reinterpret pc=0x0000000005011068 method=com.android.tools.r8.u.b.n.b(ILcom/android/tools/r8/u/b/n$c;)Lcom/android/tools/r8/u/b/m1; @ 4
Event: 17.032 Thread 0x000000002084f800 Uncommon trap: reason=unstable_if action=reinterpret pc=0x0000000003ba3de0 method=com.android.tools.r8.B.a.a.f.a(II[C)Ljava/lang/String; @ 59
Event: 17.032 Thread 0x000000002084f800 Uncommon trap: reason=unstable_if action=reinterpret pc=0x00000000047a5914 method=com.android.tools.r8.graph.e0.a(C)I @ 16
Event: 17.205 Thread 0x000000002084e000 Uncommon trap: reason=class_check action=maybe_recompile pc=0x000000000516429c method=com.android.tools.r8.u.b.t.size()I @ 42
Event: 17.205 Thread 0x000000002084e000 Uncommon trap: reason=class_check action=maybe_recompile pc=0x000000000516429c method=com.android.tools.r8.u.b.t.size()I @ 42
Event: 17.205 Thread 0x000000002084e000 Uncommon trap: reason=class_check action=maybe_recompile pc=0x000000000516429c method=com.android.tools.r8.u.b.t.size()I @ 42
Event: 17.205 Thread 0x000000002084e000 Uncommon trap: reason=class_check action=maybe_recompile pc=0x000000000516429c method=com.android.tools.r8.u.b.t.size()I @ 42
Event: 17.470 Thread 0x0000000020850800 Uncommon trap: reason=unstable_if action=reinterpret pc=0x0000000004f87ac4 method=com.android.tools.r8.B.a.a.f.<init>([BIZ)V @ 362
Event: 17.470 Thread 0x0000000020850800 Uncommon trap: reason=unloaded action=reinterpret pc=0x0000000004f99598 method=com.android.tools.r8.B.a.a.f.b(I[C)Ljava/lang/Object; @ 335

Classes redefined (0 events):
No events

Internal exceptions (10 events):
Event: 16.055 Thread 0x0000000020850800 Exception <a 'sun/nio/fs/WindowsException'> (0x00000000e87b4668) thrown at [C:\src\AOSP-openjdk-git\hotspot\src\share\vm\prims\jni.cpp, line 710]
Event: 16.057 Thread 0x000000002084f800 Exception <a 'sun/nio/fs/WindowsException'> (0x00000000e8ba28a0) thrown at [C:\src\AOSP-openjdk-git\hotspot\src\share\vm\prims\jni.cpp, line 710]
Event: 16.063 Thread 0x000000002084e000 Exception <a 'sun/nio/fs/WindowsException'> (0x00000000e8f6a7e0) thrown at [C:\src\AOSP-openjdk-git\hotspot\src\share\vm\prims\jni.cpp, line 710]
Event: 16.072 Thread 0x0000000020849800 Exception <a 'sun/nio/fs/WindowsException'> (0x00000000e9394730) thrown at [C:\src\AOSP-openjdk-git\hotspot\src\share\vm\prims\jni.cpp, line 710]
Event: 16.569 Thread 0x0000000020853000 Exception <a 'java/lang/NoSuchMethodError': java.lang.Object.lambda$maxBy$1(Ljava/util/Comparator;Ljava/lang/Object;Ljava/lang/Object;)Ljava/lang/Object;> (0x00000000ed7d38e8) thrown at [C:\src\AOSP-openjdk-git\hotspot\src\share\vm\interpreter\linkResolve
Event: 16.569 Thread 0x0000000020850800 Exception <a 'java/lang/NoSuchMethodError': java.lang.Object.lambda$maxBy$1(Ljava/util/Comparator;Ljava/lang/Object;Ljava/lang/Object;)Ljava/lang/Object;> (0x00000000ed9511c8) thrown at [C:\src\AOSP-openjdk-git\hotspot\src\share\vm\interpreter\linkResolve
Event: 16.569 Thread 0x0000000020853800 Exception <a 'java/lang/NoSuchMethodError': java.lang.Object.lambda$maxBy$1(Ljava/util/Comparator;Ljava/lang/Object;Ljava/lang/Object;)Ljava/lang/Object;> (0x00000000ed8a6160) thrown at [C:\src\AOSP-openjdk-git\hotspot\src\share\vm\interpreter\linkResolve
Event: 16.569 Thread 0x0000000020851800 Exception <a 'java/lang/NoSuchMethodError': java.lang.Object.lambda$maxBy$1(Ljava/util/Comparator;Ljava/lang/Object;Ljava/lang/Object;)Ljava/lang/Object;> (0x00000000ed91cb78) thrown at [C:\src\AOSP-openjdk-git\hotspot\src\share\vm\interpreter\linkResolve
Event: 16.569 Thread 0x000000002084e000 Exception <a 'java/lang/NoSuchMethodError': java.lang.Object.lambda$maxBy$1(Ljava/util/Comparator;Ljava/lang/Object;Ljava/lang/Object;)Ljava/lang/Object;> (0x00000000ed8ba1c0) thrown at [C:\src\AOSP-openjdk-git\hotspot\src\share\vm\interpreter\linkResolve
Event: 16.569 Thread 0x0000000020852000 Exception <a 'java/lang/NoSuchMethodError': java.lang.Object.lambda$maxBy$1(Ljava/util/Comparator;Ljava/lang/Object;Ljava/lang/Object;)Ljava/lang/Object;> (0x00000000ed998f18) thrown at [C:\src\AOSP-openjdk-git\hotspot\src\share\vm\interpreter\linkResolve

Events (10 events):
Event: 17.617 loading class com/android/tools/r8/graph/B$a
Event: 17.617 loading class com/android/tools/r8/graph/B$a done
Event: 17.618 loading class com/android/tools/r8/v/a/a/a/h/M0
Event: 17.618 loading class com/android/tools/r8/v/a/a/a/h/M0 done
Event: 17.632 loading class com/android/tools/r8/v/a/a/a/g/q
Event: 17.632 loading class com/android/tools/r8/v/a/a/a/g/q done
Event: 17.641 loading class com/android/tools/r8/s/a/a/d/e
Event: 17.641 loading class com/android/tools/r8/s/a/a/d/e done
Event: 17.670 loading class com/android/tools/r8/code/S3
Event: 17.670 loading class com/android/tools/r8/code/S3 done


Dynamic libraries:
0x00007ff7748f0000 - 0x00007ff774921000 	C:\Program Files\Android\Android Studio\jre\bin\java.exe
0x00007ffa162a0000 - 0x00007ffa16490000 	C:\WINDOWS\SYSTEM32\ntdll.dll
0x00007ffa15dc0000 - 0x00007ffa15e72000 	C:\WINDOWS\System32\KERNEL32.DLL
0x00007ffa13c20000 - 0x00007ffa13ec4000 	C:\WINDOWS\System32\KERNELBASE.dll
0x00007ffa15bc0000 - 0x00007ffa15c63000 	C:\WINDOWS\System32\ADVAPI32.dll
0x00007ffa15c70000 - 0x00007ffa15d0e000 	C:\WINDOWS\System32\msvcrt.dll
0x00007ffa14880000 - 0x00007ffa14917000 	C:\WINDOWS\System32\sechost.dll
0x00007ffa15630000 - 0x00007ffa15750000 	C:\WINDOWS\System32\RPCRT4.dll
0x00007ffa15fe0000 - 0x00007ffa16174000 	C:\WINDOWS\System32\USER32.dll
0x00007ffa13250000 - 0x00007ffa13271000 	C:\WINDOWS\System32\win32u.dll
0x00007ffa14780000 - 0x00007ffa147a6000 	C:\WINDOWS\System32\GDI32.dll
0x00007ffa13280000 - 0x00007ffa13415000 	C:\WINDOWS\System32\gdi32full.dll
0x00007ffa13f20000 - 0x00007ffa13fbe000 	C:\WINDOWS\System32\msvcp_win.dll
0x00007ffa13fc0000 - 0x00007ffa140ba000 	C:\WINDOWS\System32\ucrtbase.dll
0x00007ffa01310000 - 0x00007ffa01594000 	C:\WINDOWS\WinSxS\amd64_microsoft.windows.common-controls_6595b64144ccf1df_6.0.18362.900_none_e6beb9d913147d17\COMCTL32.dll
0x00007ffa14440000 - 0x00007ffa14775000 	C:\WINDOWS\System32\combase.dll
0x00007ffa13420000 - 0x00007ffa134a0000 	C:\WINDOWS\System32\bcryptPrimitives.dll
0x00007ffa14410000 - 0x00007ffa1443e000 	C:\WINDOWS\System32\IMM32.DLL
0x000000005e670000 - 0x000000005e742000 	C:\Program Files\Android\Android Studio\jre\jre\bin\msvcr100.dll
0x000000005cb50000 - 0x000000005d39b000 	C:\Program Files\Android\Android Studio\jre\jre\bin\server\jvm.dll
0x00007ffa15d90000 - 0x00007ffa15d98000 	C:\WINDOWS\System32\PSAPI.DLL
0x00007ffa0d6e0000 - 0x00007ffa0d6e9000 	C:\WINDOWS\SYSTEM32\WSOCK32.dll
0x00007ffa0d500000 - 0x00007ffa0d50a000 	C:\WINDOWS\SYSTEM32\VERSION.dll
0x00007ffa0cfc0000 - 0x00007ffa0cfe4000 	C:\WINDOWS\SYSTEM32\WINMM.dll
0x00007ffa15280000 - 0x00007ffa152ef000 	C:\WINDOWS\System32\WS2_32.dll
0x00007ffa0cf90000 - 0x00007ffa0cfbd000 	C:\WINDOWS\SYSTEM32\winmmbase.dll
0x00007ffa13ed0000 - 0x00007ffa13f1a000 	C:\WINDOWS\System32\cfgmgr32.dll
0x00007ffa0ce50000 - 0x00007ffa0ce5f000 	C:\Program Files\Android\Android Studio\jre\jre\bin\verify.dll
0x00007ffa07c00000 - 0x00007ffa07c29000 	C:\Program Files\Android\Android Studio\jre\jre\bin\java.dll
0x00007ffa07b80000 - 0x00007ffa07b96000 	C:\Program Files\Android\Android Studio\jre\jre\bin\zip.dll
0x00007ffa14930000 - 0x00007ffa15016000 	C:\WINDOWS\System32\SHELL32.dll
0x00007ffa14350000 - 0x00007ffa143f9000 	C:\WINDOWS\System32\shcore.dll
0x00007ffa134a0000 - 0x00007ffa13c20000 	C:\WINDOWS\System32\windows.storage.dll
0x00007ffa131e0000 - 0x00007ffa13203000 	C:\WINDOWS\System32\profapi.dll
0x00007ffa13190000 - 0x00007ffa131da000 	C:\WINDOWS\System32\powrprof.dll
0x00007ffa13160000 - 0x00007ffa13170000 	C:\WINDOWS\System32\UMPDC.dll
0x00007ffa16180000 - 0x00007ffa161d2000 	C:\WINDOWS\System32\shlwapi.dll
0x00007ffa13210000 - 0x00007ffa13221000 	C:\WINDOWS\System32\kernel.appcore.dll
0x00007ffa13230000 - 0x00007ffa13247000 	C:\WINDOWS\System32\cryptsp.dll
0x00007ffa07b60000 - 0x00007ffa07b7a000 	C:\Program Files\Android\Android Studio\jre\jre\bin\net.dll
0x00007ffa129d0000 - 0x00007ffa12a37000 	C:\WINDOWS\system32\mswsock.dll
0x00007ffa07b40000 - 0x00007ffa07b53000 	C:\Program Files\Android\Android Studio\jre\jre\bin\nio.dll
0x00007ff9de440000 - 0x00007ff9de466000 	C:\Users\Asus\.gradle\native\31\windows-amd64\native-platform.dll
0x00007ffa0ce40000 - 0x00007ffa0ce4d000 	C:\Program Files\Android\Android Studio\jre\jre\bin\management.dll
0x00007ffa12540000 - 0x00007ffa12573000 	C:\WINDOWS\system32\rsaenh.dll
0x00007ffa142c0000 - 0x00007ffa142e6000 	C:\WINDOWS\System32\bcrypt.dll
0x00007ffa13080000 - 0x00007ffa130a5000 	C:\WINDOWS\SYSTEM32\USERENV.dll
0x00007ffa12ba0000 - 0x00007ffa12bac000 	C:\WINDOWS\SYSTEM32\CRYPTBASE.dll
0x00007ffa126e0000 - 0x00007ffa1271a000 	C:\WINDOWS\SYSTEM32\IPHLPAPI.DLL
0x00007ffa14920000 - 0x00007ffa14928000 	C:\WINDOWS\System32\NSI.dll
0x00007ffa0ab40000 - 0x00007ffa0ab56000 	C:\WINDOWS\SYSTEM32\dhcpcsvc6.DLL
0x00007ffa0b440000 - 0x00007ffa0b45c000 	C:\WINDOWS\SYSTEM32\dhcpcsvc.DLL
0x00007ffa12730000 - 0x00007ffa127fb000 	C:\WINDOWS\SYSTEM32\DNSAPI.dll
0x00007ffa11930000 - 0x00007ffa11b24000 	C:\WINDOWS\SYSTEM32\dbghelp.dll

VM Arguments:
jvm_args: -Xmx1536m -Dfile.encoding=windows-1252 -Duser.country=IN -Duser.language=en -Duser.variant 
java_command: org.gradle.launcher.daemon.bootstrap.GradleDaemon 6.1.1
java_class_path (initial): C:\Users\Asus\.gradle\wrapper\dists\gradle-6.1.1-all\cfmwm155h49vnt3hynmlrsdst\gradle-6.1.1\lib\gradle-launcher-6.1.1.jar
Launcher Type: SUN_STANDARD

Environment Variables:
PATH=C:\ProgramData\Oracle\Java\javapath;C:\app\Asus\product\11.2.0\dbhome_1\bin;C:\Program Files (x86)\Intel\Intel(R) Management Engine Components\iCLS\;C:\Program Files\Intel\Intel(R) Management Engine Components\iCLS\;C:\Windows\system32;C:\Windows;C:\Windows\System32\Wbem;C:\Windows\System32\WindowsPowerShell\v1.0\;C:\Windows\System32\OpenSSH\;C:\Program Files (x86)\Intel\Intel(R) Management Engine Components\DAL;C:\Program Files\Intel\Intel(R) Management Engine Components\DAL;C:\Program Files (x86)\Intel\Intel(R) Management Engine Components\IPT;C:\Program Files\Intel\Intel(R) Management Engine Components\IPT;C:\Program Files (x86)\NVIDIA Corporation\PhysX\Common;C:\Program Files\Intel\WiFi\bin\;C:\Program Files\Common Files\Intel\WirelessCommon\;C:\Program Files\Git\cmd;C:\Program Files\PuTTY\;C:\Program Files\Java\jdk1.8.0_121\bin;C:\WINDOWS\system32;C:\WINDOWS;C:\WINDOWS\System32\Wbem;C:\WINDOWS\System32\WindowsPowerShell\v1.0\;C:\WINDOWS\System32\OpenSSH\;C:\Python27;C:\xampp\php;C:\ProgramData\ComposerSetup\bin;C:\src\flutter\bin;C:\Program Files\MATLAB\R2020a\bin;C:\Program Files (x86)\mingw-w64\i686-8.1.0-posix-dwarf-rt_v6-rev0\mingw32\bin;C:\Users\Asus\AppData\Local\Programs\Microsoft VS Code\bin;C:\Users\Asus\AppData\Local\Microsoft\WindowsApps;C:\Users\Asus\AppData\Local\Programs\Python\Python37;C:\Users\Asus\AppData\Roaming\Composer\vendor\bin;C:\Users\Asus\AppData\Local\GitHubDesktop\bin
USERNAME=newguest
OS=Windows_NT
PROCESSOR_IDENTIFIER=Intel64 Family 6 Model 142 Stepping 10, GenuineIntel



---------------  S Y S T E M  ---------------

OS: Windows 10.0 , 64 bit Build 18362 (10.0.18362.900)

CPU:total 8 (initial active 8) (4 cores per cpu, 2 threads per core) family 6 model 142 stepping 10, cmov, cx8, fxsr, mmx, sse, sse2, sse3, ssse3, sse4.1, sse4.2, popcnt, avx, avx2, aes, clmul, erms, 3dnowpref, lzcnt, ht, tsc, tscinvbit, bmi1, bmi2, adx

Memory: 4k page, physical 12458036k(4083612k free), swap 19798068k(9654992k free)

vm_info: OpenJDK 64-Bit Server VM (25.242-b01) for windows-amd64 JRE (1.8.0_242-release-1644-b01), built by "builder" with MS VC++ 10.0 (VS2010)

time: Sat Jul 11 16:06:45 2020
timezone: India Standard Time
elapsed time: 17 seconds (0d 0h 0m 17s)

